2023-03-18T09:23:00.764Z - info: [ui] [AppStore] loading 0 repositories from store
2023-03-18T09:23:00.815Z - info: [ui] [Welcome] no sign in step found. ignoring...
2023-03-18T09:23:00.829Z - info: [ui] [Welcome] no sign in step found. ignoring...
2023-03-18T09:23:00.835Z - info: [ui] launching: 3.2.0-linux1 (Linux 6.2.2-zen2-1-zen)
2023-03-18T09:23:00.836Z - info: [ui] execPath: '/opt/github-desktop/github-desktop'
2023-03-18T09:23:00.955Z - info: [ui] [Welcome] no sign in step found. ignoring...
2023-03-18T09:23:01.098Z - info: [ui] Opt in reported.
2023-03-18T09:23:03.161Z - info: [ui] [Welcome] advancing to step: SignInToDotComWithBrowser
2023-03-18T09:23:03.163Z - info: [ui] [SignInStore] initializing OAuth flow
2023-03-18T09:23:03.168Z - info: [main] opening in browser: https://github.com/login/oauth/authorize?client_id=3a723b10ac5575cc5bb9&scope=repo%20user%20workflow&state=d3de5c18-5e36-4c01-aafa-9eba5da6fe98
2023-03-18T09:23:03.169Z - info: [ui] [Welcome] current sign in state not found. ignoring...
2023-03-18T09:23:03.771Z - info: [ui] [Welcome] kind Authentication is the same as Authentication. ignoring...
2023-03-18T09:23:11.304Z - info: [main] Received possible protocol arguments: 3
2023-03-18T09:23:11.304Z - info: [main] Processing protocol url
2023-03-18T09:23:11.310Z - info: [ui] [Dispatcher] requesting authenticated user
2023-03-18T09:23:11.311Z - info: [ui] [Welcome] kind Authentication is the same as Authentication. ignoring...
2023-03-18T09:23:11.359Z - info: [main] Received possible protocol arguments: 2
2023-03-18T09:23:11.361Z - info: [main] Processing protocol url
2023-03-18T09:23:12.124Z - info: [ui] [SignInStore] account resolved
2023-03-18T09:23:12.124Z - info: [ui] [AppStore] adding account hamburgerghini1 (hamburgerghini1) to store
2023-03-18T09:23:12.128Z - info: [ui] [Welcome] advancing to step: ConfigureGit
2023-03-18T09:23:12.156Z - info: [ui] [Welcome] no sign in step found. ignoring...
2023-03-18T09:23:21.283Z - info: [ui] [Welcome] no sign in step found. ignoring...
2023-03-18T09:23:21.598Z - info: [ui] Subscribed 'hamburgerghini1' to Alive channel
2023-03-18T09:23:22.102Z - info: [ui] [Welcome] no sign in step found. ignoring...
2023-03-18T09:23:23.191Z - info: [ui] [Welcome] no sign in step found. ignoring...
2023-03-18T09:23:23.209Z - info: [ui] [Welcome] no sign in step found. ignoring...
2023-03-18T09:23:41.987Z - info: [ui] [AppStore] adding repository at /home/tommi/Asiakirjat/GitHub/sway_config to store
2023-03-18T09:26:23.160Z - info: [ui] [RepositoryIndicatorUpdater]: Refreshing sidebar indicators for 1 repositories took 0.1s of which 0.0s paused, total 0.1s
2023-03-18T09:31:31.740Z - info: [ui] [Timing] Action 'create commit' for 'sway_config' took 0.072s
2023-03-18T09:31:39.049Z - info: [ui] Executing push: git -c credential.helper= push origin main --set-upstream --progress (took 1.287s)
2023-03-18T09:31:40.741Z - info: [ui] [BranchPruner] No branches to prune.
2023-03-18T09:31:43.178Z - info: [ui] [AppStore.withAuthenticatingUser] account found for repository: sway_config - hamburgerghini1 (has token)
2023-03-18T12:51:59.323Z - info: [ui] [AppStore] loading 1 repositories from store
2023-03-18T12:51:59.332Z - info: [ui] [AppStore] found account: hamburgerghini1 (hamburgerghini1)
2023-03-18T12:51:59.380Z - info: [ui] [BranchPruner] Last prune took place 3 hours ago - skipping
2023-03-18T12:51:59.647Z - info: [ui] launching: 3.2.0-linux1 (Linux 6.2.6-zen1-1-zen)
2023-03-18T12:51:59.647Z - info: [ui] execPath: '/opt/github-desktop/github-desktop'
2023-03-18T12:51:59.786Z - info: [ui] Subscribed 'hamburgerghini1' to Alive channel
2023-03-18T12:52:00.002Z - info: [ui] Stats reported.
2023-03-18T12:53:54.173Z - info: [ui] [Timing] Action 'create commit' for 'hamburgerghini1/sway_config' took 0.059s
2023-03-18T12:53:55.949Z - info: [ui] [AppStore.withAuthenticatingUser] account found for repository: sway_config - hamburgerghini1 (has token)
2023-03-18T14:00:23.455Z - info: [ui] [AppStore] loading 1 repositories from store
2023-03-18T14:00:23.459Z - info: [ui] [AppStore] found account: hamburgerghini1 (hamburgerghini1)
2023-03-18T14:00:23.497Z - info: [ui] [BranchPruner] Last prune took place 4 hours ago - skipping
2023-03-18T14:00:23.721Z - info: [ui] launching: 3.2.0-linux1 (Linux 6.2.6-zen1-1-zen)
2023-03-18T14:00:23.721Z - info: [ui] execPath: '/opt/github-desktop/github-desktop'
2023-03-18T14:00:23.905Z - info: [ui] Subscribed 'hamburgerghini1' to Alive channel
2023-03-18T14:02:00.654Z - info: [ui] [Timing] Action 'create commit' for 'hamburgerghini1/sway_config' took 1.326s
2023-03-18T14:02:24.836Z - info: [ui] Executing updateIndex: git update-index --add --remove --replace -z --stdin (took 13.041s)
2023-03-18T14:02:26.379Z - info: [ui] Executing createCommit: git commit -F - (took 1.531s)
2023-03-18T14:02:26.445Z - info: [ui] [Timing] Action 'create commit' for 'hamburgerghini1/sway_config' took 14.814s
2023-03-18T14:02:41.618Z - info: [ui] [AppStore.withAuthenticatingUser] account found for repository: sway_config - hamburgerghini1 (has token)
2023-03-18T14:03:06.287Z - info: [ui] Executing push: git -c credential.helper= push origin main:main --progress (took 24.662s)
