2023-06-23T09:49:06.469Z - info: [ui] [AppStore] loading 0 repositories from store
2023-06-23T09:49:06.570Z - info: [ui] [Welcome] no sign in step found. ignoring...
2023-06-23T09:49:06.573Z - info: [ui] launching: 3.2.1-linux1 (Linux 6.3.9-arch1-1)
2023-06-23T09:49:06.574Z - info: [ui] execPath: '/opt/github-desktop/github-desktop'
2023-06-23T09:49:06.607Z - info: [ui] [Welcome] no sign in step found. ignoring...
2023-06-23T09:49:06.750Z - info: [ui] [Welcome] no sign in step found. ignoring...
2023-06-23T09:49:06.800Z - info: [ui] Opt in reported.
2023-06-23T09:49:07.872Z - info: [ui] [Welcome] no sign in step found. ignoring...
2023-06-23T09:49:08.880Z - info: [ui] [Welcome] advancing to step: SignInToDotComWithBrowser
2023-06-23T09:49:08.885Z - info: [ui] [SignInStore] initializing OAuth flow
2023-06-23T09:49:08.885Z - info: [main] opening in browser: https://github.com/login/oauth/authorize?client_id=3a723b10ac5575cc5bb9&scope=repo%20user%20workflow&state=53492a51-0c41-4a9e-a305-f62caffa4f17
2023-06-23T09:49:08.885Z - info: [ui] [Welcome] current sign in state not found. ignoring...
2023-06-23T09:49:09.658Z - info: [ui] [Welcome] kind Authentication is the same as Authentication. ignoring...
2023-06-23T09:49:11.982Z - info: [main] Received possible protocol arguments: 4
2023-06-23T09:49:11.982Z - info: [main] Processing protocol url
2023-06-23T09:49:11.983Z - info: [ui] [Dispatcher] requesting authenticated user
2023-06-23T09:49:11.992Z - info: [ui] [Welcome] kind Authentication is the same as Authentication. ignoring...
2023-06-23T09:49:12.081Z - info: [main] Received possible protocol arguments: 2
2023-06-23T09:49:12.083Z - info: [main] Processing protocol url
2023-06-23T09:49:12.781Z - info: [ui] [SignInStore] account resolved
2023-06-23T09:49:12.781Z - info: [ui] [AppStore] adding account hamburgerghini1 (hamburgerghini1) to store
2023-06-23T09:49:12.792Z - info: [ui] [Welcome] advancing to step: ConfigureGit
2023-06-23T09:49:12.820Z - info: [ui] [Welcome] no sign in step found. ignoring...
2023-06-23T09:49:13.199Z - info: [ui] Subscribed 'hamburgerghini1' to Alive channel
2023-06-23T09:49:13.761Z - info: [ui] [Welcome] no sign in step found. ignoring...
2023-06-23T09:49:48.992Z - info: [ui] [AppStore] adding repository at /home/tommi/Documents/GitHub/xerolinux-2023 to store
2023-06-23T09:51:53.047Z - info: [ui] [RepositoryIndicatorUpdater]: Refreshing sidebar indicators for 1 repositories took 0.5s of which 0.0s paused, total 0.5s
2023-06-23T09:53:22.830Z - info: [ui] [Timing] Action 'create commit' for 'xerolinux-2023' took 0.373s
2023-06-23T09:53:40.399Z - info: [ui] Executing push: git -c credential.helper= push origin main --set-upstream --progress (took 1.697s)
2023-06-23T09:53:42.123Z - info: [ui] [BranchPruner] No branches to prune.
