2023-04-20T09:27:53.079Z - info: [ui] [AppStore] loading 1 repositories from store
2023-04-20T09:27:53.084Z - info: [ui] [AppStore] found account: hamburgerghini1 (hamburgerghini1)
2023-04-20T09:27:53.114Z - info: [ui] [BranchPruner] Last prune took place 22 hours ago - skipping
2023-04-20T09:27:53.211Z - info: [ui] launching: 3.2.1-linux1 (Linux 6.2.11-zen1-1-zen)
2023-04-20T09:27:53.212Z - info: [ui] execPath: '/opt/github-desktop/github-desktop'
2023-04-20T09:27:53.482Z - info: [ui] Subscribed 'hamburgerghini1' to Alive channel
2023-04-20T09:27:58.612Z - info: [ui] Executing getChangesFiles: git log 05c60eeeb49608cf371c68c656c966807e62cb53 -C -M -m -1 --no-show-signature --first-parent --raw --format=format: --numstat -z -- (took 2.745s)
2023-04-20T09:28:37.634Z - info: [ui] Executing unstageAll: git reset -- . (took 3.231s)
2023-04-20T09:28:41.507Z - info: [ui] Executing updateIndex: git update-index --add --remove --replace -z --stdin (took 3.872s)
2023-04-20T09:28:41.935Z - info: [ui] [Timing] Action 'create commit' for 'hamburgerghini1/sway_config' took 7.705s
2023-04-20T09:28:44.166Z - info: [ui] [AppStore.withAuthenticatingUser] account found for repository: sway_config - hamburgerghini1 (has token)
2023-04-20T09:28:53.145Z - info: [ui] Executing push: git -c credential.helper= push origin main:main --progress (took 8.972s)
2023-04-20T10:53:37.993Z - info: [ui] [AppStore] loading 1 repositories from store
2023-04-20T10:53:37.995Z - info: [ui] [AppStore] found account: hamburgerghini1 (hamburgerghini1)
2023-04-20T10:53:38.023Z - info: [ui] [BranchPruner] Last prune took place yesterday - skipping
2023-04-20T10:53:38.108Z - info: [ui] launching: 3.2.1-linux1 (Linux 6.2.11-zen1-1-zen)
2023-04-20T10:53:38.108Z - info: [ui] execPath: '/opt/github-desktop/github-desktop'
2023-04-20T10:53:38.429Z - info: [ui] Subscribed 'hamburgerghini1' to Alive channel
2023-04-20T10:54:04.501Z - info: [ui] Executing unstageAll: git reset -- . (took 3.780s)
2023-04-20T10:54:05.275Z - info: [ui] [Timing] Action 'create commit' for 'hamburgerghini1/sway_config' took 4.577s
2023-04-20T10:54:12.265Z - info: [ui] [AppStore.withAuthenticatingUser] account found for repository: sway_config - hamburgerghini1 (has token)
2023-04-20T10:54:15.439Z - info: [ui] Executing push: git -c credential.helper= push origin main:main --progress (took 3.158s)
2023-04-20T10:54:17.114Z - info: [ui] Executing updateRemoteHEAD: git -c credential.helper= remote set-head -a origin (took 1.032s)
2023-04-20T19:58:02.087Z - info: [ui] [AppStore] loading 1 repositories from store
2023-04-20T19:58:02.092Z - info: [ui] [AppStore] found account: hamburgerghini1 (hamburgerghini1)
2023-04-20T19:58:02.441Z - info: [ui] launching: 3.2.1-linux1 (Linux 6.2.11-zen1-1-zen)
2023-04-20T19:58:02.441Z - info: [ui] execPath: '/opt/github-desktop/github-desktop'
2023-04-20T19:58:02.533Z - info: [ui] Subscribed 'hamburgerghini1' to Alive channel
2023-04-20T19:58:02.833Z - info: [ui] Stats reported.
