Desktop is 2560 x 1440 @ 60 Hz
Initialize engine version: 2018.2.12f1 (0a46ddfcfad4)
GfxDevice: creating device client; threaded=1
Renderer: AMD Radeon RX 7800 XT (gfx1101, LLVM 16.0.6, DRM 3.54, 6.5.9-200.fc38.x86_64)
Vendor:   AMD
Version:  4.6 (Core Profile) Mesa 23.1.9
GLES:     0
 GL_AMD_conservative_depth GL_AMD_depth_clamp_separate GL_AMD_draw_buffers_blend GL_AMD_gpu_shader_int64 GL_AMD_multi_draw_indirect GL_AMD_performance_monitor GL_AMD_pinned_memory GL_AMD_query_buffer_object GL_AMD_seamless_cubemap_per_texture GL_AMD_shader_stencil_export GL_AMD_shader_trinary_minmax GL_AMD_texture_texture4 GL_AMD_vertex_shader_layer GL_AMD_vertex_shader_viewport_index GL_ANGLE_texture_compression_dxt3 GL_ANGLE_texture_compression_dxt5 GL_ARB_ES2_compatibility GL_ARB_ES3_1_compatibility GL_ARB_ES3_2_compatibility GL_ARB_ES3_compatibility GL_ARB_arrays_of_arrays GL_ARB_base_instance GL_ARB_bindless_texture GL_ARB_blend_func_extended GL_ARB_buffer_storage GL_ARB_clear_buffer_object GL_ARB_clear_texture GL_ARB_clip_control GL_ARB_color_buffer_float GL_ARB_compressed_texture_pixel_storage GL_ARB_compute_shader GL_ARB_compute_variable_group_size GL_ARB_conditional_render_inverted GL_ARB_conservative_depth GL_ARB_copy_buffer GL_ARB_copy_image GL_ARB_cull_distance GL_ARB_debug_output GL_ARB_depth_bu
ffer_float GL_ARB_depth_clamp GL_ARB_derivative_control GL_ARB_direct_state_access GL_ARB_draw_buffers GL_ARB_draw_buffers_blend GL_ARB_draw_elements_base_vertex GL_ARB_draw_indirect GL_ARB_draw_instanced GL_ARB_enhanced_layouts GL_ARB_explicit_attrib_location GL_ARB_explicit_uniform_location GL_ARB_fragment_coord_conventions GL_ARB_fragment_layer_viewport GL_ARB_fragment_shader GL_ARB_framebuffer_no_attachments GL_ARB_framebuffer_object GL_ARB_framebuffer_sRGB GL_ARB_get_program_binary GL_ARB_get_texture_sub_image GL_ARB_gl_spirv GL_ARB_gpu_shader5 GL_ARB_gpu_shader_fp64 GL_ARB_gpu_shader_int64 GL_ARB_half_float_pixel GL_ARB_half_float_vertex GL_ARB_indirect_parameters GL_ARB_instanced_arrays GL_ARB_internalformat_query GL_ARB_internalformat_query2 GL_ARB_invalidate_subdata GL_ARB_map_buffer_alignment GL_ARB_map_buffer_range GL_ARB_multi_bind GL_ARB_multi_draw_indirect GL_ARB_occlusion_query2 GL_ARB_parallel_shader_compile GL_ARB_pipeline_statistics_query GL_ARB_pixel_buffer_object GL_ARB_point_sprite GL_AR
B_polygon_offset_clamp GL_ARB_post_depth_coverage GL_ARB_program_interface_query GL_ARB_provoking_vertex GL_ARB_query_buffer_object GL_ARB_robust_buffer_access_behavior GL_ARB_robustness GL_ARB_sample_shading GL_ARB_sampler_objects GL_ARB_seamless_cube_map GL_ARB_seamless_cubemap_per_texture GL_ARB_separate_shader_objects GL_ARB_shader_atomic_counter_ops GL_ARB_shader_atomic_counters GL_ARB_shader_ballot GL_ARB_shader_bit_encoding GL_ARB_shader_clock GL_ARB_shader_draw_parameters GL_ARB_shader_group_vote GL_ARB_shader_image_load_store GL_ARB_shader_image_size GL_ARB_shader_objects GL_ARB_shader_precision GL_ARB_shader_stencil_export GL_ARB_shader_storage_buffer_object GL_ARB_shader_subroutine GL_ARB_shader_texture_image_samples GL_ARB_shader_texture_lod GL_ARB_shader_viewport_layer_array GL_ARB_shading_language_420pack GL_ARB_shading_language_include GL_ARB_shading_language_packing GL_ARB_sparse_buffer GL_ARB_sparse_texture GL_ARB_sparse_texture2 GL_ARB_sparse_texture_clamp GL_ARB_spirv_extensions GL_ARB_ste
ncil_texturing GL_ARB_sync GL_ARB_tessellation_shader GL_ARB_texture_barrier GL_ARB_texture_buffer_object GL_ARB_texture_buffer_object_rgb32 GL_ARB_texture_buffer_range GL_ARB_texture_compression_bptc GL_ARB_texture_compression_rgtc GL_ARB_texture_cube_map_array GL_ARB_texture_filter_anisotropic GL_ARB_texture_float GL_ARB_texture_gather GL_ARB_texture_mirror_clamp_to_edge GL_ARB_texture_multisample GL_ARB_texture_non_power_of_two GL_ARB_texture_query_levels GL_ARB_texture_query_lod GL_ARB_texture_rectangle GL_ARB_texture_rg GL_ARB_texture_rgb10_a2ui GL_ARB_texture_stencil8 GL_ARB_texture_storage GL_ARB_texture_storage_multisample GL_ARB_texture_swizzle GL_ARB_texture_view GL_ARB_timer_query GL_ARB_transform_feedback2 GL_ARB_transform_feedback3 GL_ARB_transform_feedback_instanced GL_ARB_transform_feedback_overflow_query GL_ARB_uniform_buffer_object GL_ARB_vertex_array_bgra GL_ARB_vertex_array_object GL_ARB_vertex_attrib_64bit GL_ARB_vertex_attrib_binding GL_ARB_vertex_buffer_object GL_ARB_vertex_shader GL_AR
B_vertex_type_10f_11f_11f_rev GL_ARB_vertex_type_2_10_10_10_rev GL_ARB_viewport_array GL_ATI_blend_equation_separate GL_ATI_meminfo GL_ATI_texture_float GL_ATI_texture_mirror_once GL_EXT_EGL_image_storage GL_EXT_EGL_sync GL_EXT_abgr GL_EXT_blend_equation_separate GL_EXT_debug_label GL_EXT_demote_to_helper_invocation GL_EXT_depth_bounds_test GL_EXT_draw_buffers2 GL_EXT_draw_instanced GL_EXT_framebuffer_blit GL_EXT_framebuffer_multisample GL_EXT_framebuffer_multisample_blit_scaled GL_EXT_framebuffer_object GL_EXT_framebuffer_sRGB GL_EXT_memory_object GL_EXT_memory_object_fd GL_EXT_packed_depth_stencil GL_EXT_packed_float GL_EXT_pixel_buffer_object GL_EXT_polygon_offset_clamp GL_EXT_provoking_vertex GL_EXT_semaphore GL_EXT_semaphore_fd GL_EXT_shader_image_load_formatted GL_EXT_shader_image_load_store GL_EXT_shader_integer_mix GL_EXT_texture_array GL_EXT_texture_compression_dxt1 GL_EXT_texture_compression_rgtc GL_EXT_texture_compression_s3tc GL_EXT_texture_filter_anisotropic GL_EXT_texture_integer GL_EXT_texture
_mirror_clamp GL_EXT_texture_sRGB GL_EXT_texture_sRGB_R8 GL_EXT_texture_sRGB_RG8 GL_EXT_texture_sRGB_decode GL_EXT_texture_shadow_lod GL_EXT_texture_shared_exponent GL_EXT_texture_snorm GL_EXT_texture_swizzle GL_EXT_timer_query GL_EXT_transform_feedback GL_EXT_vertex_array_bgra GL_EXT_vertex_attrib_64bit GL_EXT_window_rectangles GL_IBM_multimode_draw_arrays GL_INTEL_blackhole_render GL_KHR_blend_equation_advanced GL_KHR_context_flush_control GL_KHR_debug GL_KHR_no_error GL_KHR_parallel_shader_compile GL_KHR_robust_buffer_access_behavior GL_KHR_robustness GL_KHR_texture_compression_astc_ldr GL_KHR_texture_compression_astc_sliced_3d GL_MESA_framebuffer_flip_y GL_MESA_pack_invert GL_MESA_shader_integer_functions GL_MESA_texture_signed_rgba GL_NVX_gpu_memory_info GL_NV_alpha_to_coverage_dither_control GL_NV_compute_shader_derivatives GL_NV_conditional_render GL_NV_copy_image GL_NV_depth_clamp GL_NV_packed_depth_stencil GL_NV_shader_atomic_int64 GL_NV_texture_barrier GL_NV_vdpau_interop GL_OES_EGL_image GL_S3_s3t
c
OPENGL LOG: Creating OpenGL 4.6 graphics device ; Context level  <OpenGL 4.5> ; Context handle 47292112
Begin MonoManager ReloadAssembly
- Completed reload, in  0.105 seconds
Default vsync count 1
requesting resize 1 x 1
requesting fullscreen 1 x 1 at 0 Hz
Setting up downscaled viewport at 1 x 1
Desktop is 2560 x 1440 @ 60 Hz
UnloadTime: 0.582000 ms
S13AudioManager(Clone): Loaded 0 sound banks. Total sound banks loaded: 0
 
(Filename: ./Runtime/Export/Debug.bindings.h Line: 43)

S13AudioManager(Clone): Loaded 41 mixers: Allison, ArchivesRoom, Ballroom, BeastBendy, Boat, Bridge, CH0 Global Scripted Events, CH1 Ambience by Section, CH1Defaults, CH1ScriptedEvents, CH2 Ambience by Section, CH2Defaults, CH3 Ambience by Section, CH3Defaults, CH3Workshop, CH4 Ambience by Section, CH4 Scripted Events, CH5 Ambience by Section, CH5 Defaults, CH5 Scripted Events, CharacterAnimations, Dialogue, HauntedHouse, Holding, Maintenance, MapRoom, Music, PlayerFoley, PropsInteractive, PropsStatic, ResearchAndDesign, RideStorage, S13BaseMixer, Sammy, Sewers, SpiralStairs, StartingLift, TMGAudioMixer, Tom, Vent, Warehouse, 
 
(Filename: ./Runtime/Export/Debug.bindings.h Line: 43)

_MasterSoundBank: Initialized sound bank with 22 sounds.
 
(Filename: ./Runtime/Export/Debug.bindings.h Line: 43)

Resetting Player Prefs
 
(Filename: ./Runtime/Export/Debug.bindings.h Line: 43)

Initializing Brightness
 
(Filename: ./Runtime/Export/Debug.bindings.h Line: 43)

Initializing Quality
 
(Filename: ./Runtime/Export/Debug.bindings.h Line: 43)

Initializing Volume
 
(Filename: ./Runtime/Export/Debug.bindings.h Line: 43)

Initializing Music Volume
 
(Filename: ./Runtime/Export/Debug.bindings.h Line: 43)

Initializing SFX Volume
 
(Filename: ./Runtime/Export/Debug.bindings.h Line: 43)

Initializing Dialogue Volume
 
(Filename: ./Runtime/Export/Debug.bindings.h Line: 43)

Initializing Subtitles
 
(Filename: ./Runtime/Export/Debug.bindings.h Line: 43)

Initializing Language
 
(Filename: ./Runtime/Export/Debug.bindings.h Line: 43)

Initializing Inverted
 
(Filename: ./Runtime/Export/Debug.bindings.h Line: 43)

Initializing Crosshair
 
(Filename: ./Runtime/Export/Debug.bindings.h Line: 43)

Initializing Look Sensitivity
 
(Filename: ./Runtime/Export/Debug.bindings.h Line: 43)

Initializing Bloom Lighting
 
(Filename: ./Runtime/Export/Debug.bindings.h Line: 43)

Initializing Depth of Field
 
(Filename: ./Runtime/Export/Debug.bindings.h Line: 43)

Initializing Volumetric Lighting
 
(Filename: ./Runtime/Export/Debug.bindings.h Line: 43)

Initializing Ambient Occlusion
 
(Filename: ./Runtime/Export/Debug.bindings.h Line: 43)

Initializing Grain
 
(Filename: ./Runtime/Export/Debug.bindings.h Line: 43)

Initializing Motion Blur
 
(Filename: ./Runtime/Export/Debug.bindings.h Line: 43)

Initializing Anti Aliasing
 
(Filename: ./Runtime/Export/Debug.bindings.h Line: 43)

Initializing V-Sync
 
(Filename: ./Runtime/Export/Debug.bindings.h Line: 43)

Initializing View Bobbing
 
(Filename: ./Runtime/Export/Debug.bindings.h Line: 43)

Initializing View Swaying
 
(Filename: ./Runtime/Export/Debug.bindings.h Line: 43)

Initializing Shadow
 
(Filename: ./Runtime/Export/Debug.bindings.h Line: 43)

Initializing Fog
 
(Filename: ./Runtime/Export/Debug.bindings.h Line: 43)

Initializing Dust Particles
 
(Filename: ./Runtime/Export/Debug.bindings.h Line: 43)

Initializing TIPS
 
(Filename: ./Runtime/Export/Debug.bindings.h Line: 43)

Initializing Fullscreen
 
(Filename: ./Runtime/Export/Debug.bindings.h Line: 43)

Initializing Resolution Width
 
(Filename: ./Runtime/Export/Debug.bindings.h Line: 43)

Initializing Resolution Height
 
(Filename: ./Runtime/Export/Debug.bindings.h Line: 43)

Initializing Resolution Current
 
(Filename: ./Runtime/Export/Debug.bindings.h Line: 43)

Fullscreen: True
Resolution :2560 x 1440
Resolution Index: 18
 
(Filename: ./Runtime/Export/Debug.bindings.h Line: 43)

S13AudioManager(Clone): Loaded 0 sound banks. Total sound banks loaded: 0
 
(Filename: ./Runtime/Export/Debug.bindings.h Line: 43)

Unloading 5 Unused Serialized files (Serialized files now loaded: 0)

Unloading 3 unused Assets to reduce memory usage. Loaded Objects now: 3194.
Total: 2.560000 ms (FindLiveObjects: 0.871000 ms CreateObjectMapping: 0.164000 ms MarkObjects: 1.493000 ms  DeleteObjects: 0.030000 ms)

Unloading 1 Unused Serialized files (Serialized files now loaded: 0)
Setting up 4 worker threads for Enlighten.
  Thread -> id: 7f2b530ca6c0 -> priority: 1 
  Thread -> id: 7f2b528c96c0 -> priority: 1 
  Thread -> id: 7f2b508ca6c0 -> priority: 1 
  Thread -> id: 7f2b4ce826c0 -> priority: 1 
ArgumentException: RenderTextureDesc width must be greater than zero.
Parameter name: desc.width
  at UnityEngine.RenderTexture.ValidateRenderTextureDesc (RenderTextureDescriptor desc) [0x00000] in <filename unknown>:0 
  at UnityEngine.RenderTexture.GetTemporary (RenderTextureDescriptor desc) [0x00000] in <filename unknown>:0 
  at UnityEngine.RenderTexture.GetTemporaryImpl (Int32 width, Int32 height, Int32 depthBuffer, RenderTextureFormat format, RenderTextureReadWrite readWrite, Int32 antiAliasing, RenderTextureMemoryless memorylessMode, VRTextureUsage vrUsage, Boolean useDynamicScale) [0x00000] in <filename unknown>:0 
  at UnityEngine.RenderTexture.GetTemporary (Int32 width, Int32 height, Int32 depthBuffer, RenderTextureFormat format, RenderTextureReadWrite readWrite) [0x00000] in <filename unknown>:0 
  at UnityEngine.PostProcessing.RenderTextureFactory.Get (Int32 width, Int32 height, Int32 depthBuffer, RenderTextureFormat format, RenderTextureReadWrite rw, FilterMode filterMode, TextureWrapMode wrapMode, System.String name) [0x00000] in <filename unknown>:0 
  at UnityEngine.PostProcessing.DepthOfFieldComponent.Prepare (UnityEngine.RenderTexture source, UnityEngine.Material uberMaterial, Boolean antialiasCoC, Vector2 taaJitter, Single taaBlending) [0x00000] in <filename unknown>:0 
  at UnityEngine.PostProcessing.PostProcessingBehaviour.OnRenderImage (UnityEngine.RenderTexture source, UnityEngine.RenderTexture destination) [0x00000] in <filename unknown>:0 
 
(Filename:  Line: -1)

requesting resize 2560 x 1440
Using native desktop resolution 2560 x 1440
requesting fullscreen 2560 x 1440 at 0 Hz
Desktop is 2560 x 1440 @ 60 Hz

Unloading 0 unused Assets to reduce memory usage. Loaded Objects now: 3271.
Total: 2.363000 ms (FindLiveObjects: 1.024000 ms CreateObjectMapping: 0.144000 ms MarkObjects: 1.191000 ms  DeleteObjects: 0.004000 ms)

EntryPointNotFoundException: Init
  at (wrapper managed-to-native) Steamworks.NativeMethods:SteamAPI_Init ()
  at Steamworks.SteamAPI.Init () [0x00000] in <filename unknown>:0 
  at SteamManager.Init () [0x00000] in <filename unknown>:0 
  at TMG.Core.TMGMonoBehaviour.Awake () [0x00000] in <filename unknown>:0 
UnityEngine.GameObject:Internal_AddComponentWithType(Type)
UnityEngine.GameObject:AddComponent(Type)
UnityEngine.GameObject:AddComponent()
TMG.Core.InitializeGame:InitAchievementManager()
TMG.Core.InitializeGame:FinalizeFramework()
TMG.Core.InitializeGame:HandlePreLoaderOnComplete(Object, EventArgs)
TMGExtensions:Send(EventHandler, Object)
TMG.UI.BaseUIController:PlayOutComplete()
GameManager:HandleScreenBlockerOnShown(Object, EventArgs)
TMGExtensions:Send(EventHandler, Object)
ScreenBlockerController:<Show>m__0()
DG.Tweening.Tween:OnTweenCallback(TweenCallback)
DG.Tweening.Tween:DoGoto(Tween, Single, Int32, UpdateMode)
DG.Tweening.Core.TweenManager:Update(UpdateType, Single, Single)
DG.Tweening.Core.DOTweenComponent:FixedUpdate()
 
(Filename:  Line: -1)

Creating instance of singleton component InControlManager
 
(Filename: ./Runtime/Export/Debug.bindings.h Line: 43)

InControl (version 1.7.0 build 9320)
 
(Filename: ./Runtime/Export/Debug.bindings.h Line: 43)

Device 1 matched profile GenericLinuxProfile (Generic Controller)
 
(Filename: ./Runtime/Export/Debug.bindings.h Line: 43)

InControl (version 1.7.0 build 9320)
 
(Filename: ./Runtime/Export/Debug.bindings.h Line: 43)

Unloading 3 Unused Serialized files (Serialized files now loaded: 0)
Failed setting thread niceness (priority) to 0 due to EACCES (errno 13) violation. Lowering niceness (raising priority) requires CAP_SYS_NICE or superuser.
 
(Filename:  Line: 127)

UnloadTime: 15.084000 ms
S13AudioManager(Clone): Loaded 0 sound banks. Total sound banks loaded: 0
 
(Filename: ./Runtime/Export/Debug.bindings.h Line: 43)


Unloading 3 unused Assets to reduce memory usage. Loaded Objects now: 4773.
Total: 10.999000 ms (FindLiveObjects: 1.288000 ms CreateObjectMapping: 0.287000 ms MarkObjects: 9.400000 ms  DeleteObjects: 0.023000 ms)

Unloading 1 Unused Serialized files (Serialized files now loaded: 0)

Unloading 0 unused Assets to reduce memory usage. Loaded Objects now: 4773.
Total: 8.674000 ms (FindLiveObjects: 1.232000 ms CreateObjectMapping: 0.197000 ms MarkObjects: 7.238000 ms  DeleteObjects: 0.007000 ms)

S13AudioManager(Clone): InvokeEvent 'evt_game_at_main_menu' with delay 0
 
(Filename: ./Runtime/Export/Debug.bindings.h Line: 43)

Unloading 4 Unused Serialized files (Serialized files now loaded: 0)
UnloadTime: 0.531000 ms
<color=green>-- Adding Localization Support object for Globals replacement --</color>
 
(Filename: ./Runtime/Export/Debug.bindings.h Line: 43)

S13AudioManager(Clone): InvokeEvent 'evt_game_at_loading_chapter1' with delay 0
 
(Filename: ./Runtime/Export/Debug.bindings.h Line: 43)

S13AudioManager(Clone): Loaded 0 sound banks. Total sound banks loaded: 0
 
(Filename: ./Runtime/Export/Debug.bindings.h Line: 43)

[DynamicDecals] Initialize()
 
(Filename: ./Runtime/Export/Debug.bindings.h Line: 43)

UnloadAllSoundBanks() cancelled. There are no sound banks to unload
 
(Filename: ./Runtime/Export/Debug.bindings.h Line: 43)

CH1 Soundbank(Clone): Initialized sound bank with 66 sounds.
 
(Filename: ./Runtime/Export/Debug.bindings.h Line: 43)


Unloading 574 unused Assets to reduce memory usage. Loaded Objects now: 34695.
Total: 9.133000 ms (FindLiveObjects: 2.213000 ms CreateObjectMapping: 0.257000 ms MarkObjects: 6.473000 ms  DeleteObjects: 0.190000 ms)

Unloading 2 Unused Serialized files (Serialized files now loaded: 0)

Unloading 0 unused Assets to reduce memory usage. Loaded Objects now: 34698.
Total: 28.057000 ms (FindLiveObjects: 4.484000 ms CreateObjectMapping: 0.624000 ms MarkObjects: 22.852000 ms  DeleteObjects: 0.094000 ms)

Unloading 0 Unused Serialized files (Serialized files now loaded: 0)
S13AudioManager(Clone): InvokeEvent 'evt_main_room_enter' with delay 0
 
(Filename: ./Runtime/Export/Debug.bindings.h Line: 43)


Unloading 0 unused Assets to reduce memory usage. Loaded Objects now: 34706.
Total: 9.260000 ms (FindLiveObjects: 1.848000 ms CreateObjectMapping: 0.214000 ms MarkObjects: 7.172000 ms  DeleteObjects: 0.025000 ms)

S13AudioManager(Clone): InvokeEvent 'evt_game_at_chapter_titles' with delay 0
 
(Filename: ./Runtime/Export/Debug.bindings.h Line: 43)

S13AudioManager(Clone): InvokeEvent 'evt_game_at_paused' with delay 0
 
(Filename: ./Runtime/Export/Debug.bindings.h Line: 43)

requesting resize 2560 x 1440
Using native desktop resolution 2560 x 1440
requesting fullscreen 2560 x 1440 at 0 Hz
Desktop is 2560 x 1440 @ 60 Hz
S13AudioManager(Clone): InvokeEvent 'evt_game_at_resume' with delay 0
 
(Filename: ./Runtime/Export/Debug.bindings.h Line: 43)

S13AudioManager(Clone): InvokeEvent 'evt_dreams_hallway_enter' with delay 0
 
(Filename: ./Runtime/Export/Debug.bindings.h Line: 43)

S13AudioManager(Clone): InvokeEvent 'evt_large_hallway_enter' with delay 0
 
(Filename: ./Runtime/Export/Debug.bindings.h Line: 43)

S13AudioManager(Clone): InvokeEvent 'evt_large_hallway_exit' with delay 0
 
(Filename: ./Runtime/Export/Debug.bindings.h Line: 43)

S13AudioManager(Clone): InvokeEvent 'evt_large_hallway_enter' with delay 0
 
(Filename: ./Runtime/Export/Debug.bindings.h Line: 43)

S13AudioManager(Clone): InvokeEvent 'evt_large_hallway_exit' with delay 0
 
(Filename: ./Runtime/Export/Debug.bindings.h Line: 43)

S13AudioManager(Clone): InvokeEvent 'evt_dreams_hallway_exit' with delay 0
 
(Filename: ./Runtime/Export/Debug.bindings.h Line: 43)

S13AudioManager(Clone): InvokeEvent 'evt_art_room_enter' with delay 0
 
(Filename: ./Runtime/Export/Debug.bindings.h Line: 43)

S13AudioManager(Clone): InvokeEvent 'evt_art_bath_enter' with delay 0
 
(Filename: ./Runtime/Export/Debug.bindings.h Line: 43)

S13AudioManager(Clone): InvokeEvent 'evt_art_bath_exit' with delay 0
 
(Filename: ./Runtime/Export/Debug.bindings.h Line: 43)

S13AudioManager(Clone): InvokeEvent 'evt_art_room_exit' with delay 0
 
(Filename: ./Runtime/Export/Debug.bindings.h Line: 43)

S13AudioManager(Clone): InvokeEvent 'evt_dreams_hallway_enter' with delay 0
 
(Filename: ./Runtime/Export/Debug.bindings.h Line: 43)

S13AudioManager(Clone): InvokeEvent 'evt_large_hallway_enter' with delay 0
 
(Filename: ./Runtime/Export/Debug.bindings.h Line: 43)

S13AudioManager(Clone): InvokeEvent 'evt_game_at_paused' with delay 0
 
(Filename: ./Runtime/Export/Debug.bindings.h Line: 43)

requesting resize 2560 x 1440
Using native desktop resolution 2560 x 1440
requesting fullscreen 2560 x 1440 at 0 Hz
Desktop is 2560 x 1440 @ 60 Hz
S13AudioManager(Clone): InvokeEvent 'evt_game_at_resume' with delay 0
 
(Filename: ./Runtime/Export/Debug.bindings.h Line: 43)

S13AudioManager(Clone): InvokeEvent 'evt_ink_barn_enter' with delay 0
 
(Filename: ./Runtime/Export/Debug.bindings.h Line: 43)

S13AudioManager(Clone): InvokeEvent 'evt_large_hallway_exit' with delay 0
 
(Filename: ./Runtime/Export/Debug.bindings.h Line: 43)

S13AudioManager(Clone): InvokeEvent 'evt_dreams_hallway_exit' with delay 0
 
(Filename: ./Runtime/Export/Debug.bindings.h Line: 43)

S13AudioManager(Clone): InvokeEvent 'evt_battery_pack_on' with delay 0
 
(Filename: ./Runtime/Export/Debug.bindings.h Line: 43)

S13AudioManager(Clone): InvokeEvent 'evt_ink_machine_reveal_start' with delay 0
 
(Filename: ./Runtime/Export/Debug.bindings.h Line: 43)

S13AudioManager(Clone): InvokeEvent 'evt_ink_machine_reveal_stop' with delay 0
 
(Filename: ./Runtime/Export/Debug.bindings.h Line: 43)

S13AudioManager(Clone): InvokeEvent 'evt_game_at_paused' with delay 0
 
(Filename: ./Runtime/Export/Debug.bindings.h Line: 43)

S13AudioManager(Clone): InvokeEvent 'evt_game_at_resume' with delay 0
 
(Filename: ./Runtime/Export/Debug.bindings.h Line: 43)

S13AudioManager(Clone): InvokeEvent 'evt_dreams_hallway_enter' with delay 0
 
(Filename: ./Runtime/Export/Debug.bindings.h Line: 43)

S13AudioManager(Clone): InvokeEvent 'evt_large_hallway_enter' with delay 0
 
(Filename: ./Runtime/Export/Debug.bindings.h Line: 43)

S13AudioManager(Clone): InvokeEvent 'evt_ink_barn_exit' with delay 0
 
(Filename: ./Runtime/Export/Debug.bindings.h Line: 43)

S13AudioManager(Clone): InvokeEvent 'evt_dreams_hallway_exit' with delay 0
 
(Filename: ./Runtime/Export/Debug.bindings.h Line: 43)

S13AudioManager(Clone): InvokeEvent 'evt_large_hallway_exit' with delay 0
 
(Filename: ./Runtime/Export/Debug.bindings.h Line: 43)

S13AudioManager(Clone): InvokeEvent 'evt_large_hallway_enter' with delay 0
 
(Filename: ./Runtime/Export/Debug.bindings.h Line: 43)

S13AudioManager(Clone): InvokeEvent 'evt_theatre_mixtrap_ink_enter' with delay 0
 
(Filename: ./Runtime/Export/Debug.bindings.h Line: 43)

S13AudioManager(Clone): InvokeEvent 'evt_theatre_enter' with delay 0
 
(Filename: ./Runtime/Export/Debug.bindings.h Line: 43)

S13AudioManager(Clone): InvokeEvent 'evt_theatre_exit' with delay 0
 
(Filename: ./Runtime/Export/Debug.bindings.h Line: 43)

S13AudioManager(Clone): InvokeEvent 'evt_theatre_mixtrap_ink_exit' with delay 0
 
(Filename: ./Runtime/Export/Debug.bindings.h Line: 43)

S13AudioManager(Clone): InvokeEvent 'evt_boris_room_enter' with delay 0
 
(Filename: ./Runtime/Export/Debug.bindings.h Line: 43)

S13AudioManager(Clone): InvokeEvent 'evt_boris_rumbletrap_enter' with delay 0
 
(Filename: ./Runtime/Export/Debug.bindings.h Line: 43)

S13AudioManager(Clone): InvokeEvent 'evt_boris_rumbletrap_exit' with delay 0
 
(Filename: ./Runtime/Export/Debug.bindings.h Line: 43)

S13AudioManager(Clone): InvokeEvent 'evt_boris_room_exit' with delay 0
 
(Filename: ./Runtime/Export/Debug.bindings.h Line: 43)

S13AudioManager(Clone): InvokeEvent 'evt_power_room_enter' with delay 0
 
(Filename: ./Runtime/Export/Debug.bindings.h Line: 43)

S13AudioManager(Clone): InvokeEvent 'evt_large_hallway_exit' with delay 0
 
(Filename: ./Runtime/Export/Debug.bindings.h Line: 43)

S13AudioManager(Clone): InvokeEvent 'evt_boris_room_enter' with delay 0
 
(Filename: ./Runtime/Export/Debug.bindings.h Line: 43)

S13AudioManager(Clone): InvokeEvent 'evt_boris_room_exit' with delay 0
 
(Filename: ./Runtime/Export/Debug.bindings.h Line: 43)

S13AudioManager(Clone): InvokeEvent 'evt_boris_room_enter' with delay 0
 
(Filename: ./Runtime/Export/Debug.bindings.h Line: 43)

S13AudioManager(Clone): InvokeEvent 'evt_boris_room_exit' with delay 0
 
(Filename: ./Runtime/Export/Debug.bindings.h Line: 43)

S13AudioManager(Clone): InvokeEvent 'evt_boris_room_enter' with delay 0
 
(Filename: ./Runtime/Export/Debug.bindings.h Line: 43)

S13AudioManager(Clone): InvokeEvent 'evt_boris_room_exit' with delay 0
 
(Filename: ./Runtime/Export/Debug.bindings.h Line: 43)

S13AudioManager(Clone): InvokeEvent 'evt_large_hallway_enter' with delay 0
 
(Filename: ./Runtime/Export/Debug.bindings.h Line: 43)

S13AudioManager(Clone): InvokeEvent 'evt_power_room_exit' with delay 0
 
(Filename: ./Runtime/Export/Debug.bindings.h Line: 43)

S13AudioManager(Clone): InvokeEvent 'evt_boris_room_enter' with delay 0
 
(Filename: ./Runtime/Export/Debug.bindings.h Line: 43)

S13AudioManager(Clone): InvokeEvent 'evt_boris_rumbletrap_enter' with delay 0
 
(Filename: ./Runtime/Export/Debug.bindings.h Line: 43)

S13AudioManager(Clone): InvokeEvent 'evt_boris_rumbletrap_exit' with delay 0
 
(Filename: ./Runtime/Export/Debug.bindings.h Line: 43)

S13AudioManager(Clone): InvokeEvent 'evt_boris_room_exit' with delay 0
 
(Filename: ./Runtime/Export/Debug.bindings.h Line: 43)

S13AudioManager(Clone): InvokeEvent 'evt_dreams_hallway_enter' with delay 0
 
(Filename: ./Runtime/Export/Debug.bindings.h Line: 43)

S13AudioManager(Clone): InvokeEvent 'evt_ink_barn_enter' with delay 0
 
(Filename: ./Runtime/Export/Debug.bindings.h Line: 43)

S13AudioManager(Clone): InvokeEvent 'evt_large_hallway_exit' with delay 0
 
(Filename: ./Runtime/Export/Debug.bindings.h Line: 43)

S13AudioManager(Clone): InvokeEvent 'evt_dreams_hallway_exit' with delay 0
 
(Filename: ./Runtime/Export/Debug.bindings.h Line: 43)

S13AudioManager(Clone): InvokeEvent 'evt_dreams_hallway_enter' with delay 0
 
(Filename: ./Runtime/Export/Debug.bindings.h Line: 43)

S13AudioManager(Clone): InvokeEvent 'evt_large_hallway_enter' with delay 0
 
(Filename: ./Runtime/Export/Debug.bindings.h Line: 43)

S13AudioManager(Clone): InvokeEvent 'evt_ink_barn_exit' with delay 0
 
(Filename: ./Runtime/Export/Debug.bindings.h Line: 43)

S13AudioManager(Clone): InvokeEvent 'evt_large_hallway_exit' with delay 0
 
(Filename: ./Runtime/Export/Debug.bindings.h Line: 43)

S13AudioManager(Clone): InvokeEvent 'evt_break_room_exit' with delay 0
 
(Filename: ./Runtime/Export/Debug.bindings.h Line: 43)

S13AudioManager(Clone): InvokeEvent 'evt_break_room_enter' with delay 0
 
(Filename: ./Runtime/Export/Debug.bindings.h Line: 43)

S13AudioManager(Clone): InvokeEvent 'evt_dreams_hallway_exit' with delay 0
 
(Filename: ./Runtime/Export/Debug.bindings.h Line: 43)

S13AudioManager(Clone): InvokeEvent 'evt_save_punchin' with delay 0
 
(Filename: ./Runtime/Export/Debug.bindings.h Line: 43)

S13AudioManager(Clone): InvokeEvent 'evt_save_punchin' with delay 0
 
(Filename: ./Runtime/Export/Debug.bindings.h Line: 43)

S13AudioManager(Clone): InvokeEvent 'evt_save_punchin' with delay 0
 
(Filename: ./Runtime/Export/Debug.bindings.h Line: 43)

S13AudioManager(Clone): InvokeEvent 'evt_save_punchin' with delay 0
 
(Filename: ./Runtime/Export/Debug.bindings.h Line: 43)

S13AudioManager(Clone): InvokeEvent 'evt_save_punchin' with delay 0
 
(Filename: ./Runtime/Export/Debug.bindings.h Line: 43)

S13AudioManager(Clone): InvokeEvent 'evt_dreams_hallway_enter' with delay 0
 
(Filename: ./Runtime/Export/Debug.bindings.h Line: 43)

S13AudioManager(Clone): InvokeEvent 'evt_break_room_enter' with delay 0
 
(Filename: ./Runtime/Export/Debug.bindings.h Line: 43)

S13AudioManager(Clone): InvokeEvent 'evt_break_room_exit' with delay 0
 
(Filename: ./Runtime/Export/Debug.bindings.h Line: 43)

S13AudioManager(Clone): InvokeEvent 'evt_large_hallway_enter' with delay 0
 
(Filename: ./Runtime/Export/Debug.bindings.h Line: 43)

S13AudioManager(Clone): InvokeEvent 'evt_large_hallway_exit' with delay 0
 
(Filename: ./Runtime/Export/Debug.bindings.h Line: 43)

S13AudioManager(Clone): InvokeEvent 'evt_large_hallway_enter' with delay 0
 
(Filename: ./Runtime/Export/Debug.bindings.h Line: 43)

S13AudioManager(Clone): InvokeEvent 'evt_large_hallway_exit' with delay 0
 
(Filename: ./Runtime/Export/Debug.bindings.h Line: 43)

S13AudioManager(Clone): InvokeEvent 'evt_dreams_hallway_exit' with delay 0
 
(Filename: ./Runtime/Export/Debug.bindings.h Line: 43)

S13AudioManager(Clone): InvokeEvent 'evt_art_room_enter' with delay 0
 
(Filename: ./Runtime/Export/Debug.bindings.h Line: 43)

S13AudioManager(Clone): InvokeEvent 'evt_art_bath_enter' with delay 0
 
(Filename: ./Runtime/Export/Debug.bindings.h Line: 43)

S13AudioManager(Clone): InvokeEvent 'evt_art_bath_exit' with delay 0
 
(Filename: ./Runtime/Export/Debug.bindings.h Line: 43)

S13AudioManager(Clone): InvokeEvent 'evt_art_room_exit' with delay 0
 
(Filename: ./Runtime/Export/Debug.bindings.h Line: 43)

S13AudioManager(Clone): InvokeEvent 'evt_dreams_hallway_enter' with delay 0
 
(Filename: ./Runtime/Export/Debug.bindings.h Line: 43)

S13AudioManager(Clone): InvokeEvent 'evt_large_hallway_enter' with delay 0
 
(Filename: ./Runtime/Export/Debug.bindings.h Line: 43)

S13AudioManager(Clone): InvokeEvent 'evt_dreams_hallway_exit' with delay 0
 
(Filename: ./Runtime/Export/Debug.bindings.h Line: 43)

S13AudioManager(Clone): InvokeEvent 'evt_boris_room_enter' with delay 0
 
(Filename: ./Runtime/Export/Debug.bindings.h Line: 43)

S13AudioManager(Clone): InvokeEvent 'evt_boris_rumbletrap_enter' with delay 0
 
(Filename: ./Runtime/Export/Debug.bindings.h Line: 43)

S13AudioManager(Clone): InvokeEvent 'evt_boris_rumbletrap_exit' with delay 0
 
(Filename: ./Runtime/Export/Debug.bindings.h Line: 43)

S13AudioManager(Clone): InvokeEvent 'evt_boris_room_exit' with delay 0
 
(Filename: ./Runtime/Export/Debug.bindings.h Line: 43)

S13AudioManager(Clone): InvokeEvent 'evt_power_room_enter' with delay 0
 
(Filename: ./Runtime/Export/Debug.bindings.h Line: 43)

S13AudioManager(Clone): InvokeEvent 'evt_large_hallway_exit' with delay 0
 
(Filename: ./Runtime/Export/Debug.bindings.h Line: 43)

S13AudioManager(Clone): InvokeEvent 'evt_boris_room_enter' with delay 0
 
(Filename: ./Runtime/Export/Debug.bindings.h Line: 43)

S13AudioManager(Clone): InvokeEvent 'evt_boris_room_exit' with delay 0
 
(Filename: ./Runtime/Export/Debug.bindings.h Line: 43)

S13AudioManager(Clone): InvokeEvent 'evt_boris_room_enter' with delay 0
 
(Filename: ./Runtime/Export/Debug.bindings.h Line: 43)

S13AudioManager(Clone): InvokeEvent 'evt_boris_room_exit' with delay 0
 
(Filename: ./Runtime/Export/Debug.bindings.h Line: 43)

S13AudioManager(Clone): InvokeEvent 'evt_large_hallway_enter' with delay 0
 
(Filename: ./Runtime/Export/Debug.bindings.h Line: 43)

S13AudioManager(Clone): InvokeEvent 'evt_power_room_exit' with delay 0
 
(Filename: ./Runtime/Export/Debug.bindings.h Line: 43)

S13AudioManager(Clone): InvokeEvent 'evt_boris_room_enter' with delay 0
 
(Filename: ./Runtime/Export/Debug.bindings.h Line: 43)

S13AudioManager(Clone): InvokeEvent 'evt_boris_rumbletrap_enter' with delay 0
 
(Filename: ./Runtime/Export/Debug.bindings.h Line: 43)

S13AudioManager(Clone): InvokeEvent 'evt_boris_rumbletrap_exit' with delay 0
 
(Filename: ./Runtime/Export/Debug.bindings.h Line: 43)

S13AudioManager(Clone): InvokeEvent 'evt_boris_room_exit' with delay 0
 
(Filename: ./Runtime/Export/Debug.bindings.h Line: 43)

S13AudioManager(Clone): InvokeEvent 'evt_game_at_paused' with delay 0
 
(Filename: ./Runtime/Export/Debug.bindings.h Line: 43)

S13AudioManager(Clone): InvokeEvent 'evt_game_at_resume' with delay 0
 
(Filename: ./Runtime/Export/Debug.bindings.h Line: 43)

S13AudioManager(Clone): InvokeEvent 'evt_game_at_paused' with delay 0
 
(Filename: ./Runtime/Export/Debug.bindings.h Line: 43)

S13AudioManager(Clone): InvokeEvent 'evt_game_at_resume' with delay 0
 
(Filename: ./Runtime/Export/Debug.bindings.h Line: 43)

S13AudioManager(Clone): InvokeEvent 'evt_dreams_hallway_enter' with delay 0
 
(Filename: ./Runtime/Export/Debug.bindings.h Line: 43)

S13AudioManager(Clone): InvokeEvent 'evt_ink_barn_enter' with delay 0
 
(Filename: ./Runtime/Export/Debug.bindings.h Line: 43)

S13AudioManager(Clone): InvokeEvent 'evt_large_hallway_exit' with delay 0
 
(Filename: ./Runtime/Export/Debug.bindings.h Line: 43)

S13AudioManager(Clone): InvokeEvent 'evt_dreams_hallway_exit' with delay 0
 
(Filename: ./Runtime/Export/Debug.bindings.h Line: 43)

S13AudioManager(Clone): InvokeEvent 'evt_dreams_hallway_enter' with delay 0
 
(Filename: ./Runtime/Export/Debug.bindings.h Line: 43)

S13AudioManager(Clone): InvokeEvent 'evt_large_hallway_enter' with delay 0
 
(Filename: ./Runtime/Export/Debug.bindings.h Line: 43)

S13AudioManager(Clone): InvokeEvent 'evt_ink_barn_exit' with delay 0
 
(Filename: ./Runtime/Export/Debug.bindings.h Line: 43)

S13AudioManager(Clone): InvokeEvent 'evt_large_hallway_exit' with delay 0
 
(Filename: ./Runtime/Export/Debug.bindings.h Line: 43)

S13AudioManager(Clone): InvokeEvent 'evt_break_room_exit' with delay 0
 
(Filename: ./Runtime/Export/Debug.bindings.h Line: 43)

S13AudioManager(Clone): InvokeEvent 'evt_break_room_enter' with delay 0
 
(Filename: ./Runtime/Export/Debug.bindings.h Line: 43)

S13AudioManager(Clone): InvokeEvent 'evt_dreams_hallway_exit' with delay 0
 
(Filename: ./Runtime/Export/Debug.bindings.h Line: 43)

<color=red>CDOFDS.manualDOF = True</color>
 
(Filename: ./Runtime/Export/Debug.bindings.h Line: 43)

<color=red>CDOFDS.manualDOF = False</color>
 
(Filename: ./Runtime/Export/Debug.bindings.h Line: 43)

S13AudioManager(Clone): InvokeEvent 'evt_save_punchin' with delay 0
 
(Filename: ./Runtime/Export/Debug.bindings.h Line: 43)

S13AudioManager(Clone): InvokeEvent 'evt_dreams_hallway_enter' with delay 0
 
(Filename: ./Runtime/Export/Debug.bindings.h Line: 43)

S13AudioManager(Clone): InvokeEvent 'evt_break_room_enter' with delay 0
 
(Filename: ./Runtime/Export/Debug.bindings.h Line: 43)

S13AudioManager(Clone): InvokeEvent 'evt_break_room_exit' with delay 0
 
(Filename: ./Runtime/Export/Debug.bindings.h Line: 43)

S13AudioManager(Clone): InvokeEvent 'evt_large_hallway_enter' with delay 0
 
(Filename: ./Runtime/Export/Debug.bindings.h Line: 43)

S13AudioManager(Clone): InvokeEvent 'evt_large_hallway_exit' with delay 0
 
(Filename: ./Runtime/Export/Debug.bindings.h Line: 43)

S13AudioManager(Clone): InvokeEvent 'evt_large_hallway_enter' with delay 0
 
(Filename: ./Runtime/Export/Debug.bindings.h Line: 43)

S13AudioManager(Clone): InvokeEvent 'evt_large_hallway_exit' with delay 0
 
(Filename: ./Runtime/Export/Debug.bindings.h Line: 43)

S13AudioManager(Clone): InvokeEvent 'evt_dreams_hallway_exit' with delay 0
 
(Filename: ./Runtime/Export/Debug.bindings.h Line: 43)

S13AudioManager(Clone): InvokeEvent 'evt_dreams_hallway_enter' with delay 0
 
(Filename: ./Runtime/Export/Debug.bindings.h Line: 43)

S13AudioManager(Clone): InvokeEvent 'evt_large_hallway_enter' with delay 0
 
(Filename: ./Runtime/Export/Debug.bindings.h Line: 43)

S13AudioManager(Clone): InvokeEvent 'evt_dreams_hallway_exit' with delay 0
 
(Filename: ./Runtime/Export/Debug.bindings.h Line: 43)

S13AudioManager(Clone): InvokeEvent 'evt_boris_room_enter' with delay 0
 
(Filename: ./Runtime/Export/Debug.bindings.h Line: 43)

S13AudioManager(Clone): InvokeEvent 'evt_boris_rumbletrap_enter' with delay 0
 
(Filename: ./Runtime/Export/Debug.bindings.h Line: 43)

S13AudioManager(Clone): InvokeEvent 'evt_boris_rumbletrap_exit' with delay 0
 
(Filename: ./Runtime/Export/Debug.bindings.h Line: 43)

S13AudioManager(Clone): InvokeEvent 'evt_boris_room_exit' with delay 0
 
(Filename: ./Runtime/Export/Debug.bindings.h Line: 43)

S13AudioManager(Clone): InvokeEvent 'evt_power_room_enter' with delay 0
 
(Filename: ./Runtime/Export/Debug.bindings.h Line: 43)

S13AudioManager(Clone): InvokeEvent 'evt_large_hallway_exit' with delay 0
 
(Filename: ./Runtime/Export/Debug.bindings.h Line: 43)

S13AudioManager(Clone): InvokeEvent 'evt_boris_room_enter' with delay 0
 
(Filename: ./Runtime/Export/Debug.bindings.h Line: 43)

S13AudioManager(Clone): InvokeEvent 'evt_boris_room_exit' with delay 0
 
(Filename: ./Runtime/Export/Debug.bindings.h Line: 43)

S13AudioManager(Clone): InvokeEvent 'evt_large_hallway_enter' with delay 0
 
(Filename: ./Runtime/Export/Debug.bindings.h Line: 43)

S13AudioManager(Clone): InvokeEvent 'evt_power_room_exit' with delay 0
 
(Filename: ./Runtime/Export/Debug.bindings.h Line: 43)

S13AudioManager(Clone): InvokeEvent 'evt_boris_room_enter' with delay 0
 
(Filename: ./Runtime/Export/Debug.bindings.h Line: 43)

S13AudioManager(Clone): InvokeEvent 'evt_boris_rumbletrap_enter' with delay 0
 
(Filename: ./Runtime/Export/Debug.bindings.h Line: 43)

S13AudioManager(Clone): InvokeEvent 'evt_boris_rumbletrap_exit' with delay 0
 
(Filename: ./Runtime/Export/Debug.bindings.h Line: 43)

S13AudioManager(Clone): InvokeEvent 'evt_boris_room_exit' with delay 0
 
(Filename: ./Runtime/Export/Debug.bindings.h Line: 43)

S13AudioManager(Clone): InvokeEvent 'evt_dreams_hallway_enter' with delay 0
 
(Filename: ./Runtime/Export/Debug.bindings.h Line: 43)

S13AudioManager(Clone): InvokeEvent 'evt_large_hallway_exit' with delay 0
 
(Filename: ./Runtime/Export/Debug.bindings.h Line: 43)

S13AudioManager(Clone): InvokeEvent 'evt_break_room_exit' with delay 0
 
(Filename: ./Runtime/Export/Debug.bindings.h Line: 43)

S13AudioManager(Clone): InvokeEvent 'evt_break_room_enter' with delay 0
 
(Filename: ./Runtime/Export/Debug.bindings.h Line: 43)

S13AudioManager(Clone): InvokeEvent 'evt_dreams_hallway_exit' with delay 0
 
(Filename: ./Runtime/Export/Debug.bindings.h Line: 43)

S13AudioManager(Clone): InvokeEvent 'evt_dreams_hallway_enter' with delay 0
 
(Filename: ./Runtime/Export/Debug.bindings.h Line: 43)

S13AudioManager(Clone): InvokeEvent 'evt_break_room_enter' with delay 0
 
(Filename: ./Runtime/Export/Debug.bindings.h Line: 43)

S13AudioManager(Clone): InvokeEvent 'evt_break_room_exit' with delay 0
 
(Filename: ./Runtime/Export/Debug.bindings.h Line: 43)

S13AudioManager(Clone): InvokeEvent 'evt_break_room_exit' with delay 0
 
(Filename: ./Runtime/Export/Debug.bindings.h Line: 43)

S13AudioManager(Clone): InvokeEvent 'evt_large_hallway_enter' with delay 0
 
(Filename: ./Runtime/Export/Debug.bindings.h Line: 43)

S13AudioManager(Clone): InvokeEvent 'evt_large_hallway_exit' with delay 0
 
(Filename: ./Runtime/Export/Debug.bindings.h Line: 43)

S13AudioManager(Clone): InvokeEvent 'evt_large_hallway_enter' with delay 0
 
(Filename: ./Runtime/Export/Debug.bindings.h Line: 43)

S13AudioManager(Clone): InvokeEvent 'evt_large_hallway_exit' with delay 0
 
(Filename: ./Runtime/Export/Debug.bindings.h Line: 43)

S13AudioManager(Clone): InvokeEvent 'evt_dreams_hallway_exit' with delay 0
 
(Filename: ./Runtime/Export/Debug.bindings.h Line: 43)

S13AudioManager(Clone): InvokeEvent 'evt_art_room_enter' with delay 0
 
(Filename: ./Runtime/Export/Debug.bindings.h Line: 43)

S13AudioManager(Clone): InvokeEvent 'evt_art_bath_enter' with delay 0
 
(Filename: ./Runtime/Export/Debug.bindings.h Line: 43)

S13AudioManager(Clone): InvokeEvent 'evt_art_bath_exit' with delay 0
 
(Filename: ./Runtime/Export/Debug.bindings.h Line: 43)

S13AudioManager(Clone): InvokeEvent 'evt_art_bath_enter' with delay 0
 
(Filename: ./Runtime/Export/Debug.bindings.h Line: 43)

S13AudioManager(Clone): InvokeEvent 'evt_art_bath_exit' with delay 0
 
(Filename: ./Runtime/Export/Debug.bindings.h Line: 43)

S13AudioManager(Clone): InvokeEvent 'evt_art_bath_enter' with delay 0
 
(Filename: ./Runtime/Export/Debug.bindings.h Line: 43)

S13AudioManager(Clone): InvokeEvent 'evt_art_bath_exit' with delay 0
 
(Filename: ./Runtime/Export/Debug.bindings.h Line: 43)

S13AudioManager(Clone): InvokeEvent 'evt_art_room_exit' with delay 0
 
(Filename: ./Runtime/Export/Debug.bindings.h Line: 43)

S13AudioManager(Clone): InvokeEvent 'evt_dreams_hallway_enter' with delay 0
 
(Filename: ./Runtime/Export/Debug.bindings.h Line: 43)

S13AudioManager(Clone): InvokeEvent 'evt_large_hallway_enter' with delay 0
 
(Filename: ./Runtime/Export/Debug.bindings.h Line: 43)

S13AudioManager(Clone): InvokeEvent 'evt_large_hallway_exit' with delay 0
 
(Filename: ./Runtime/Export/Debug.bindings.h Line: 43)

S13AudioManager(Clone): InvokeEvent 'evt_large_hallway_enter' with delay 0
 
(Filename: ./Runtime/Export/Debug.bindings.h Line: 43)

S13AudioManager(Clone): InvokeEvent 'evt_game_at_paused' with delay 0
 
(Filename: ./Runtime/Export/Debug.bindings.h Line: 43)

[DynamicDecals] OnDisable()
 
(Filename: ./Runtime/Export/Debug.bindings.h Line: 43)

[DynamicDecals] Terminate()
 
(Filename: ./Runtime/Export/Debug.bindings.h Line: 43)

