Mon Apr 24 17:37:43 EEST 2023 INFO - initAID - Set AID from STEAM_COMPAT_APP_ID to '638970'
Mon Apr 24 17:37:44 EEST 2023 INFO - initAID - Set OSCDP to STEAM_COMPAT_DATA_PATH '/media/games/SteamLibrary/steamapps/compatdata/638970'
Mon Apr 24 17:37:44 EEST 2023 INFO - loadLangFile - Language from command line is 'english'
Mon Apr 24 17:37:44 EEST 2023 INFO - loadLangFile - SYSTEMSTLCFGDIR is '/usr/share/steamtinkerlaunch'
Mon Apr 24 17:37:44 EEST 2023 INFO - loadLangFile - Command line language 'english' is no file - trying to find its absolute path
Mon Apr 24 17:37:44 EEST 2023 INFO - loadLangFile - Loading found user-installed /home/tommi/.config/steamtinkerlaunch/lang/english.txt
Mon Apr 24 17:37:44 EEST 2023 INFO - loadLangFile - Language from command line is 'englishUK'
Mon Apr 24 17:37:44 EEST 2023 INFO - loadLangFile - GLOBALSTLLANGDIR is '/home/tommi/stl/prefix/lang'
Mon Apr 24 17:37:45 EEST 2023 INFO - loadLangFile - Command line language 'englishUK' is no file - trying to find its absolute path
Mon Apr 24 17:37:45 EEST 2023 INFO - loadLangFile - Loading found user-installed /home/tommi/.config/steamtinkerlaunch/lang/englishUK.txt
Mon Apr 24 17:37:46 EEST 2023 INFO - getCurrentCommandline - No Proton in command line arguments 'waitforexitandrun /media/games/SteamLibrary/steamapps/common/Yakuza 0/media/Yakuza0.exe'
Mon Apr 24 17:37:46 EEST 2023 INFO - saveOrgVars - Storing some original variables to restore them later
Mon 24 Apr 17:37:46 EEST 2023 INFO - emptyVars - Emptied some original variables as they slowdown several system calls when started from steam
Mon 24 Apr 17:37:46 EEST 2023 INFO - emptyVars - Set $PATH to '/sbin:/bin:/usr/local/sbin:/usr/local/bin:/usr/bin:/usr/sbin:/usr/bin/site_perl:/usr/bin/vendor_perl:/usr/bin/core_perl:'
Mon 24 Apr 17:37:46 EEST 2023 START - ######### Initializing Game Launch 638970 using SteamTinkerLaunch v12.12 #########
Mon 24 Apr 17:37:46 EEST 2023 INFO - main - Starting with a clean log
Mon 24 Apr 17:37:46 EEST 2023 INFO - main - Start creating default configs
Mon 24 Apr 17:37:46 EEST 2023 INFO - createDefaultCfgs - START
Mon 24 Apr 17:37:46 EEST 2023 INFO - loadLanguage - First load the default language 'english' to make sure all variables are filled
Mon 24 Apr 17:37:46 EEST 2023 INFO - loadLangFile - Language from command line is 'english'
Mon 24 Apr 17:37:46 EEST 2023 INFO - loadLangFile - GLOBALSTLLANGDIR is '/home/tommi/stl/prefix/lang'
Mon 24 Apr 17:37:46 EEST 2023 INFO - loadLangFile - Command line language 'english' is no file - trying to find its absolute path
Mon 24 Apr 17:37:46 EEST 2023 INFO - loadLangFile - Found user-installed /home/tommi/.config/steamtinkerlaunch/lang/english.txt, attempting to update it
Mon 24 Apr 17:37:46 EEST 2023 INFO - loadLangFile - Found lang file to replace the existing user-installed file with under '/home/tommi/stl/prefix/lang/english.txt'
Mon 24 Apr 17:37:46 EEST 2023 INFO - loadLangFile - Loading found user-installed /home/tommi/.config/steamtinkerlaunch/lang/english.txt
Mon 24 Apr 17:37:46 EEST 2023 INFO - loadLanguage - Loading STLLANG from '/home/tommi/.config/steamtinkerlaunch/global.conf'
Mon 24 Apr 17:37:46 EEST 2023 INFO - loadLanguage - STLLANG from '/home/tommi/.config/steamtinkerlaunch/global.conf' is 'englishUK'
Mon 24 Apr 17:37:46 EEST 2023 INFO - loadLanguage - Now load the language file 'englishUK'
Mon 24 Apr 17:37:46 EEST 2023 INFO - loadLangFile - Language from command line is 'englishUK'
Mon 24 Apr 17:37:46 EEST 2023 INFO - loadLangFile - GLOBALSTLLANGDIR is '/home/tommi/stl/prefix/lang'
Mon 24 Apr 17:37:46 EEST 2023 INFO - loadLangFile - Command line language 'englishUK' is no file - trying to find its absolute path
Mon 24 Apr 17:37:46 EEST 2023 INFO - loadLangFile - Found user-installed /home/tommi/.config/steamtinkerlaunch/lang/englishUK.txt, attempting to update it
Mon 24 Apr 17:37:46 EEST 2023 INFO - loadLangFile - Found lang file to replace the existing user-installed file with under '/home/tommi/stl/prefix/lang/englishUK.txt'
Mon 24 Apr 17:37:46 EEST 2023 INFO - loadLangFile - Loading found user-installed /home/tommi/.config/steamtinkerlaunch/lang/englishUK.txt
Mon 24 Apr 17:37:46 EEST 2023 INFO - updateConfigEntry - Option 'STLLANG' is updated with the new value 'englishUK' in config 'global.conf'
Mon 24 Apr 17:37:46 EEST 2023 INFO - createDefaultCfgs - setSteamPaths:
Mon 24 Apr 17:37:46 EEST 2023 INFO - setSteamPaths - Reading Steam Path variables from '/dev/shm/steamtinkerlaunch/steampaths.txt'
Mon 24 Apr 17:37:46 EEST 2023 INFO - getGameOS - Starting game OS detection
Mon 24 Apr 17:37:46 EEST 2023 INFO - getGameOS - Making some checks on '/media/games/SteamLibrary/steamapps/common/Yakuza 0/media/Yakuza0.exe' to determine the OS version of the game
Mon 24 Apr 17:37:46 EEST 2023 INFO - getGameOS - Looks like this is a Windows game!
Mon 24 Apr 17:37:46 EEST 2023 INFO - setWin - 'Yakuza0' determined to be a Windows Game
Mon 24 Apr 17:37:46 EEST 2023 INFO - createDefaultCfgs - createProtonList:
Mon 24 Apr 17:37:46 EEST 2023 INFO - createDefaultCfgs - createProtonList end
Mon 24 Apr 17:37:46 EEST 2023 INFO - listAllSettingsEntries - '/dev/shm/steamtinkerlaunch/setentries.txt' already exists - nothing to do
Mon 24 Apr 17:37:47 EEST 2023 INFO - createDefaultCfgs - STOP
Mon 24 Apr 17:37:47 EEST 2023 SKIP - listSteamLibraries - not recreating already available '/dev/shm/steamtinkerlaunch/SteamLibraries.txt'
Mon 24 Apr 17:37:47 EEST 2023 INFO - setSteamLibraryPaths - STEAM_COMPAT_LIBRARY_PATHS set to '/media/games/SteamLibrary/steamapps:/home/tommi/.local/share/Steam/steamapps'
Mon 24 Apr 17:37:47 EEST 2023 INFO - setSteamLibraryPaths - STEAM_COMPAT_MOUNTS set to '/home/tommi/.local/share/Steam/steamapps/common/Steamworks Shared:/home/tommi/.local/share/Steam/steamapps/common/SteamLinuxRuntime_soldier:/media/games/SteamLibrary/steamapps/common/SteamLinuxRuntime_sniper'
Mon 24 Apr 17:37:47 EEST 2023 INFO - setSteamLibraryPaths - STEAM_COMPAT_TOOL_PATHS set to '/home/tommi/.local/share/Steam/steamapps/common/SteamLinuxRuntime_soldier:/home/tommi/.local/share/Steam/steamapps/common/Steamworks Shared:/media/games/SteamLibrary/steamapps/common/SteamLinuxRuntime_sniper'
Mon 24 Apr 17:37:47 EEST 2023 INFO - main - Checking internal dependencies:
Mon 24 Apr 17:37:47 EEST 2023 INFO - setAwkBin - Found 'gawk' as an 'awk' variant. It should work without any issues, because 'gawk' was tested completely
Mon 24 Apr 17:37:47 EEST 2023 INFO - checkIntDeps - Result of version check for yad binary '/sbin/yad' is '12.3'
Mon 24 Apr 17:37:47 EEST 2023 INFO - main - Initializing first Proton:
Mon 24 Apr 17:37:47 EEST 2023 INFO - initOldProtonArr - Creating an initial array with available Proton versions using the file '/dev/shm/steamtinkerlaunch/ProtonCSV.txt' which was created during a previous run
Mon 24 Apr 17:37:47 EEST 2023 INFO - initFirstProton - Initializing Proton
Mon 24 Apr 17:37:47 EEST 2023 INFO - initFirstProton - Initial Proton version 'FIRSTUSEPROTON' from '/home/tommi/.config/steamtinkerlaunch/default_template.conf' is 'proton-8.0-1d'
Mon 24 Apr 17:37:47 EEST 2023 INFO - main - Initializing default window resolution
Mon 24 Apr 17:37:47 EEST 2023 INFO - setInitWinXY - Using '1920x1080' from config '/dev/shm/steamtinkerlaunch/defres.txt'
Mon 24 Apr 17:37:47 EEST 2023 INFO - main - Welcome to SteamTinkerLaunch
Mon 24 Apr 17:37:47 EEST 2023 INFO - removeEmptyFiles - Removing empty files from '/home/tommi/.config/steamtinkerlaunch/games/appinfo'
Mon 24 Apr 17:37:47 EEST 2023 INFO - removeEmptyFiles - Removing empty files from '/home/tommi/.config/steamtinkerlaunch/games/header'
Mon 24 Apr 17:37:47 EEST 2023 INFO - main - Checking command line: incoming arguments 'waitforexitandrun /media/games/SteamLibrary/steamapps/common/Yakuza 0/media/Yakuza0.exe'
Mon 24 Apr 17:37:47 EEST 2023 SKIP - getGameOS - ISGAME is already set to '2' - nothing to determine
Mon 24 Apr 17:37:47 EEST 2023 INFO - linkLog - Symlink '/home/tommi/.config/steamtinkerlaunch/logs/steamtinkerlaunch/title/Yakuza 0.log' already exists
Mon 24 Apr 17:37:47 EEST 2023 START - ######### Game Launch: Yakuza 0 (638970) #########
Mon 24 Apr 17:37:47 EEST 2023 INFO - prepareLaunch - Game launch args '/media/games/SteamLibrary/steamapps/common/Yakuza 0/media/Yakuza0.exe'
Mon 24 Apr 17:37:47 EEST 2023 INFO - prepareLaunch - Gamedir '/media/games/SteamLibrary/steamapps/common/Yakuza 0'
Mon 24 Apr 17:37:47 EEST 2023 INFO - prepareLaunch - Proton wineprefix '/media/games/SteamLibrary/steamapps/compatdata/638970/pfx'
Mon 24 Apr 17:37:47 EEST 2023 INFO - prepareLaunch -------------------
Mon 24 Apr 17:37:47 EEST 2023 INFO - prepareLaunch - CreateGameCfg:
Mon 24 Apr 17:37:47 EEST 2023 SKIP - updateConfigFile - Config file '/home/tommi/.config/steamtinkerlaunch/gamecfgs/id/638970.conf' already at version 'v12.12'
Mon 24 Apr 17:37:47 EEST 2023 INFO - linkGameCfg - Symlink '/home/tommi/.config/steamtinkerlaunch/gamecfgs/title/Yakuza 0.conf' already exists
Mon 24 Apr 17:37:47 EEST 2023 INFO - prepareLaunch - First LoadCfg: /home/tommi/.config/steamtinkerlaunch/gamecfgs/id/638970.conf
Mon 24 Apr 17:37:47 EEST 2023 INFO - loadCfg - '/home/tommi/.config/steamtinkerlaunch/gamecfgs/id/638970.conf' START
Mon 24 Apr 17:37:47 EEST 2023 INFO - loadCfg - Loading game config '/home/tommi/.config/steamtinkerlaunch/gamecfgs/id/638970.conf'
Mon 24 Apr 17:37:47 EEST 2023 INFO - migrateCfgOption - File '/home/tommi/.config/steamtinkerlaunch/dxvk/638970.conf' does not exist - nothing to do
Mon 24 Apr 17:37:47 EEST 2023 INFO - loadCfg - '/home/tommi/.config/steamtinkerlaunch/gamecfgs/id/638970.conf' STOP
Mon 24 Apr 17:37:48 EEST 2023 SKIP - autoBumpReShade - '5.4.2' is the latest version of 'ReShade' - not updating
Mon 24 Apr 17:37:48 EEST 2023 INFO - prepareLaunch - Initial Proton version from the game config: 'proton-8.0-1d'
Mon 24 Apr 17:37:48 EEST 2023 INFO - prepareLaunch - Initializing internal Proton Vars for 'proton-8.0-1d' using setNewProtVars
Mon 24 Apr 17:37:48 EEST 2023 INFO - setNewProtVars - Setting new Proton Variables based on '/media/games/SteamLibrary/steamapps/common/Proton 8.0/proton'
Mon 24 Apr 17:37:48 EEST 2023 INFO - setNewProtVars - Continuing with RUNPROTON='/media/games/SteamLibrary/steamapps/common/Proton 8.0/proton'
Mon 24 Apr 17:37:48 EEST 2023 INFO - setRunWineServer - Initiated from 'setNewProtVars'
Mon 24 Apr 17:37:48 EEST 2023 INFO - setRunWineServer - Set the wine binary for proton in path '/media/games/SteamLibrary/steamapps/common/Proton 8.0/proton'
Mon 24 Apr 17:37:48 EEST 2023 INFO - setRunWineServer - to '/media/games/SteamLibrary/steamapps/common/Proton 8.0/dist/bin/wine'
Mon 24 Apr 17:37:48 EEST 2023 INFO - setRunWineServer - and wineserver to '/media/games/SteamLibrary/steamapps/common/Proton 8.0/dist/bin/wineserver'
Mon 24 Apr 17:37:48 EEST 2023 INFO - prepareLaunch - OpenTrayIcon:
Mon 24 Apr 17:37:48 EEST 2023 INFO - autoCollectionSettings - Searching collections for game '638970' in '/home/tommi/.local/share/Steam/userdata/857027103/7/remote/sharedconfig.vdf'
Mon 24 Apr 17:37:48 EEST 2023 SKIP - autoCollectionSettings - Global Config '' not found - skipping
Mon 24 Apr 17:37:48 EEST 2023 SKIP - autoCollectionSettings - Collections Directory Config '' not found - skipping
Mon 24 Apr 17:37:48 EEST 2023 INFO - setFullGameExePath - User did not enable 'CUSTOMCMDRESHADE' - Using the game's exe directroy as the ReShade installation directory
Mon 24 Apr 17:37:48 EEST 2023 INFO - setShaderDest - Determining Shader destination directory SHADDESTDIR
Mon 24 Apr 17:37:48 EEST 2023 INFO - setShaderDest - Using variable ABSGAMEEXEPATH for Shader destination directory '/media/games/SteamLibrary/steamapps/common/Yakuza 0/media'
Mon 24 Apr 17:37:48 EEST 2023 INFO - setShaderDest - Using Shader destination directory '/media/games/SteamLibrary/steamapps/common/Yakuza 0/media'
Mon 24 Apr 17:37:48 EEST 2023 INFO - setShaderDest - Shader destination directory is '/media/games/SteamLibrary/steamapps/common/Yakuza 0/media'
Mon 24 Apr 17:37:48 EEST 2023 INFO - setFullGameExePath - Using SHADDESTDIR '/media/games/SteamLibrary/steamapps/common/Yakuza 0/media' for 'SHADDESTDIR'
Mon 24 Apr 17:37:48 EEST 2023 INFO - openTrayIcon - Opening trayIcon:
Mon 24 Apr 17:37:48 EEST 2023 INFO - prepareLaunch - sortGameArgs:
Mon 24 Apr 17:37:48 EEST 2023 SKIP - sortGameArgs - Sorting the game arguments is disabled
Mon 24 Apr 17:37:48 EEST 2023 INFO - prepareLaunch - AskSettings:
Mon 24 Apr 17:37:48 EEST 2023 INFO - askSettings - Using game specific requester timeout '2'
Mon 24 Apr 17:37:48 EEST 2023 INFO - askSettings - Opening Requester with timeout '2'
Mon 24 Apr 17:37:48 EEST 2023 INFO - getGameTextFiles - Searching for at least one editable textfile in '/media/games/SteamLibrary/steamapps/compatdata/638970/pfx/drive_c/users/steamuser'
Mon 24 Apr 17:37:48 EEST 2023 INFO - getRes - Detected screen resolution '2560x1440'
Mon 24 Apr 17:37:48 EEST 2023 INFO - pollWinRes - Using GEOM '--geometry=1920x1080+0+0' from '/home/tommi/.config/steamtinkerlaunch/guicfgs/2560x1440/638970/SteamTinkerLaunch-OpenSettings.conf'
Mon 24 Apr 17:37:48 EEST 2023 INFO - updateWinRes - Starting resolution-poll for '/home/tommi/.config/steamtinkerlaunch/guicfgs/2560x1440/638970/SteamTinkerLaunch-OpenSettings.conf' with incoming '1920x1080'
Mon 24 Apr 17:37:48 EEST 2023 INFO - setShowPic - Determining game picture
Mon 24 Apr 17:37:48 EEST 2023 INFO - setShowPic - Using '/home/tommi/.config/steamtinkerlaunch/games/header/638970.jpg' as game picture
Mon 24 Apr 17:37:48 EEST 2023 INFO - updateWinRes - Waiting for Window 'SteamTinkerLaunch-OpenSettings'
Mon 24 Apr 17:37:48 EEST 2023 INFO - getSteamDeckCompatInfo - Steam Deck compatibility rating file '/home/tommi/.config/steamtinkerlaunch/games/deckinfo/638970-deckcompatrating.json' already exists - not redownloading
Mon 24 Apr 17:37:48 EEST 2023 INFO - getSteamDeckCompatInfo - Successfully retrieved Steam Deck compatility information - Stored to '/home/tommi/.config/steamtinkerlaunch/games/deckinfo/638970-deckcompatrating.json'
Mon 24 Apr 17:37:48 EEST 2023 INFO - getSteamDeckCompatInfo - Successfully retrieved Steam Deck compatibility rating of 'Verified' for '638970'
Mon 24 Apr 17:37:48 EEST 2023 INFO - getSteamDeckCompatInfo - Converting language tokens for Steam Deck compatibility criteria into SteamTinkerLaunch translated strings
Mon 24 Apr 17:37:48 EEST 2023 INFO - getSteamDeckCompatInfo - Seems like no developer comments were left for this game - This is fine as most games don't have this, so skipping
Mon 24 Apr 17:37:48 EEST 2023 INFO - getSteamDeckCompatInfo - Finished setting Steam Deck compatibility criteria strings
Mon 24 Apr 17:37:48 EEST 2023 INFO - askSettings - Steam Deck compatibility rating string is '<b>Steam Deck Compatibility:</b> Verified &#10003;'
Mon 24 Apr 17:37:48 EEST 2023 INFO - askSettings - Preparing to show Wait Requester
Mon 24 Apr 17:37:49 EEST 2023 INFO - updateWinRes - Waiting for Window 'SteamTinkerLaunch-OpenSettings'
Mon 24 Apr 17:37:50 EEST 2023 INFO - updateWinRes - Waiting for Window 'SteamTinkerLaunch-OpenSettings'
Mon 24 Apr 17:37:51 EEST 2023 SKIP - updateWinRes - Timeout waiting for Window 'SteamTinkerLaunch-OpenSettings'
Mon 24 Apr 17:37:51 EEST 2023 INFO - askSettings - TIMEOUT - Starting game without opening the Settings Menu
Mon 24 Apr 17:37:51 EEST 2023 INFO - prepareLaunch - Second LoadCfg after menus: /home/tommi/.config/steamtinkerlaunch/gamecfgs/id/638970.conf
Mon 24 Apr 17:37:51 EEST 2023 INFO - loadCfg - '/home/tommi/.config/steamtinkerlaunch/gamecfgs/id/638970.conf' START
Mon 24 Apr 17:37:51 EEST 2023 INFO - loadCfg - Loading game config '/home/tommi/.config/steamtinkerlaunch/gamecfgs/id/638970.conf'
Mon 24 Apr 17:37:51 EEST 2023 INFO - migrateCfgOption - File '/home/tommi/.config/steamtinkerlaunch/dxvk/638970.conf' does not exist - nothing to do
Mon 24 Apr 17:37:51 EEST 2023 INFO - loadCfg - '/home/tommi/.config/steamtinkerlaunch/gamecfgs/id/638970.conf' STOP
Mon 24 Apr 17:37:51 EEST 2023 INFO - setDxvkVars - Exporting variable 'DXVK_FRAME_RATE=none' to limit game framerate
Mon 24 Apr 17:37:51 EEST 2023 INFO - autoCollectionSettings - Searching collections for game '638970' in '/home/tommi/.local/share/Steam/userdata/857027103/7/remote/sharedconfig.vdf'
Mon 24 Apr 17:37:51 EEST 2023 SKIP - autoCollectionSettings - Global Config '' not found - skipping
Mon 24 Apr 17:37:51 EEST 2023 SKIP - autoCollectionSettings - Collections Directory Config '' not found - skipping
Mon 24 Apr 17:37:51 EEST 2023 INFO - prepareLaunch - sortGameArgs again, in case something changed above:
Mon 24 Apr 17:37:51 EEST 2023 SKIP - sortGameArgs - Sorting the game arguments is disabled
Mon 24 Apr 17:37:51 EEST 2023 INFO - prepareLaunch - symlinkSteamUser:
Mon 24 Apr 17:37:51 EEST 2023 SKIP - symlinkSteamUser - Symlinking steamuser is disabled - Checking if a symlink needs to be reverted
Mon 24 Apr 17:37:51 EEST 2023 SKIP - symlinkSteamUser - '/media/games/SteamLibrary/steamapps/compatdata/638970/pfx/drive_c/users/steamuser' is no symlink - nothing to do
Mon 24 Apr 17:37:51 EEST 2023 INFO - prepareLaunch - restoreSteamUser:
Mon 24 Apr 17:37:51 EEST 2023 INFO - restoreSteamUser - Using configured value 'none' for RESTORESTEAMUSER
Mon 24 Apr 17:37:51 EEST 2023 INFO - restoreSteamUser - Restoration of steamuser data is disabled with RESTORESTEAMUSER being 'none
Mon 24 Apr 17:37:51 EEST 2023 INFO - prepareLaunch - prepareProton:
Mon 24 Apr 17:37:51 EEST 2023 INFO - prepareLaunch - setLinGameVals :
Mon 24 Apr 17:37:51 EEST 2023 INFO - prepareLaunch - CheckTweakLaunch:
Mon 24 Apr 17:37:51 EEST 2023 INFO - prepareLaunch - checkXliveless:
Mon 24 Apr 17:37:51 EEST 2023 INFO - prepareLaunch - chooseWinetricks:
Mon 24 Apr 17:37:51 EEST 2023 INFO - chooseWinetricks - Using systemwide winetricks with version '20220411'
Mon 24 Apr 17:37:51 EEST 2023 INFO - prepareLaunch - checkExtDeps:
Mon 24 Apr 17:37:51 EEST 2023 INFO - prepareLaunch - checkExtDeps done
Mon 24 Apr 17:37:51 EEST 2023 INFO - prepareLaunch - setWineVars:
Mon 24 Apr 17:37:51 EEST 2023 INFO - prepareLaunch - CheckWinetricksLaunch:
Mon 24 Apr 17:37:51 EEST 2023 INFO - prepareLaunch - CheckWineCfgLaunch:
Mon 24 Apr 17:37:51 EEST 2023 WARN - checkWineCfgLaunch - Function was called but RUN_WINECFG ('0') was not enabled - skipping
Mon 24 Apr 17:37:51 EEST 2023 INFO - prepareLaunch - CustomRegs:
Mon 24 Apr 17:37:51 EEST 2023 INFO - prepareLaunch - TogWindows:
Mon 24 Apr 17:37:51 EEST 2023 INFO - prepareLaunch - StateSteamWebHelper:
Mon 24 Apr 17:37:51 EEST 2023 INFO - prepareLaunch - InstallReshade:
Mon 24 Apr 17:37:51 EEST 2023 INFO - prepareLaunch - installDepth3DReshade:
Mon 24 Apr 17:37:51 EEST 2023 INFO - prepareLaunch - checkReshade:
Mon 24 Apr 17:37:51 EEST 2023 INFO - autoCollectionSettings - Searching collections for game '638970' in '/home/tommi/.local/share/Steam/userdata/857027103/7/remote/sharedconfig.vdf'
Mon 24 Apr 17:37:51 EEST 2023 SKIP - autoCollectionSettings - Global Config '' not found - skipping
Mon 24 Apr 17:37:51 EEST 2023 SKIP - autoCollectionSettings - Collections Directory Config '' not found - skipping
Mon 24 Apr 17:37:51 EEST 2023 INFO - setFullGameExePath - User did not enable 'CUSTOMCMDRESHADE' - Using the game's exe directroy as the ReShade installation directory
Mon 24 Apr 17:37:51 EEST 2023 INFO - setFullGameExePath - Using SHADDESTDIR '/media/games/SteamLibrary/steamapps/common/Yakuza 0/media' for 'SHADDESTDIR'
Mon 24 Apr 17:37:51 EEST 2023 INFO - prepareLaunch - useSpecialK:
Mon 24 Apr 17:37:51 EEST 2023 INFO - setFullGameExePath - User did not enable 'CUSTOMCMDRESHADE' - Using the game's exe directroy as the ReShade installation directory
Mon 24 Apr 17:37:51 EEST 2023 INFO - setFullGameExePath - Using SHADDESTDIR '/media/games/SteamLibrary/steamapps/common/Yakuza 0/media' for 'SPEKDDIR'
Mon 24 Apr 17:37:51 EEST 2023 INFO - prepareLaunch - configureGeoElf:
Mon 24 Apr 17:37:51 EEST 2023 INFO - setFullGameExePath - User did not enable 'CUSTOMCMDRESHADE' - Using the game's exe directroy as the ReShade installation directory
Mon 24 Apr 17:37:51 EEST 2023 INFO - setFullGameExePath - Using SHADDESTDIR '/media/games/SteamLibrary/steamapps/common/Yakuza 0/media' for 'GEOELFDDIR'
Mon 24 Apr 17:37:51 EEST 2023 INFO - prepareLaunch - ChooseShaders:
Mon 24 Apr 17:37:51 EEST 2023 INFO - prepareLaunch - UseNyrnaz:
Mon 24 Apr 17:37:51 EEST 2023 INFO - prepareLaunch - UseReplay:
Mon 24 Apr 17:37:51 EEST 2023 INFO - prepareLaunch - CheckSBSVRLaunch:
Mon 24 Apr 17:37:51 EEST 2023 INFO - prepareLaunch - checkMO2:
Mon 24 Apr 17:37:51 EEST 2023 INFO - prepareLaunch - setNewRes:
Mon 24 Apr 17:37:51 EEST 2023 INFO - getRes - Detected screen resolution '2560x1440'
Mon 24 Apr 17:37:51 EEST 2023 INFO - prepareLaunch - customUserScriptStart:
Mon 24 Apr 17:37:51 EEST 2023 INFO - prepareLaunch - redirectSCDP:
Mon 24 Apr 17:37:51 EEST 2023 INFO - redirectSCDP - Using Proton version with minor version fix '8.0-1d' for compatdata directory name
Mon 24 Apr 17:37:51 EEST 2023 INFO - redirectSCDP - Using regular compatdata '/media/games/SteamLibrary/steamapps/compatdata/638970'
Mon 24 Apr 17:37:51 EEST 2023 INFO - prepareLaunch - checkIGCSInjector:
Mon 24 Apr 17:37:51 EEST 2023 INFO - prepareLaunch - checkOpenVRFSR:
Mon 24 Apr 17:37:51 EEST 2023 INFO - prepareLaunch - CheckFWS:
Mon 24 Apr 17:37:51 EEST 2023 INFO - loadCustomVars - Empty global config '/home/tommi/.config/steamtinkerlaunch/gamecfgs/customvars/global-custom-vars.conf' for user defined custom variables not loaded
Mon 24 Apr 17:37:51 EEST 2023 INFO - loadCustomVars - Empty game-specific config '/home/tommi/.config/steamtinkerlaunch/gamecfgs/customvars/638970.conf' for user defined custom variables not loaded
Mon 24 Apr 17:37:51 EEST 2023 INFO - prepareLaunch - CheckCustomLaunch:
Mon 24 Apr 17:37:51 EEST 2023 INFO - checkCustomLaunch - USECUSTOMCMD is set to '1' - trying to start custom program '/home/tommi/Downloads/Yakuza 0 v1.0-v20190311 Plus 26 Trainer.exe'
Mon 24 Apr 17:37:51 EEST 2023 INFO - checkCustomLaunch - FORK_CUSTOMCMD is set to 1 - forking the custom program in background and continue
Mon 24 Apr 17:37:51 EEST 2023 INFO - launchCustomProg - '/home/tommi/Downloads/Yakuza 0 v1.0-v20190311 Plus 26 Trainer.exe' not found - searching in gamedir
Mon 24 Apr 17:37:51 EEST 2023 INFO - launchCustomProg - '/home/tommi/Downloads/Yakuza 0 v1.0-v20190311 Plus 26 Trainer.exe' also not in '/media/games/SteamLibrary/steamapps/common/Yakuza 0//home/tommi/Downloads/Yakuza 0 v1.0-v20190311 Plus 26 Trainer.exe' - checking if absolute path was provided
Mon 24 Apr 17:37:51 EEST 2023 INFO - launchCustomProg - '/home/tommi/Downloads/Yakuza 0 v1.0-v20190311 Plus 26 Trainer.exe' is absolute path
Mon 24 Apr 17:37:51 EEST 2023 INFO - launchCustomProg - Changed pwd into the custom directory '/home/tommi/Downloads'
Mon 24 Apr 17:37:51 EEST 2023 INFO - launchCustomProg - '/home/tommi/Downloads/Yakuza 0 v1.0-v20190311 Plus 26 Trainer.exe' seems to be a MS Windows program - starting through proton
Mon 24 Apr 17:37:51 EEST 2023 INFO - launchCustomProg - '/home/tommi/Downloads/Yakuza 0 v1.0-v20190311 Plus 26 Trainer.exe' seems to be a MS gui program - starting regularly
Mon 24 Apr 17:37:51 EEST 2023 INFO - launchCustomProg - FORK_CUSTOMCMD is set to 1 - forking the custom program in background and continue
Mon 24 Apr 17:37:51 EEST 2023 INFO - setRunProtonFromUseProton - Setting ORUNPROTON to '/media/games/SteamLibrary/steamapps/common/Proton 8.0/proton'
Mon 24 Apr 17:37:51 EEST 2023 SKIP - setRunProtonFromUseProton - RUNPROTON '/media/games/SteamLibrary/steamapps/common/Proton 8.0/proton' hasn't changed
Mon 24 Apr 17:37:51 EEST 2023 INFO - extProtonRun - Continuing with RUNPROTON='/media/games/SteamLibrary/steamapps/common/Proton 8.0/proton'
Mon 24 Apr 17:37:51 EEST 2023 INFO - extProtonRun - No external program args here it seems
Mon 24 Apr 17:37:51 EEST 2023 INFO - extProtonRun - Starting '/home/tommi/Downloads/Yakuza 0 v1.0-v20190311 Plus 26 Trainer.exe' forked into the background
Mon 24 Apr 17:37:51 EEST 2023 INFO - restoreOrgVars - Restoring previously cleared Variables
Mon 24 Apr 17:37:52 EEST 2023 INFO - launchCustomProg - Changing pwd into previous directory
Mon 24 Apr 17:37:52 EEST 2023 INFO - prepareLaunch - checkUUUPatchLaunch:
Mon 24 Apr 17:37:52 EEST 2023 INFO - prepareLaunch - CheckStraceLaunch:
Mon 24 Apr 17:37:52 EEST 2023 INFO - prepareLaunch - CheckNetMonLaunch:
Mon 24 Apr 17:37:52 EEST 2023 INFO - prepareLaunch - checkWDIB:
Mon 24 Apr 17:37:52 EEST 2023 INFO - prepareLaunch - checkPulse:
Mon 24 Apr 17:37:52 EEST 2023 INFO - prepareLaunch - checkSteamAppIDFile:
Mon 24 Apr 17:37:52 EEST 2023 INFO - checkSteamAppIDFile - STEAMAPPIDFILE is disabled and there's no '/media/games/SteamLibrary/steamapps/common/Yakuza 0/steam_appid.txt' - nothing to do
Mon 24 Apr 17:37:52 EEST 2023 INFO - prepareLaunch - setCompatDataTitle:
Mon 24 Apr 17:37:52 EEST 2023 INFO - setCompatDataTitle - Symlink /home/tommi/.config/steamtinkerlaunch/compatdata/Yakuza 0 already exists
Mon 24 Apr 17:37:52 EEST 2023 INFO - setCompatDataTitle - Symlink '/home/tommi/.config/steamtinkerlaunch/compatdata/Yakuza 0' already points to the correct directory '/media/games/SteamLibrary/steamapps/compatdata/638970'
Mon 24 Apr 17:37:52 EEST 2023 SKIP - delayGameForCustomLaunch - Nothing to do
Mon 24 Apr 17:37:52 EEST 2023 INFO - prepareLaunch - launchSteamGame:
Mon 24 Apr 17:37:52 EEST 2023 INFO - launchSteamGame - Initial game command is 'waitforexitandrun /media/games/SteamLibrary/steamapps/common/Yakuza 0/media/Yakuza0.exe'
Mon 24 Apr 17:37:52 EEST 2023 INFO - setSLRReap - No SLR provided from command line, attempting to fetch required SLR from current compatibility tool's 'toolmanifest.vdf'
Mon 24 Apr 17:37:52 EEST 2023 INFO - getRequireToolAppidPath - Found tool manifest at '/media/games/SteamLibrary/steamapps/common/Proton 8.0/toolmanifest.vdf', attempting to get 'require_tool_appid' value...
Mon 24 Apr 17:37:52 EEST 2023 INFO - getRequireToolAppidPath - Got 'require_tool_appid' from '/media/games/SteamLibrary/steamapps/common/Proton 8.0/toolmanifest.vdf' ('1628350') - Returning path to tool
Mon 24 Apr 17:37:52 EEST 2023 INFO - getGameDir - Found matching App Manifest file for presumed entered AppID '1628350' - Manifest file is '/media/games/SteamLibrary/steamapps/appmanifest_1628350.acf'
Mon 24 Apr 17:37:52 EEST 2023 INFO - setSLRReap - '/media/games/SteamLibrary/steamapps/common/SteamLinuxRuntime_sniper' exists - Path gotten from specified AppID looks valid
Mon 24 Apr 17:37:52 EEST 2023 INFO - setSLRReap - Building Steam Linux Runtime command for Proton game
Mon 24 Apr 17:37:52 EEST 2023 INFO - setSLRReap - Adding SLR '/media/games/SteamLibrary/steamapps/common/SteamLinuxRuntime_sniper/_v2-entry-point --verb=waitforexitandrun --' to the launch command
Mon 24 Apr 17:37:52 EEST 2023 INFO - gameArgs - Game doesn't use any command line arguments
Mon 24 Apr 17:37:52 EEST 2023 INFO - launchSteamGame - Preparing proton command
Mon 24 Apr 17:37:52 EEST 2023 INFO - setProtonCmd - Proton override enabled, so checking if it needs updated
Mon 24 Apr 17:37:52 EEST 2023 INFO - setRunProtonFromUseProton - Setting ORUNPROTON to '/media/games/SteamLibrary/steamapps/common/Proton 8.0/proton'
Mon 24 Apr 17:37:52 EEST 2023 SKIP - setRunProtonFromUseProton - RUNPROTON '/media/games/SteamLibrary/steamapps/common/Proton 8.0/proton' hasn't changed
Mon 24 Apr 17:37:52 EEST 2023 SKIP - fixSymlinks - Fixing Symlinks is not enabled
Mon 24 Apr 17:37:52 EEST 2023 SKIP - unSymlink - Unsymlinking is not enabled
Mon 24 Apr 17:37:52 EEST 2023 INFO - setProtonCmd - Prepending Proton 'proton-8.0-1d' (='/media/games/SteamLibrary/steamapps/common/Proton 8.0/proton') to the command line '/media/games/SteamLibrary/steamapps/common/Yakuza 0/media/Yakuza0.exe'
Mon 24 Apr 17:37:52 EEST 2023 INFO - setProtonCmd - UPDATED game start command is: /media/games/SteamLibrary/steamapps/common/Yakuza 0/media/Yakuza0.exe
Mon 24 Apr 17:37:52 EEST 2023 INFO - setProtonCmd - Starting 'Yakuza 0 (638970)' with Proton: 'proton-8.0-1d'
Mon 24 Apr 17:37:52 EEST 2023 INFO - launchSteamGame - Original incoming start command: 'waitforexitandrun /media/games/SteamLibrary/steamapps/common/Yakuza 0/media/Yakuza0.exe'
Mon 24 Apr 17:37:52 EEST 2023 INFO - launchSteamGame - Final outgoing start command: '/media/games/SteamLibrary/steamapps/common/SteamLinuxRuntime_sniper/_v2-entry-point --verb=waitforexitandrun -- /media/games/SteamLibrary/steamapps/common/Proton 8.0/proton waitforexitandrun /media/games/SteamLibrary/steamapps/common/Yakuza 0/media/Yakuza0.exe'
Mon 24 Apr 17:37:52 EEST 2023 INFO - loadCfg - '/home/tommi/.config/steamtinkerlaunch/meta/id/general/638970.conf' START
Mon 24 Apr 17:37:52 EEST 2023 INFO - loadCfg - '/home/tommi/.config/steamtinkerlaunch/meta/id/general/638970.conf' STOP
Mon 24 Apr 17:37:52 EEST 2023 INFO - startGame - Getting the Game Window name:
Mon 24 Apr 17:37:52 EEST 2023 SKIP - getGameWindowName - Already have the gamewindow name: 'Yakuza 0' - skipping
Mon 24 Apr 17:37:52 EEST 2023 INFO - startGame - Full start command is '/media/games/SteamLibrary/steamapps/common/SteamLinuxRuntime_sniper/_v2-entry-point --verb=waitforexitandrun -- /media/games/SteamLibrary/steamapps/common/Proton 8.0/proton waitforexitandrun /media/games/SteamLibrary/steamapps/common/Yakuza 0/media/Yakuza0.exe'
Mon 24 Apr 17:37:52 EEST 2023 INFO - startGame - Rebuilding STEAM_COMPAT_TOOL_PATHS variable:
Mon 24 Apr 17:37:52 EEST 2023 INFO - startGame - Adding RUNPROTON '/media/games/SteamLibrary/steamapps/common/Proton 8.0'
Mon 24 Apr 17:37:52 EEST 2023 INFO - startGame - Adding '' because USESLR is enabled
Mon 24 Apr 17:37:52 EEST 2023 INFO - startGame - Result: Set STEAM_COMPAT_TOOL_PATHS from '/home/tommi/.local/share/Steam/steamapps/common/SteamLinuxRuntime_soldier:/home/tommi/.local/share/Steam/steamapps/common/Steamworks Shared:/media/games/SteamLibrary/steamapps/common/SteamLinuxRuntime_sniper' to '/media/games/SteamLibrary/steamapps/common/Proton 8.0:'
Mon 24 Apr 17:37:52 EEST 2023 INFO - startGame - ## ORIGINAL INCOMING LAUNCH COMMAND: 'waitforexitandrun /media/games/SteamLibrary/steamapps/common/Yakuza 0/media/Yakuza0.exe'
Mon 24 Apr 17:37:52 EEST 2023 INFO - startGame - ## STL LAUNCH COMMAND: '/media/games/SteamLibrary/steamapps/common/SteamLinuxRuntime_sniper/_v2-entry-point --verb=waitforexitandrun -- /media/games/SteamLibrary/steamapps/common/Proton 8.0/proton waitforexitandrun /media/games/SteamLibrary/steamapps/common/Yakuza 0/media/Yakuza0.exe'
Mon 24 Apr 17:37:52 EEST 2023 INFO - startGame - ## GAMESTART HERE ###
Mon 24 Apr 17:37:52 EEST 2023 INFO - restoreOrgVars - Restoring previously cleared Variables
