2023-11-05 15:41:55.775 [info] Reading sessions from keychain...
2023-11-05 15:41:55.775 [info] Getting sessions for all scopes...
2023-11-05 15:41:55.775 [info] Got 0 sessions for ...
2023-11-05 15:41:55.775 [info] Getting sessions for all scopes...
2023-11-05 15:41:55.775 [info] Got 0 sessions for ...
2023-11-05 15:41:55.775 [info] Getting sessions for read:user,repo,user:email,workflow...
2023-11-05 15:41:55.775 [info] Got 0 sessions for read:user,repo,user:email,workflow...
2023-11-05 15:44:13.416 [info] Getting sessions for read:user...
2023-11-05 15:44:13.416 [info] Got 0 sessions for read:user...
2023-11-05 15:44:13.428 [info] Getting sessions for user:email...
2023-11-05 15:44:13.428 [info] Got 0 sessions for user:email...
2023-11-05 15:44:13.470 [info] Getting sessions for user:email...
2023-11-05 15:44:13.470 [info] Got 0 sessions for user:email...
2023-11-05 15:44:13.473 [info] Getting sessions for read:user...
2023-11-05 15:44:13.473 [info] Got 0 sessions for read:user...
2023-11-05 15:44:15.990 [info] Getting sessions for read:user...
2023-11-05 15:44:15.990 [info] Got 0 sessions for read:user...
2023-11-05 15:44:15.991 [info] Getting sessions for user:email...
2023-11-05 15:44:15.991 [info] Got 0 sessions for user:email...
2023-11-05 15:44:15.992 [info] Getting sessions for read:user...
2023-11-05 15:44:15.992 [info] Got 0 sessions for read:user...
2023-11-05 15:44:15.992 [info] Getting sessions for user:email...
2023-11-05 15:44:15.992 [info] Got 0 sessions for user:email...
2023-11-05 15:44:17.351 [info] Logging in for the following scopes: user:email
2023-11-05 15:44:17.363 [info] Trying without local server... (user:email)
2023-11-05 15:44:23.026 [info] Exchanging code for token...
2023-11-05 15:44:23.307 [info] Token exchange success!
2023-11-05 15:44:23.311 [info] Getting user info...
2023-11-05 15:44:23.981 [info] Got account info!
2023-11-05 15:44:23.983 [info] Storing 1 sessions...
2023-11-05 15:44:26.490 [info] Reading sessions from keychain...
2023-11-05 15:44:26.490 [info] Stored 1 sessions!
2023-11-05 15:44:26.490 [info] Login success!
2023-11-05 15:44:26.548 [info] Got stored sessions!
2023-11-05 15:44:26.548 [info] Got 1 verified sessions.
2023-11-05 15:44:26.571 [info] Getting sessions for read:user,repo,user:email,workflow...
2023-11-05 15:44:26.571 [info] Got 0 sessions for read:user,repo,user:email,workflow...
2023-11-05 15:44:26.571 [info] Getting sessions for user:email...
2023-11-05 15:44:26.571 [info] Got 1 sessions for user:email...
2023-11-05 15:44:26.571 [info] Getting sessions for read:user...
2023-11-05 15:44:26.571 [info] Got 0 sessions for read:user...
2023-11-05 15:44:26.572 [info] Getting sessions for user:email...
2023-11-05 15:44:26.572 [info] Got 1 sessions for user:email...
2023-11-05 15:44:26.572 [info] Getting sessions for user:email...
2023-11-05 15:44:26.572 [info] Got 1 sessions for user:email...
2023-11-05 15:44:26.978 [info] Getting sessions for user:email...
2023-11-05 15:44:26.978 [info] Got 1 sessions for user:email...
2023-11-05 15:44:26.982 [info] Getting sessions for user:email...
2023-11-05 15:44:26.982 [info] Got 1 sessions for user:email...
2023-11-05 15:45:11.693 [info] Getting sessions for user:email...
2023-11-05 15:45:11.693 [info] Got 1 sessions for user:email...
