2023-03-18T09:20:38.877Z [Modules] Modules initializing
2023-03-18T09:20:38.877Z [Modules] Distribution: remote
2023-03-18T09:20:38.877Z [Modules] Host updates: enabled
2023-03-18T09:20:38.877Z [Modules] Module updates: enabled
2023-03-18T09:20:38.877Z [Modules] Module install path: /home/tommi/.config/discord/0.0.25/modules
2023-03-18T09:20:38.877Z [Modules] Module installed file path: /home/tommi/.config/discord/0.0.25/modules/installed.json
2023-03-18T09:20:38.877Z [Modules] Module download path: /home/tommi/.config/discord/0.0.25/modules/pending
2023-03-18T09:20:38.987Z [Modules] Bootstrapping...
2023-03-18T09:20:38.987Z [Modules] Installing discord_desktop_core@0 from /opt/discord/resources/bootstrap/discord_desktop_core.zip
2023-03-18T09:20:38.988Z [Modules] Failed installing discord_desktop_core@0: Error: ENOENT: no such file or directory, open '/opt/discord/resources/bootstrap/discord_desktop_core.zip'
2023-03-18T09:20:38.988Z [Modules] Installing discord_erlpack@0 from /opt/discord/resources/bootstrap/discord_erlpack.zip
2023-03-18T09:20:38.988Z [Modules] Failed installing discord_erlpack@0: Error: ENOENT: no such file or directory, open '/opt/discord/resources/bootstrap/discord_erlpack.zip'
2023-03-18T09:20:38.988Z [Modules] Installing discord_spellcheck@0 from /opt/discord/resources/bootstrap/discord_spellcheck.zip
2023-03-18T09:20:38.989Z [Modules] Failed installing discord_spellcheck@0: Error: ENOENT: no such file or directory, open '/opt/discord/resources/bootstrap/discord_spellcheck.zip'
2023-03-18T09:20:38.989Z [Modules] Installing discord_utils@0 from /opt/discord/resources/bootstrap/discord_utils.zip
2023-03-18T09:20:38.989Z [Modules] Failed installing discord_utils@0: Error: ENOENT: no such file or directory, open '/opt/discord/resources/bootstrap/discord_utils.zip'
2023-03-18T09:20:38.989Z [Modules] Installing discord_voice@0 from /opt/discord/resources/bootstrap/discord_voice.zip
2023-03-18T09:20:38.989Z [Modules] Failed installing discord_voice@0: Error: ENOENT: no such file or directory, open '/opt/discord/resources/bootstrap/discord_voice.zip'
2023-03-18T09:20:38.989Z [Modules] Finished module installations. [success: 0] [failure: 5]
2023-03-18T09:20:38.990Z [Modules] Checking for host updates.
2023-03-18T09:20:39.214Z [Modules] Host is up to date.
2023-03-18T09:20:39.215Z [Modules] Checking for module updates at https://discord.com/api/modules/stable/versions.json
2023-03-18T09:20:39.265Z [Modules] Module update available: discord_desktop_core@1 [installed: 0]
2023-03-18T09:20:39.266Z [Modules] Module update available: discord_erlpack@1 [installed: 0]
2023-03-18T09:20:39.266Z [Modules] Module update available: discord_spellcheck@1 [installed: 0]
2023-03-18T09:20:39.266Z [Modules] Module update available: discord_utils@1 [installed: 0]
2023-03-18T09:20:39.266Z [Modules] Module update available: discord_voice@1 [installed: 0]
2023-03-18T09:20:39.266Z [Modules] Fetching discord_desktop_core@1 from https://discord.com/api/modules/stable/discord_desktop_core/1
2023-03-18T09:20:39.266Z [Modules] Streaming discord_desktop_core@1 to /home/tommi/.config/discord/0.0.25/modules/pending/discord_desktop_core-1.zip
2023-03-18T09:20:39.594Z [Modules] Streaming discord_desktop_core@1 to /home/tommi/.config/discord/0.0.25/modules/pending/discord_desktop_core-1.zip: 2%
2023-03-18T09:20:39.598Z [Modules] Streaming discord_desktop_core@1 to /home/tommi/.config/discord/0.0.25/modules/pending/discord_desktop_core-1.zip: 4%
2023-03-18T09:20:39.601Z [Modules] Streaming discord_desktop_core@1 to /home/tommi/.config/discord/0.0.25/modules/pending/discord_desktop_core-1.zip: 7%
2023-03-18T09:20:39.601Z [Modules] Streaming discord_desktop_core@1 to /home/tommi/.config/discord/0.0.25/modules/pending/discord_desktop_core-1.zip: 8%
2023-03-18T09:20:39.603Z [Modules] Streaming discord_desktop_core@1 to /home/tommi/.config/discord/0.0.25/modules/pending/discord_desktop_core-1.zip: 11%
2023-03-18T09:20:39.603Z [Modules] Streaming discord_desktop_core@1 to /home/tommi/.config/discord/0.0.25/modules/pending/discord_desktop_core-1.zip: 12%
2023-03-18T09:20:39.606Z [Modules] Streaming discord_desktop_core@1 to /home/tommi/.config/discord/0.0.25/modules/pending/discord_desktop_core-1.zip: 13%
2023-03-18T09:20:39.609Z [Modules] Streaming discord_desktop_core@1 to /home/tommi/.config/discord/0.0.25/modules/pending/discord_desktop_core-1.zip: 17%
2023-03-18T09:20:39.609Z [Modules] Streaming discord_desktop_core@1 to /home/tommi/.config/discord/0.0.25/modules/pending/discord_desktop_core-1.zip: 20%
2023-03-18T09:20:39.614Z [Modules] Streaming discord_desktop_core@1 to /home/tommi/.config/discord/0.0.25/modules/pending/discord_desktop_core-1.zip: 24%
2023-03-18T09:20:39.618Z [Modules] Streaming discord_desktop_core@1 to /home/tommi/.config/discord/0.0.25/modules/pending/discord_desktop_core-1.zip: 28%
2023-03-18T09:20:39.618Z [Modules] Streaming discord_desktop_core@1 to /home/tommi/.config/discord/0.0.25/modules/pending/discord_desktop_core-1.zip: 35%
2023-03-18T09:20:39.619Z [Modules] Streaming discord_desktop_core@1 to /home/tommi/.config/discord/0.0.25/modules/pending/discord_desktop_core-1.zip: 37%
2023-03-18T09:20:39.620Z [Modules] Streaming discord_desktop_core@1 to /home/tommi/.config/discord/0.0.25/modules/pending/discord_desktop_core-1.zip: 41%
2023-03-18T09:20:39.620Z [Modules] Streaming discord_desktop_core@1 to /home/tommi/.config/discord/0.0.25/modules/pending/discord_desktop_core-1.zip: 48%
2023-03-18T09:20:39.622Z [Modules] Streaming discord_desktop_core@1 to /home/tommi/.config/discord/0.0.25/modules/pending/discord_desktop_core-1.zip: 51%
2023-03-18T09:20:39.622Z [Modules] Streaming discord_desktop_core@1 to /home/tommi/.config/discord/0.0.25/modules/pending/discord_desktop_core-1.zip: 55%
2023-03-18T09:20:39.622Z [Modules] Streaming discord_desktop_core@1 to /home/tommi/.config/discord/0.0.25/modules/pending/discord_desktop_core-1.zip: 56%
2023-03-18T09:20:39.623Z [Modules] Streaming discord_desktop_core@1 to /home/tommi/.config/discord/0.0.25/modules/pending/discord_desktop_core-1.zip: 63%
2023-03-18T09:20:39.624Z [Modules] Streaming discord_desktop_core@1 to /home/tommi/.config/discord/0.0.25/modules/pending/discord_desktop_core-1.zip: 66%
2023-03-18T09:20:39.624Z [Modules] Streaming discord_desktop_core@1 to /home/tommi/.config/discord/0.0.25/modules/pending/discord_desktop_core-1.zip: 69%
2023-03-18T09:20:39.626Z [Modules] Streaming discord_desktop_core@1 to /home/tommi/.config/discord/0.0.25/modules/pending/discord_desktop_core-1.zip: 72%
2023-03-18T09:20:39.626Z [Modules] Streaming discord_desktop_core@1 to /home/tommi/.config/discord/0.0.25/modules/pending/discord_desktop_core-1.zip: 80%
2023-03-18T09:20:39.626Z [Modules] Streaming discord_desktop_core@1 to /home/tommi/.config/discord/0.0.25/modules/pending/discord_desktop_core-1.zip: 84%
2023-03-18T09:20:39.628Z [Modules] Streaming discord_desktop_core@1 to /home/tommi/.config/discord/0.0.25/modules/pending/discord_desktop_core-1.zip: 88%
2023-03-18T09:20:39.628Z [Modules] Streaming discord_desktop_core@1 to /home/tommi/.config/discord/0.0.25/modules/pending/discord_desktop_core-1.zip: 95%
2023-03-18T09:20:39.629Z [Modules] Streaming discord_desktop_core@1 to /home/tommi/.config/discord/0.0.25/modules/pending/discord_desktop_core-1.zip: 99%
2023-03-18T09:20:39.629Z [Modules] Streaming discord_desktop_core@1 to /home/tommi/.config/discord/0.0.25/modules/pending/discord_desktop_core-1.zip: 100%
2023-03-18T09:20:39.630Z [Modules] Fetching discord_erlpack@1 from https://discord.com/api/modules/stable/discord_erlpack/1
2023-03-18T09:20:39.630Z [Modules] Streaming discord_erlpack@1 to /home/tommi/.config/discord/0.0.25/modules/pending/discord_erlpack-1.zip
2023-03-18T09:20:39.908Z [Modules] Streaming discord_erlpack@1 to /home/tommi/.config/discord/0.0.25/modules/pending/discord_erlpack-1.zip: 3%
2023-03-18T09:20:39.909Z [Modules] Streaming discord_erlpack@1 to /home/tommi/.config/discord/0.0.25/modules/pending/discord_erlpack-1.zip: 11%
2023-03-18T09:20:39.909Z [Modules] Streaming discord_erlpack@1 to /home/tommi/.config/discord/0.0.25/modules/pending/discord_erlpack-1.zip: 15%
2023-03-18T09:20:39.910Z [Modules] Streaming discord_erlpack@1 to /home/tommi/.config/discord/0.0.25/modules/pending/discord_erlpack-1.zip: 19%
2023-03-18T09:20:39.911Z [Modules] Streaming discord_erlpack@1 to /home/tommi/.config/discord/0.0.25/modules/pending/discord_erlpack-1.zip: 26%
2023-03-18T09:20:39.911Z [Modules] Streaming discord_erlpack@1 to /home/tommi/.config/discord/0.0.25/modules/pending/discord_erlpack-1.zip: 28%
2023-03-18T09:20:39.912Z [Modules] Streaming discord_erlpack@1 to /home/tommi/.config/discord/0.0.25/modules/pending/discord_erlpack-1.zip: 31%
2023-03-18T09:20:39.913Z [Modules] Streaming discord_erlpack@1 to /home/tommi/.config/discord/0.0.25/modules/pending/discord_erlpack-1.zip: 38%
2023-03-18T09:20:39.913Z [Modules] Streaming discord_erlpack@1 to /home/tommi/.config/discord/0.0.25/modules/pending/discord_erlpack-1.zip: 42%
2023-03-18T09:20:39.914Z [Modules] Streaming discord_erlpack@1 to /home/tommi/.config/discord/0.0.25/modules/pending/discord_erlpack-1.zip: 46%
2023-03-18T09:20:39.915Z [Modules] Streaming discord_erlpack@1 to /home/tommi/.config/discord/0.0.25/modules/pending/discord_erlpack-1.zip: 53%
2023-03-18T09:20:39.915Z [Modules] Streaming discord_erlpack@1 to /home/tommi/.config/discord/0.0.25/modules/pending/discord_erlpack-1.zip: 56%
2023-03-18T09:20:39.916Z [Modules] Streaming discord_erlpack@1 to /home/tommi/.config/discord/0.0.25/modules/pending/discord_erlpack-1.zip: 60%
2023-03-18T09:20:39.917Z [Modules] Streaming discord_erlpack@1 to /home/tommi/.config/discord/0.0.25/modules/pending/discord_erlpack-1.zip: 62%
2023-03-18T09:20:39.917Z [Modules] Streaming discord_erlpack@1 to /home/tommi/.config/discord/0.0.25/modules/pending/discord_erlpack-1.zip: 66%
2023-03-18T09:20:39.917Z [Modules] Streaming discord_erlpack@1 to /home/tommi/.config/discord/0.0.25/modules/pending/discord_erlpack-1.zip: 71%
2023-03-18T09:20:39.919Z [Modules] Streaming discord_erlpack@1 to /home/tommi/.config/discord/0.0.25/modules/pending/discord_erlpack-1.zip: 75%
2023-03-18T09:20:39.919Z [Modules] Streaming discord_erlpack@1 to /home/tommi/.config/discord/0.0.25/modules/pending/discord_erlpack-1.zip: 83%
2023-03-18T09:20:39.919Z [Modules] Streaming discord_erlpack@1 to /home/tommi/.config/discord/0.0.25/modules/pending/discord_erlpack-1.zip: 84%
2023-03-18T09:20:39.920Z [Modules] Streaming discord_erlpack@1 to /home/tommi/.config/discord/0.0.25/modules/pending/discord_erlpack-1.zip: 88%
2023-03-18T09:20:39.921Z [Modules] Streaming discord_erlpack@1 to /home/tommi/.config/discord/0.0.25/modules/pending/discord_erlpack-1.zip: 92%
2023-03-18T09:20:39.921Z [Modules] Streaming discord_erlpack@1 to /home/tommi/.config/discord/0.0.25/modules/pending/discord_erlpack-1.zip: 93%
2023-03-18T09:20:39.921Z [Modules] Streaming discord_erlpack@1 to /home/tommi/.config/discord/0.0.25/modules/pending/discord_erlpack-1.zip: 100%
2023-03-18T09:20:39.922Z [Modules] Fetching discord_spellcheck@1 from https://discord.com/api/modules/stable/discord_spellcheck/1
2023-03-18T09:20:39.922Z [Modules] Streaming discord_spellcheck@1 to /home/tommi/.config/discord/0.0.25/modules/pending/discord_spellcheck-1.zip
2023-03-18T09:20:40.208Z [Modules] Streaming discord_spellcheck@1 to /home/tommi/.config/discord/0.0.25/modules/pending/discord_spellcheck-1.zip: 1%
2023-03-18T09:20:40.209Z [Modules] Streaming discord_spellcheck@1 to /home/tommi/.config/discord/0.0.25/modules/pending/discord_spellcheck-1.zip: 2%
2023-03-18T09:20:40.209Z [Modules] Streaming discord_spellcheck@1 to /home/tommi/.config/discord/0.0.25/modules/pending/discord_spellcheck-1.zip: 3%
2023-03-18T09:20:40.211Z [Modules] Streaming discord_spellcheck@1 to /home/tommi/.config/discord/0.0.25/modules/pending/discord_spellcheck-1.zip: 4%
2023-03-18T09:20:40.211Z [Modules] Streaming discord_spellcheck@1 to /home/tommi/.config/discord/0.0.25/modules/pending/discord_spellcheck-1.zip: 5%
2023-03-18T09:20:40.213Z [Modules] Streaming discord_spellcheck@1 to /home/tommi/.config/discord/0.0.25/modules/pending/discord_spellcheck-1.zip: 6%
2023-03-18T09:20:40.213Z [Modules] Streaming discord_spellcheck@1 to /home/tommi/.config/discord/0.0.25/modules/pending/discord_spellcheck-1.zip: 7%
2023-03-18T09:20:40.214Z [Modules] Streaming discord_spellcheck@1 to /home/tommi/.config/discord/0.0.25/modules/pending/discord_spellcheck-1.zip: 8%
2023-03-18T09:20:40.215Z [Modules] Streaming discord_spellcheck@1 to /home/tommi/.config/discord/0.0.25/modules/pending/discord_spellcheck-1.zip: 9%
2023-03-18T09:20:40.216Z [Modules] Streaming discord_spellcheck@1 to /home/tommi/.config/discord/0.0.25/modules/pending/discord_spellcheck-1.zip: 10%
2023-03-18T09:20:40.216Z [Modules] Streaming discord_spellcheck@1 to /home/tommi/.config/discord/0.0.25/modules/pending/discord_spellcheck-1.zip: 11%
2023-03-18T09:20:40.218Z [Modules] Streaming discord_spellcheck@1 to /home/tommi/.config/discord/0.0.25/modules/pending/discord_spellcheck-1.zip: 12%
2023-03-18T09:20:40.218Z [Modules] Streaming discord_spellcheck@1 to /home/tommi/.config/discord/0.0.25/modules/pending/discord_spellcheck-1.zip: 13%
2023-03-18T09:20:40.219Z [Modules] Streaming discord_spellcheck@1 to /home/tommi/.config/discord/0.0.25/modules/pending/discord_spellcheck-1.zip: 14%
2023-03-18T09:20:40.221Z [Modules] Streaming discord_spellcheck@1 to /home/tommi/.config/discord/0.0.25/modules/pending/discord_spellcheck-1.zip: 15%
2023-03-18T09:20:40.221Z [Modules] Streaming discord_spellcheck@1 to /home/tommi/.config/discord/0.0.25/modules/pending/discord_spellcheck-1.zip: 16%
2023-03-18T09:20:40.222Z [Modules] Streaming discord_spellcheck@1 to /home/tommi/.config/discord/0.0.25/modules/pending/discord_spellcheck-1.zip: 17%
2023-03-18T09:20:40.222Z [Modules] Streaming discord_spellcheck@1 to /home/tommi/.config/discord/0.0.25/modules/pending/discord_spellcheck-1.zip: 18%
2023-03-18T09:20:40.224Z [Modules] Streaming discord_spellcheck@1 to /home/tommi/.config/discord/0.0.25/modules/pending/discord_spellcheck-1.zip: 19%
2023-03-18T09:20:40.224Z [Modules] Streaming discord_spellcheck@1 to /home/tommi/.config/discord/0.0.25/modules/pending/discord_spellcheck-1.zip: 20%
2023-03-18T09:20:40.226Z [Modules] Streaming discord_spellcheck@1 to /home/tommi/.config/discord/0.0.25/modules/pending/discord_spellcheck-1.zip: 21%
2023-03-18T09:20:40.226Z [Modules] Streaming discord_spellcheck@1 to /home/tommi/.config/discord/0.0.25/modules/pending/discord_spellcheck-1.zip: 22%
2023-03-18T09:20:40.227Z [Modules] Streaming discord_spellcheck@1 to /home/tommi/.config/discord/0.0.25/modules/pending/discord_spellcheck-1.zip: 23%
2023-03-18T09:20:40.227Z [Modules] Streaming discord_spellcheck@1 to /home/tommi/.config/discord/0.0.25/modules/pending/discord_spellcheck-1.zip: 24%
2023-03-18T09:20:40.229Z [Modules] Streaming discord_spellcheck@1 to /home/tommi/.config/discord/0.0.25/modules/pending/discord_spellcheck-1.zip: 25%
2023-03-18T09:20:40.229Z [Modules] Streaming discord_spellcheck@1 to /home/tommi/.config/discord/0.0.25/modules/pending/discord_spellcheck-1.zip: 26%
2023-03-18T09:20:40.230Z [Modules] Streaming discord_spellcheck@1 to /home/tommi/.config/discord/0.0.25/modules/pending/discord_spellcheck-1.zip: 27%
2023-03-18T09:20:40.231Z [Modules] Streaming discord_spellcheck@1 to /home/tommi/.config/discord/0.0.25/modules/pending/discord_spellcheck-1.zip: 28%
2023-03-18T09:20:40.232Z [Modules] Streaming discord_spellcheck@1 to /home/tommi/.config/discord/0.0.25/modules/pending/discord_spellcheck-1.zip: 29%
2023-03-18T09:20:40.233Z [Modules] Streaming discord_spellcheck@1 to /home/tommi/.config/discord/0.0.25/modules/pending/discord_spellcheck-1.zip: 30%
2023-03-18T09:20:40.234Z [Modules] Streaming discord_spellcheck@1 to /home/tommi/.config/discord/0.0.25/modules/pending/discord_spellcheck-1.zip: 31%
2023-03-18T09:20:40.234Z [Modules] Streaming discord_spellcheck@1 to /home/tommi/.config/discord/0.0.25/modules/pending/discord_spellcheck-1.zip: 32%
2023-03-18T09:20:40.236Z [Modules] Streaming discord_spellcheck@1 to /home/tommi/.config/discord/0.0.25/modules/pending/discord_spellcheck-1.zip: 33%
2023-03-18T09:20:40.236Z [Modules] Streaming discord_spellcheck@1 to /home/tommi/.config/discord/0.0.25/modules/pending/discord_spellcheck-1.zip: 34%
2023-03-18T09:20:40.238Z [Modules] Streaming discord_spellcheck@1 to /home/tommi/.config/discord/0.0.25/modules/pending/discord_spellcheck-1.zip: 35%
2023-03-18T09:20:40.238Z [Modules] Streaming discord_spellcheck@1 to /home/tommi/.config/discord/0.0.25/modules/pending/discord_spellcheck-1.zip: 36%
2023-03-18T09:20:40.239Z [Modules] Streaming discord_spellcheck@1 to /home/tommi/.config/discord/0.0.25/modules/pending/discord_spellcheck-1.zip: 37%
2023-03-18T09:20:40.239Z [Modules] Streaming discord_spellcheck@1 to /home/tommi/.config/discord/0.0.25/modules/pending/discord_spellcheck-1.zip: 38%
2023-03-18T09:20:40.241Z [Modules] Streaming discord_spellcheck@1 to /home/tommi/.config/discord/0.0.25/modules/pending/discord_spellcheck-1.zip: 39%
2023-03-18T09:20:40.241Z [Modules] Streaming discord_spellcheck@1 to /home/tommi/.config/discord/0.0.25/modules/pending/discord_spellcheck-1.zip: 40%
2023-03-18T09:20:40.243Z [Modules] Streaming discord_spellcheck@1 to /home/tommi/.config/discord/0.0.25/modules/pending/discord_spellcheck-1.zip: 41%
2023-03-18T09:20:40.243Z [Modules] Streaming discord_spellcheck@1 to /home/tommi/.config/discord/0.0.25/modules/pending/discord_spellcheck-1.zip: 42%
2023-03-18T09:20:40.245Z [Modules] Streaming discord_spellcheck@1 to /home/tommi/.config/discord/0.0.25/modules/pending/discord_spellcheck-1.zip: 43%
2023-03-18T09:20:40.245Z [Modules] Streaming discord_spellcheck@1 to /home/tommi/.config/discord/0.0.25/modules/pending/discord_spellcheck-1.zip: 44%
2023-03-18T09:20:40.245Z [Modules] Streaming discord_spellcheck@1 to /home/tommi/.config/discord/0.0.25/modules/pending/discord_spellcheck-1.zip: 45%
2023-03-18T09:20:40.247Z [Modules] Streaming discord_spellcheck@1 to /home/tommi/.config/discord/0.0.25/modules/pending/discord_spellcheck-1.zip: 46%
2023-03-18T09:20:40.247Z [Modules] Streaming discord_spellcheck@1 to /home/tommi/.config/discord/0.0.25/modules/pending/discord_spellcheck-1.zip: 47%
2023-03-18T09:20:40.249Z [Modules] Streaming discord_spellcheck@1 to /home/tommi/.config/discord/0.0.25/modules/pending/discord_spellcheck-1.zip: 48%
2023-03-18T09:20:40.249Z [Modules] Streaming discord_spellcheck@1 to /home/tommi/.config/discord/0.0.25/modules/pending/discord_spellcheck-1.zip: 49%
2023-03-18T09:20:40.251Z [Modules] Streaming discord_spellcheck@1 to /home/tommi/.config/discord/0.0.25/modules/pending/discord_spellcheck-1.zip: 50%
2023-03-18T09:20:40.251Z [Modules] Streaming discord_spellcheck@1 to /home/tommi/.config/discord/0.0.25/modules/pending/discord_spellcheck-1.zip: 51%
2023-03-18T09:20:40.252Z [Modules] Streaming discord_spellcheck@1 to /home/tommi/.config/discord/0.0.25/modules/pending/discord_spellcheck-1.zip: 52%
2023-03-18T09:20:40.254Z [Modules] Streaming discord_spellcheck@1 to /home/tommi/.config/discord/0.0.25/modules/pending/discord_spellcheck-1.zip: 53%
2023-03-18T09:20:40.254Z [Modules] Streaming discord_spellcheck@1 to /home/tommi/.config/discord/0.0.25/modules/pending/discord_spellcheck-1.zip: 54%
2023-03-18T09:20:40.255Z [Modules] Streaming discord_spellcheck@1 to /home/tommi/.config/discord/0.0.25/modules/pending/discord_spellcheck-1.zip: 55%
2023-03-18T09:20:40.256Z [Modules] Streaming discord_spellcheck@1 to /home/tommi/.config/discord/0.0.25/modules/pending/discord_spellcheck-1.zip: 56%
2023-03-18T09:20:40.256Z [Modules] Streaming discord_spellcheck@1 to /home/tommi/.config/discord/0.0.25/modules/pending/discord_spellcheck-1.zip: 57%
2023-03-18T09:20:40.257Z [Modules] Streaming discord_spellcheck@1 to /home/tommi/.config/discord/0.0.25/modules/pending/discord_spellcheck-1.zip: 58%
2023-03-18T09:20:40.259Z [Modules] Streaming discord_spellcheck@1 to /home/tommi/.config/discord/0.0.25/modules/pending/discord_spellcheck-1.zip: 59%
2023-03-18T09:20:40.259Z [Modules] Streaming discord_spellcheck@1 to /home/tommi/.config/discord/0.0.25/modules/pending/discord_spellcheck-1.zip: 60%
2023-03-18T09:20:40.259Z [Modules] Streaming discord_spellcheck@1 to /home/tommi/.config/discord/0.0.25/modules/pending/discord_spellcheck-1.zip: 61%
2023-03-18T09:20:40.261Z [Modules] Streaming discord_spellcheck@1 to /home/tommi/.config/discord/0.0.25/modules/pending/discord_spellcheck-1.zip: 62%
2023-03-18T09:20:40.261Z [Modules] Streaming discord_spellcheck@1 to /home/tommi/.config/discord/0.0.25/modules/pending/discord_spellcheck-1.zip: 63%
2023-03-18T09:20:40.263Z [Modules] Streaming discord_spellcheck@1 to /home/tommi/.config/discord/0.0.25/modules/pending/discord_spellcheck-1.zip: 64%
2023-03-18T09:20:40.263Z [Modules] Streaming discord_spellcheck@1 to /home/tommi/.config/discord/0.0.25/modules/pending/discord_spellcheck-1.zip: 65%
2023-03-18T09:20:40.264Z [Modules] Streaming discord_spellcheck@1 to /home/tommi/.config/discord/0.0.25/modules/pending/discord_spellcheck-1.zip: 66%
2023-03-18T09:20:40.265Z [Modules] Streaming discord_spellcheck@1 to /home/tommi/.config/discord/0.0.25/modules/pending/discord_spellcheck-1.zip: 67%
2023-03-18T09:20:40.265Z [Modules] Streaming discord_spellcheck@1 to /home/tommi/.config/discord/0.0.25/modules/pending/discord_spellcheck-1.zip: 68%
2023-03-18T09:20:40.267Z [Modules] Streaming discord_spellcheck@1 to /home/tommi/.config/discord/0.0.25/modules/pending/discord_spellcheck-1.zip: 69%
2023-03-18T09:20:40.269Z [Modules] Streaming discord_spellcheck@1 to /home/tommi/.config/discord/0.0.25/modules/pending/discord_spellcheck-1.zip: 70%
2023-03-18T09:20:40.269Z [Modules] Streaming discord_spellcheck@1 to /home/tommi/.config/discord/0.0.25/modules/pending/discord_spellcheck-1.zip: 71%
2023-03-18T09:20:40.269Z [Modules] Streaming discord_spellcheck@1 to /home/tommi/.config/discord/0.0.25/modules/pending/discord_spellcheck-1.zip: 72%
2023-03-18T09:20:40.271Z [Modules] Streaming discord_spellcheck@1 to /home/tommi/.config/discord/0.0.25/modules/pending/discord_spellcheck-1.zip: 73%
2023-03-18T09:20:40.271Z [Modules] Streaming discord_spellcheck@1 to /home/tommi/.config/discord/0.0.25/modules/pending/discord_spellcheck-1.zip: 74%
2023-03-18T09:20:40.272Z [Modules] Streaming discord_spellcheck@1 to /home/tommi/.config/discord/0.0.25/modules/pending/discord_spellcheck-1.zip: 75%
2023-03-18T09:20:40.272Z [Modules] Streaming discord_spellcheck@1 to /home/tommi/.config/discord/0.0.25/modules/pending/discord_spellcheck-1.zip: 76%
2023-03-18T09:20:40.274Z [Modules] Streaming discord_spellcheck@1 to /home/tommi/.config/discord/0.0.25/modules/pending/discord_spellcheck-1.zip: 77%
2023-03-18T09:20:40.274Z [Modules] Streaming discord_spellcheck@1 to /home/tommi/.config/discord/0.0.25/modules/pending/discord_spellcheck-1.zip: 78%
2023-03-18T09:20:40.276Z [Modules] Streaming discord_spellcheck@1 to /home/tommi/.config/discord/0.0.25/modules/pending/discord_spellcheck-1.zip: 79%
2023-03-18T09:20:40.277Z [Modules] Streaming discord_spellcheck@1 to /home/tommi/.config/discord/0.0.25/modules/pending/discord_spellcheck-1.zip: 80%
2023-03-18T09:20:40.277Z [Modules] Streaming discord_spellcheck@1 to /home/tommi/.config/discord/0.0.25/modules/pending/discord_spellcheck-1.zip: 81%
2023-03-18T09:20:40.278Z [Modules] Streaming discord_spellcheck@1 to /home/tommi/.config/discord/0.0.25/modules/pending/discord_spellcheck-1.zip: 82%
2023-03-18T09:20:40.279Z [Modules] Streaming discord_spellcheck@1 to /home/tommi/.config/discord/0.0.25/modules/pending/discord_spellcheck-1.zip: 83%
2023-03-18T09:20:40.280Z [Modules] Streaming discord_spellcheck@1 to /home/tommi/.config/discord/0.0.25/modules/pending/discord_spellcheck-1.zip: 84%
2023-03-18T09:20:40.282Z [Modules] Streaming discord_spellcheck@1 to /home/tommi/.config/discord/0.0.25/modules/pending/discord_spellcheck-1.zip: 85%
2023-03-18T09:20:40.282Z [Modules] Streaming discord_spellcheck@1 to /home/tommi/.config/discord/0.0.25/modules/pending/discord_spellcheck-1.zip: 86%
2023-03-18T09:20:40.282Z [Modules] Streaming discord_spellcheck@1 to /home/tommi/.config/discord/0.0.25/modules/pending/discord_spellcheck-1.zip: 87%
2023-03-18T09:20:40.284Z [Modules] Streaming discord_spellcheck@1 to /home/tommi/.config/discord/0.0.25/modules/pending/discord_spellcheck-1.zip: 88%
2023-03-18T09:20:40.284Z [Modules] Streaming discord_spellcheck@1 to /home/tommi/.config/discord/0.0.25/modules/pending/discord_spellcheck-1.zip: 89%
2023-03-18T09:20:40.285Z [Modules] Streaming discord_spellcheck@1 to /home/tommi/.config/discord/0.0.25/modules/pending/discord_spellcheck-1.zip: 90%
2023-03-18T09:20:40.287Z [Modules] Streaming discord_spellcheck@1 to /home/tommi/.config/discord/0.0.25/modules/pending/discord_spellcheck-1.zip: 91%
2023-03-18T09:20:40.287Z [Modules] Streaming discord_spellcheck@1 to /home/tommi/.config/discord/0.0.25/modules/pending/discord_spellcheck-1.zip: 92%
2023-03-18T09:20:40.287Z [Modules] Streaming discord_spellcheck@1 to /home/tommi/.config/discord/0.0.25/modules/pending/discord_spellcheck-1.zip: 93%
2023-03-18T09:20:40.289Z [Modules] Streaming discord_spellcheck@1 to /home/tommi/.config/discord/0.0.25/modules/pending/discord_spellcheck-1.zip: 94%
2023-03-18T09:20:40.289Z [Modules] Streaming discord_spellcheck@1 to /home/tommi/.config/discord/0.0.25/modules/pending/discord_spellcheck-1.zip: 95%
2023-03-18T09:20:40.290Z [Modules] Streaming discord_spellcheck@1 to /home/tommi/.config/discord/0.0.25/modules/pending/discord_spellcheck-1.zip: 96%
2023-03-18T09:20:40.291Z [Modules] Streaming discord_spellcheck@1 to /home/tommi/.config/discord/0.0.25/modules/pending/discord_spellcheck-1.zip: 97%
2023-03-18T09:20:40.292Z [Modules] Streaming discord_spellcheck@1 to /home/tommi/.config/discord/0.0.25/modules/pending/discord_spellcheck-1.zip: 98%
2023-03-18T09:20:40.292Z [Modules] Streaming discord_spellcheck@1 to /home/tommi/.config/discord/0.0.25/modules/pending/discord_spellcheck-1.zip: 99%
2023-03-18T09:20:40.293Z [Modules] Streaming discord_spellcheck@1 to /home/tommi/.config/discord/0.0.25/modules/pending/discord_spellcheck-1.zip: 100%
2023-03-18T09:20:40.293Z [Modules] Fetching discord_utils@1 from https://discord.com/api/modules/stable/discord_utils/1
2023-03-18T09:20:40.293Z [Modules] Streaming discord_utils@1 to /home/tommi/.config/discord/0.0.25/modules/pending/discord_utils-1.zip
2023-03-18T09:20:40.576Z [Modules] Streaming discord_utils@1 to /home/tommi/.config/discord/0.0.25/modules/pending/discord_utils-1.zip: 2%
2023-03-18T09:20:40.577Z [Modules] Streaming discord_utils@1 to /home/tommi/.config/discord/0.0.25/modules/pending/discord_utils-1.zip: 4%
2023-03-18T09:20:40.577Z [Modules] Streaming discord_utils@1 to /home/tommi/.config/discord/0.0.25/modules/pending/discord_utils-1.zip: 6%
2023-03-18T09:20:40.577Z [Modules] Streaming discord_utils@1 to /home/tommi/.config/discord/0.0.25/modules/pending/discord_utils-1.zip: 8%
2023-03-18T09:20:40.578Z [Modules] Streaming discord_utils@1 to /home/tommi/.config/discord/0.0.25/modules/pending/discord_utils-1.zip: 10%
2023-03-18T09:20:40.579Z [Modules] Streaming discord_utils@1 to /home/tommi/.config/discord/0.0.25/modules/pending/discord_utils-1.zip: 12%
2023-03-18T09:20:40.579Z [Modules] Streaming discord_utils@1 to /home/tommi/.config/discord/0.0.25/modules/pending/discord_utils-1.zip: 14%
2023-03-18T09:20:40.579Z [Modules] Streaming discord_utils@1 to /home/tommi/.config/discord/0.0.25/modules/pending/discord_utils-1.zip: 16%
2023-03-18T09:20:40.580Z [Modules] Streaming discord_utils@1 to /home/tommi/.config/discord/0.0.25/modules/pending/discord_utils-1.zip: 17%
2023-03-18T09:20:40.580Z [Modules] Streaming discord_utils@1 to /home/tommi/.config/discord/0.0.25/modules/pending/discord_utils-1.zip: 21%
2023-03-18T09:20:40.581Z [Modules] Streaming discord_utils@1 to /home/tommi/.config/discord/0.0.25/modules/pending/discord_utils-1.zip: 22%
2023-03-18T09:20:40.582Z [Modules] Streaming discord_utils@1 to /home/tommi/.config/discord/0.0.25/modules/pending/discord_utils-1.zip: 24%
2023-03-18T09:20:40.582Z [Modules] Streaming discord_utils@1 to /home/tommi/.config/discord/0.0.25/modules/pending/discord_utils-1.zip: 27%
2023-03-18T09:20:40.583Z [Modules] Streaming discord_utils@1 to /home/tommi/.config/discord/0.0.25/modules/pending/discord_utils-1.zip: 29%
2023-03-18T09:20:40.584Z [Modules] Streaming discord_utils@1 to /home/tommi/.config/discord/0.0.25/modules/pending/discord_utils-1.zip: 31%
2023-03-18T09:20:40.584Z [Modules] Streaming discord_utils@1 to /home/tommi/.config/discord/0.0.25/modules/pending/discord_utils-1.zip: 33%
2023-03-18T09:20:40.585Z [Modules] Streaming discord_utils@1 to /home/tommi/.config/discord/0.0.25/modules/pending/discord_utils-1.zip: 34%
2023-03-18T09:20:40.586Z [Modules] Streaming discord_utils@1 to /home/tommi/.config/discord/0.0.25/modules/pending/discord_utils-1.zip: 36%
2023-03-18T09:20:40.586Z [Modules] Streaming discord_utils@1 to /home/tommi/.config/discord/0.0.25/modules/pending/discord_utils-1.zip: 39%
2023-03-18T09:20:40.586Z [Modules] Streaming discord_utils@1 to /home/tommi/.config/discord/0.0.25/modules/pending/discord_utils-1.zip: 43%
2023-03-18T09:20:40.587Z [Modules] Streaming discord_utils@1 to /home/tommi/.config/discord/0.0.25/modules/pending/discord_utils-1.zip: 45%
2023-03-18T09:20:40.588Z [Modules] Streaming discord_utils@1 to /home/tommi/.config/discord/0.0.25/modules/pending/discord_utils-1.zip: 47%
2023-03-18T09:20:40.588Z [Modules] Streaming discord_utils@1 to /home/tommi/.config/discord/0.0.25/modules/pending/discord_utils-1.zip: 48%
2023-03-18T09:20:40.589Z [Modules] Streaming discord_utils@1 to /home/tommi/.config/discord/0.0.25/modules/pending/discord_utils-1.zip: 50%
2023-03-18T09:20:40.589Z [Modules] Streaming discord_utils@1 to /home/tommi/.config/discord/0.0.25/modules/pending/discord_utils-1.zip: 52%
2023-03-18T09:20:40.589Z [Modules] Streaming discord_utils@1 to /home/tommi/.config/discord/0.0.25/modules/pending/discord_utils-1.zip: 54%
2023-03-18T09:20:40.590Z [Modules] Streaming discord_utils@1 to /home/tommi/.config/discord/0.0.25/modules/pending/discord_utils-1.zip: 56%
2023-03-18T09:20:40.591Z [Modules] Streaming discord_utils@1 to /home/tommi/.config/discord/0.0.25/modules/pending/discord_utils-1.zip: 61%
2023-03-18T09:20:40.591Z [Modules] Streaming discord_utils@1 to /home/tommi/.config/discord/0.0.25/modules/pending/discord_utils-1.zip: 62%
2023-03-18T09:20:40.592Z [Modules] Streaming discord_utils@1 to /home/tommi/.config/discord/0.0.25/modules/pending/discord_utils-1.zip: 64%
2023-03-18T09:20:40.592Z [Modules] Streaming discord_utils@1 to /home/tommi/.config/discord/0.0.25/modules/pending/discord_utils-1.zip: 66%
2023-03-18T09:20:40.594Z [Modules] Streaming discord_utils@1 to /home/tommi/.config/discord/0.0.25/modules/pending/discord_utils-1.zip: 68%
2023-03-18T09:20:40.594Z [Modules] Streaming discord_utils@1 to /home/tommi/.config/discord/0.0.25/modules/pending/discord_utils-1.zip: 69%
2023-03-18T09:20:40.594Z [Modules] Streaming discord_utils@1 to /home/tommi/.config/discord/0.0.25/modules/pending/discord_utils-1.zip: 73%
2023-03-18T09:20:40.595Z [Modules] Streaming discord_utils@1 to /home/tommi/.config/discord/0.0.25/modules/pending/discord_utils-1.zip: 75%
2023-03-18T09:20:40.595Z [Modules] Streaming discord_utils@1 to /home/tommi/.config/discord/0.0.25/modules/pending/discord_utils-1.zip: 77%
2023-03-18T09:20:40.596Z [Modules] Streaming discord_utils@1 to /home/tommi/.config/discord/0.0.25/modules/pending/discord_utils-1.zip: 80%
2023-03-18T09:20:40.597Z [Modules] Streaming discord_utils@1 to /home/tommi/.config/discord/0.0.25/modules/pending/discord_utils-1.zip: 82%
2023-03-18T09:20:40.598Z [Modules] Streaming discord_utils@1 to /home/tommi/.config/discord/0.0.25/modules/pending/discord_utils-1.zip: 86%
2023-03-18T09:20:40.598Z [Modules] Streaming discord_utils@1 to /home/tommi/.config/discord/0.0.25/modules/pending/discord_utils-1.zip: 88%
2023-03-18T09:20:40.598Z [Modules] Streaming discord_utils@1 to /home/tommi/.config/discord/0.0.25/modules/pending/discord_utils-1.zip: 89%
2023-03-18T09:20:40.599Z [Modules] Streaming discord_utils@1 to /home/tommi/.config/discord/0.0.25/modules/pending/discord_utils-1.zip: 91%
2023-03-18T09:20:40.600Z [Modules] Streaming discord_utils@1 to /home/tommi/.config/discord/0.0.25/modules/pending/discord_utils-1.zip: 95%
2023-03-18T09:20:40.601Z [Modules] Streaming discord_utils@1 to /home/tommi/.config/discord/0.0.25/modules/pending/discord_utils-1.zip: 97%
2023-03-18T09:20:40.601Z [Modules] Streaming discord_utils@1 to /home/tommi/.config/discord/0.0.25/modules/pending/discord_utils-1.zip: 100%
2023-03-18T09:20:40.601Z [Modules] Fetching discord_voice@1 from https://discord.com/api/modules/stable/discord_voice/1
2023-03-18T09:20:40.601Z [Modules] Streaming discord_voice@1 to /home/tommi/.config/discord/0.0.25/modules/pending/discord_voice-1.zip
2023-03-18T09:20:40.870Z [Modules] Streaming discord_voice@1 to /home/tommi/.config/discord/0.0.25/modules/pending/discord_voice-1.zip: 1%
2023-03-18T09:20:40.871Z [Modules] Streaming discord_voice@1 to /home/tommi/.config/discord/0.0.25/modules/pending/discord_voice-1.zip: 2%
2023-03-18T09:20:40.873Z [Modules] Streaming discord_voice@1 to /home/tommi/.config/discord/0.0.25/modules/pending/discord_voice-1.zip: 3%
2023-03-18T09:20:40.875Z [Modules] Streaming discord_voice@1 to /home/tommi/.config/discord/0.0.25/modules/pending/discord_voice-1.zip: 4%
2023-03-18T09:20:40.876Z [Modules] Streaming discord_voice@1 to /home/tommi/.config/discord/0.0.25/modules/pending/discord_voice-1.zip: 5%
2023-03-18T09:20:40.878Z [Modules] Streaming discord_voice@1 to /home/tommi/.config/discord/0.0.25/modules/pending/discord_voice-1.zip: 6%
2023-03-18T09:20:40.880Z [Modules] Streaming discord_voice@1 to /home/tommi/.config/discord/0.0.25/modules/pending/discord_voice-1.zip: 7%
2023-03-18T09:20:40.882Z [Modules] Streaming discord_voice@1 to /home/tommi/.config/discord/0.0.25/modules/pending/discord_voice-1.zip: 8%
2023-03-18T09:20:40.883Z [Modules] Streaming discord_voice@1 to /home/tommi/.config/discord/0.0.25/modules/pending/discord_voice-1.zip: 9%
2023-03-18T09:20:40.885Z [Modules] Streaming discord_voice@1 to /home/tommi/.config/discord/0.0.25/modules/pending/discord_voice-1.zip: 10%
2023-03-18T09:20:40.893Z [Modules] Streaming discord_voice@1 to /home/tommi/.config/discord/0.0.25/modules/pending/discord_voice-1.zip: 11%
2023-03-18T09:20:40.896Z [Modules] Streaming discord_voice@1 to /home/tommi/.config/discord/0.0.25/modules/pending/discord_voice-1.zip: 12%
2023-03-18T09:20:40.899Z [Modules] Streaming discord_voice@1 to /home/tommi/.config/discord/0.0.25/modules/pending/discord_voice-1.zip: 13%
2023-03-18T09:20:40.900Z [Modules] Streaming discord_voice@1 to /home/tommi/.config/discord/0.0.25/modules/pending/discord_voice-1.zip: 14%
2023-03-18T09:20:40.901Z [Modules] Streaming discord_voice@1 to /home/tommi/.config/discord/0.0.25/modules/pending/discord_voice-1.zip: 15%
2023-03-18T09:20:40.902Z [Modules] Streaming discord_voice@1 to /home/tommi/.config/discord/0.0.25/modules/pending/discord_voice-1.zip: 16%
2023-03-18T09:20:40.904Z [Modules] Streaming discord_voice@1 to /home/tommi/.config/discord/0.0.25/modules/pending/discord_voice-1.zip: 17%
2023-03-18T09:20:40.906Z [Modules] Streaming discord_voice@1 to /home/tommi/.config/discord/0.0.25/modules/pending/discord_voice-1.zip: 18%
2023-03-18T09:20:40.908Z [Modules] Streaming discord_voice@1 to /home/tommi/.config/discord/0.0.25/modules/pending/discord_voice-1.zip: 19%
2023-03-18T09:20:40.910Z [Modules] Streaming discord_voice@1 to /home/tommi/.config/discord/0.0.25/modules/pending/discord_voice-1.zip: 20%
2023-03-18T09:20:40.912Z [Modules] Streaming discord_voice@1 to /home/tommi/.config/discord/0.0.25/modules/pending/discord_voice-1.zip: 21%
2023-03-18T09:20:40.912Z [Modules] Streaming discord_voice@1 to /home/tommi/.config/discord/0.0.25/modules/pending/discord_voice-1.zip: 22%
2023-03-18T09:20:40.914Z [Modules] Streaming discord_voice@1 to /home/tommi/.config/discord/0.0.25/modules/pending/discord_voice-1.zip: 23%
2023-03-18T09:20:40.916Z [Modules] Streaming discord_voice@1 to /home/tommi/.config/discord/0.0.25/modules/pending/discord_voice-1.zip: 24%
2023-03-18T09:20:40.917Z [Modules] Streaming discord_voice@1 to /home/tommi/.config/discord/0.0.25/modules/pending/discord_voice-1.zip: 25%
2023-03-18T09:20:40.919Z [Modules] Streaming discord_voice@1 to /home/tommi/.config/discord/0.0.25/modules/pending/discord_voice-1.zip: 26%
2023-03-18T09:20:40.920Z [Modules] Streaming discord_voice@1 to /home/tommi/.config/discord/0.0.25/modules/pending/discord_voice-1.zip: 27%
2023-03-18T09:20:40.922Z [Modules] Streaming discord_voice@1 to /home/tommi/.config/discord/0.0.25/modules/pending/discord_voice-1.zip: 28%
2023-03-18T09:20:40.923Z [Modules] Streaming discord_voice@1 to /home/tommi/.config/discord/0.0.25/modules/pending/discord_voice-1.zip: 29%
2023-03-18T09:20:40.925Z [Modules] Streaming discord_voice@1 to /home/tommi/.config/discord/0.0.25/modules/pending/discord_voice-1.zip: 30%
2023-03-18T09:20:40.927Z [Modules] Streaming discord_voice@1 to /home/tommi/.config/discord/0.0.25/modules/pending/discord_voice-1.zip: 31%
2023-03-18T09:20:40.929Z [Modules] Streaming discord_voice@1 to /home/tommi/.config/discord/0.0.25/modules/pending/discord_voice-1.zip: 32%
2023-03-18T09:20:40.931Z [Modules] Streaming discord_voice@1 to /home/tommi/.config/discord/0.0.25/modules/pending/discord_voice-1.zip: 33%
2023-03-18T09:20:40.932Z [Modules] Streaming discord_voice@1 to /home/tommi/.config/discord/0.0.25/modules/pending/discord_voice-1.zip: 34%
2023-03-18T09:20:40.934Z [Modules] Streaming discord_voice@1 to /home/tommi/.config/discord/0.0.25/modules/pending/discord_voice-1.zip: 35%
2023-03-18T09:20:40.936Z [Modules] Streaming discord_voice@1 to /home/tommi/.config/discord/0.0.25/modules/pending/discord_voice-1.zip: 36%
2023-03-18T09:20:40.938Z [Modules] Streaming discord_voice@1 to /home/tommi/.config/discord/0.0.25/modules/pending/discord_voice-1.zip: 37%
2023-03-18T09:20:40.938Z [Modules] Streaming discord_voice@1 to /home/tommi/.config/discord/0.0.25/modules/pending/discord_voice-1.zip: 38%
2023-03-18T09:20:40.940Z [Modules] Streaming discord_voice@1 to /home/tommi/.config/discord/0.0.25/modules/pending/discord_voice-1.zip: 39%
2023-03-18T09:20:40.942Z [Modules] Streaming discord_voice@1 to /home/tommi/.config/discord/0.0.25/modules/pending/discord_voice-1.zip: 40%
2023-03-18T09:20:40.944Z [Modules] Streaming discord_voice@1 to /home/tommi/.config/discord/0.0.25/modules/pending/discord_voice-1.zip: 41%
2023-03-18T09:20:40.946Z [Modules] Streaming discord_voice@1 to /home/tommi/.config/discord/0.0.25/modules/pending/discord_voice-1.zip: 42%
2023-03-18T09:20:40.946Z [Modules] Streaming discord_voice@1 to /home/tommi/.config/discord/0.0.25/modules/pending/discord_voice-1.zip: 43%
2023-03-18T09:20:40.949Z [Modules] Streaming discord_voice@1 to /home/tommi/.config/discord/0.0.25/modules/pending/discord_voice-1.zip: 44%
2023-03-18T09:20:40.950Z [Modules] Streaming discord_voice@1 to /home/tommi/.config/discord/0.0.25/modules/pending/discord_voice-1.zip: 45%
2023-03-18T09:20:40.952Z [Modules] Streaming discord_voice@1 to /home/tommi/.config/discord/0.0.25/modules/pending/discord_voice-1.zip: 46%
2023-03-18T09:20:40.954Z [Modules] Streaming discord_voice@1 to /home/tommi/.config/discord/0.0.25/modules/pending/discord_voice-1.zip: 47%
2023-03-18T09:20:40.954Z [Modules] Streaming discord_voice@1 to /home/tommi/.config/discord/0.0.25/modules/pending/discord_voice-1.zip: 48%
2023-03-18T09:20:40.956Z [Modules] Streaming discord_voice@1 to /home/tommi/.config/discord/0.0.25/modules/pending/discord_voice-1.zip: 49%
2023-03-18T09:20:40.959Z [Modules] Streaming discord_voice@1 to /home/tommi/.config/discord/0.0.25/modules/pending/discord_voice-1.zip: 50%
2023-03-18T09:20:40.959Z [Modules] Streaming discord_voice@1 to /home/tommi/.config/discord/0.0.25/modules/pending/discord_voice-1.zip: 51%
2023-03-18T09:20:40.961Z [Modules] Streaming discord_voice@1 to /home/tommi/.config/discord/0.0.25/modules/pending/discord_voice-1.zip: 52%
2023-03-18T09:20:40.963Z [Modules] Streaming discord_voice@1 to /home/tommi/.config/discord/0.0.25/modules/pending/discord_voice-1.zip: 53%
2023-03-18T09:20:40.965Z [Modules] Streaming discord_voice@1 to /home/tommi/.config/discord/0.0.25/modules/pending/discord_voice-1.zip: 54%
2023-03-18T09:20:40.967Z [Modules] Streaming discord_voice@1 to /home/tommi/.config/discord/0.0.25/modules/pending/discord_voice-1.zip: 55%
2023-03-18T09:20:40.968Z [Modules] Streaming discord_voice@1 to /home/tommi/.config/discord/0.0.25/modules/pending/discord_voice-1.zip: 56%
2023-03-18T09:20:40.970Z [Modules] Streaming discord_voice@1 to /home/tommi/.config/discord/0.0.25/modules/pending/discord_voice-1.zip: 57%
2023-03-18T09:20:40.972Z [Modules] Streaming discord_voice@1 to /home/tommi/.config/discord/0.0.25/modules/pending/discord_voice-1.zip: 58%
2023-03-18T09:20:40.973Z [Modules] Streaming discord_voice@1 to /home/tommi/.config/discord/0.0.25/modules/pending/discord_voice-1.zip: 59%
2023-03-18T09:20:40.975Z [Modules] Streaming discord_voice@1 to /home/tommi/.config/discord/0.0.25/modules/pending/discord_voice-1.zip: 60%
2023-03-18T09:20:40.978Z [Modules] Streaming discord_voice@1 to /home/tommi/.config/discord/0.0.25/modules/pending/discord_voice-1.zip: 61%
2023-03-18T09:20:40.981Z [Modules] Streaming discord_voice@1 to /home/tommi/.config/discord/0.0.25/modules/pending/discord_voice-1.zip: 62%
2023-03-18T09:20:40.983Z [Modules] Streaming discord_voice@1 to /home/tommi/.config/discord/0.0.25/modules/pending/discord_voice-1.zip: 63%
2023-03-18T09:20:40.983Z [Modules] Streaming discord_voice@1 to /home/tommi/.config/discord/0.0.25/modules/pending/discord_voice-1.zip: 64%
2023-03-18T09:20:40.985Z [Modules] Streaming discord_voice@1 to /home/tommi/.config/discord/0.0.25/modules/pending/discord_voice-1.zip: 65%
2023-03-18T09:20:40.987Z [Modules] Streaming discord_voice@1 to /home/tommi/.config/discord/0.0.25/modules/pending/discord_voice-1.zip: 66%
2023-03-18T09:20:40.989Z [Modules] Streaming discord_voice@1 to /home/tommi/.config/discord/0.0.25/modules/pending/discord_voice-1.zip: 67%
2023-03-18T09:20:40.990Z [Modules] Streaming discord_voice@1 to /home/tommi/.config/discord/0.0.25/modules/pending/discord_voice-1.zip: 68%
2023-03-18T09:20:40.992Z [Modules] Streaming discord_voice@1 to /home/tommi/.config/discord/0.0.25/modules/pending/discord_voice-1.zip: 69%
2023-03-18T09:20:40.994Z [Modules] Streaming discord_voice@1 to /home/tommi/.config/discord/0.0.25/modules/pending/discord_voice-1.zip: 70%
2023-03-18T09:20:40.995Z [Modules] Streaming discord_voice@1 to /home/tommi/.config/discord/0.0.25/modules/pending/discord_voice-1.zip: 71%
2023-03-18T09:20:40.997Z [Modules] Streaming discord_voice@1 to /home/tommi/.config/discord/0.0.25/modules/pending/discord_voice-1.zip: 72%
2023-03-18T09:20:40.999Z [Modules] Streaming discord_voice@1 to /home/tommi/.config/discord/0.0.25/modules/pending/discord_voice-1.zip: 73%
2023-03-18T09:20:41.000Z [Modules] Streaming discord_voice@1 to /home/tommi/.config/discord/0.0.25/modules/pending/discord_voice-1.zip: 74%
2023-03-18T09:20:41.011Z [Modules] Streaming discord_voice@1 to /home/tommi/.config/discord/0.0.25/modules/pending/discord_voice-1.zip: 75%
2023-03-18T09:20:41.013Z [Modules] Streaming discord_voice@1 to /home/tommi/.config/discord/0.0.25/modules/pending/discord_voice-1.zip: 76%
2023-03-18T09:20:41.015Z [Modules] Streaming discord_voice@1 to /home/tommi/.config/discord/0.0.25/modules/pending/discord_voice-1.zip: 77%
2023-03-18T09:20:41.016Z [Modules] Streaming discord_voice@1 to /home/tommi/.config/discord/0.0.25/modules/pending/discord_voice-1.zip: 78%
2023-03-18T09:20:41.019Z [Modules] Streaming discord_voice@1 to /home/tommi/.config/discord/0.0.25/modules/pending/discord_voice-1.zip: 79%
2023-03-18T09:20:41.019Z [Modules] Streaming discord_voice@1 to /home/tommi/.config/discord/0.0.25/modules/pending/discord_voice-1.zip: 80%
2023-03-18T09:20:41.021Z [Modules] Streaming discord_voice@1 to /home/tommi/.config/discord/0.0.25/modules/pending/discord_voice-1.zip: 81%
2023-03-18T09:20:41.022Z [Modules] Streaming discord_voice@1 to /home/tommi/.config/discord/0.0.25/modules/pending/discord_voice-1.zip: 82%
2023-03-18T09:20:41.024Z [Modules] Streaming discord_voice@1 to /home/tommi/.config/discord/0.0.25/modules/pending/discord_voice-1.zip: 83%
2023-03-18T09:20:41.025Z [Modules] Streaming discord_voice@1 to /home/tommi/.config/discord/0.0.25/modules/pending/discord_voice-1.zip: 84%
2023-03-18T09:20:41.027Z [Modules] Streaming discord_voice@1 to /home/tommi/.config/discord/0.0.25/modules/pending/discord_voice-1.zip: 85%
2023-03-18T09:20:41.029Z [Modules] Streaming discord_voice@1 to /home/tommi/.config/discord/0.0.25/modules/pending/discord_voice-1.zip: 86%
2023-03-18T09:20:41.031Z [Modules] Streaming discord_voice@1 to /home/tommi/.config/discord/0.0.25/modules/pending/discord_voice-1.zip: 87%
2023-03-18T09:20:41.032Z [Modules] Streaming discord_voice@1 to /home/tommi/.config/discord/0.0.25/modules/pending/discord_voice-1.zip: 88%
2023-03-18T09:20:41.033Z [Modules] Streaming discord_voice@1 to /home/tommi/.config/discord/0.0.25/modules/pending/discord_voice-1.zip: 89%
2023-03-18T09:20:41.035Z [Modules] Streaming discord_voice@1 to /home/tommi/.config/discord/0.0.25/modules/pending/discord_voice-1.zip: 90%
2023-03-18T09:20:41.037Z [Modules] Streaming discord_voice@1 to /home/tommi/.config/discord/0.0.25/modules/pending/discord_voice-1.zip: 91%
2023-03-18T09:20:41.039Z [Modules] Streaming discord_voice@1 to /home/tommi/.config/discord/0.0.25/modules/pending/discord_voice-1.zip: 92%
2023-03-18T09:20:41.041Z [Modules] Streaming discord_voice@1 to /home/tommi/.config/discord/0.0.25/modules/pending/discord_voice-1.zip: 93%
2023-03-18T09:20:41.042Z [Modules] Streaming discord_voice@1 to /home/tommi/.config/discord/0.0.25/modules/pending/discord_voice-1.zip: 94%
2023-03-18T09:20:41.044Z [Modules] Streaming discord_voice@1 to /home/tommi/.config/discord/0.0.25/modules/pending/discord_voice-1.zip: 95%
2023-03-18T09:20:41.046Z [Modules] Streaming discord_voice@1 to /home/tommi/.config/discord/0.0.25/modules/pending/discord_voice-1.zip: 96%
2023-03-18T09:20:41.047Z [Modules] Streaming discord_voice@1 to /home/tommi/.config/discord/0.0.25/modules/pending/discord_voice-1.zip: 97%
2023-03-18T09:20:41.048Z [Modules] Streaming discord_voice@1 to /home/tommi/.config/discord/0.0.25/modules/pending/discord_voice-1.zip: 98%
2023-03-18T09:20:41.050Z [Modules] Streaming discord_voice@1 to /home/tommi/.config/discord/0.0.25/modules/pending/discord_voice-1.zip: 99%
2023-03-18T09:20:41.052Z [Modules] Streaming discord_voice@1 to /home/tommi/.config/discord/0.0.25/modules/pending/discord_voice-1.zip: 100%
2023-03-18T09:20:41.052Z [Modules] Finished module downloads. [success: 5] [failure: 0]
2023-03-18T09:20:41.053Z [Modules] Installing updates...
2023-03-18T09:20:41.053Z [Modules] Installing discord_desktop_core@1 from /home/tommi/.config/discord/0.0.25/modules/pending/discord_desktop_core-1.zip
2023-03-18T09:20:41.105Z [Modules] Installing discord_erlpack@1 from /home/tommi/.config/discord/0.0.25/modules/pending/discord_erlpack-1.zip
2023-03-18T09:20:41.147Z [Modules] Installing discord_spellcheck@1 from /home/tommi/.config/discord/0.0.25/modules/pending/discord_spellcheck-1.zip
2023-03-18T09:20:41.571Z [Modules] Installing discord_utils@1 from /home/tommi/.config/discord/0.0.25/modules/pending/discord_utils-1.zip
2023-03-18T09:20:41.791Z [Modules] Installing discord_voice@1 from /home/tommi/.config/discord/0.0.25/modules/pending/discord_voice-1.zip
2023-03-18T09:20:42.206Z [Modules] Finished module installations. [success: 5] [failure: 0]
2023-03-18T09:20:42.206Z [Modules] Checking for host updates.
2023-03-18T09:20:42.355Z [Modules] Host is up to date.
2023-03-18T09:20:42.355Z [Modules] Checking for module updates at https://discord.com/api/modules/stable/versions.json
2023-03-18T09:20:42.357Z [Modules] No module updates available.
2023-03-18T09:20:43.382Z [Modules] Starting to install discord_krisp...
2023-03-18T09:20:43.382Z [Modules] Fetching discord_krisp@1 from https://discord.com/api/modules/stable/discord_krisp/1
2023-03-18T09:20:43.382Z [Modules] Streaming discord_krisp@1 to /home/tommi/.config/discord/0.0.25/modules/pending/discord_krisp-1.zip
2023-03-18T09:20:43.454Z [Modules] Starting to install discord_game_utils...
2023-03-18T09:20:43.657Z [Modules] Streaming discord_krisp@1 to /home/tommi/.config/discord/0.0.25/modules/pending/discord_krisp-1.zip: 1%
2023-03-18T09:20:43.659Z [Modules] Streaming discord_krisp@1 to /home/tommi/.config/discord/0.0.25/modules/pending/discord_krisp-1.zip: 2%
2023-03-18T09:20:43.661Z [Modules] Streaming discord_krisp@1 to /home/tommi/.config/discord/0.0.25/modules/pending/discord_krisp-1.zip: 3%
2023-03-18T09:20:43.664Z [Modules] Streaming discord_krisp@1 to /home/tommi/.config/discord/0.0.25/modules/pending/discord_krisp-1.zip: 4%
2023-03-18T09:20:43.666Z [Modules] Streaming discord_krisp@1 to /home/tommi/.config/discord/0.0.25/modules/pending/discord_krisp-1.zip: 5%
2023-03-18T09:20:43.668Z [Modules] Streaming discord_krisp@1 to /home/tommi/.config/discord/0.0.25/modules/pending/discord_krisp-1.zip: 6%
2023-03-18T09:20:43.669Z [Modules] Streaming discord_krisp@1 to /home/tommi/.config/discord/0.0.25/modules/pending/discord_krisp-1.zip: 7%
2023-03-18T09:20:43.671Z [Modules] Streaming discord_krisp@1 to /home/tommi/.config/discord/0.0.25/modules/pending/discord_krisp-1.zip: 8%
2023-03-18T09:20:43.673Z [Modules] Streaming discord_krisp@1 to /home/tommi/.config/discord/0.0.25/modules/pending/discord_krisp-1.zip: 9%
2023-03-18T09:20:43.675Z [Modules] Streaming discord_krisp@1 to /home/tommi/.config/discord/0.0.25/modules/pending/discord_krisp-1.zip: 10%
2023-03-18T09:20:43.678Z [Modules] Streaming discord_krisp@1 to /home/tommi/.config/discord/0.0.25/modules/pending/discord_krisp-1.zip: 11%
2023-03-18T09:20:43.679Z [Modules] Streaming discord_krisp@1 to /home/tommi/.config/discord/0.0.25/modules/pending/discord_krisp-1.zip: 12%
2023-03-18T09:20:43.681Z [Modules] Streaming discord_krisp@1 to /home/tommi/.config/discord/0.0.25/modules/pending/discord_krisp-1.zip: 13%
2023-03-18T09:20:43.683Z [Modules] Streaming discord_krisp@1 to /home/tommi/.config/discord/0.0.25/modules/pending/discord_krisp-1.zip: 14%
2023-03-18T09:20:43.685Z [Modules] Streaming discord_krisp@1 to /home/tommi/.config/discord/0.0.25/modules/pending/discord_krisp-1.zip: 15%
2023-03-18T09:20:43.687Z [Modules] Streaming discord_krisp@1 to /home/tommi/.config/discord/0.0.25/modules/pending/discord_krisp-1.zip: 16%
2023-03-18T09:20:43.688Z [Modules] Streaming discord_krisp@1 to /home/tommi/.config/discord/0.0.25/modules/pending/discord_krisp-1.zip: 17%
2023-03-18T09:20:43.692Z [Modules] Streaming discord_krisp@1 to /home/tommi/.config/discord/0.0.25/modules/pending/discord_krisp-1.zip: 18%
2023-03-18T09:20:43.693Z [Modules] Streaming discord_krisp@1 to /home/tommi/.config/discord/0.0.25/modules/pending/discord_krisp-1.zip: 19%
2023-03-18T09:20:43.695Z [Modules] Streaming discord_krisp@1 to /home/tommi/.config/discord/0.0.25/modules/pending/discord_krisp-1.zip: 20%
2023-03-18T09:20:43.697Z [Modules] Streaming discord_krisp@1 to /home/tommi/.config/discord/0.0.25/modules/pending/discord_krisp-1.zip: 21%
2023-03-18T09:20:43.698Z [Modules] Streaming discord_krisp@1 to /home/tommi/.config/discord/0.0.25/modules/pending/discord_krisp-1.zip: 22%
2023-03-18T09:20:43.700Z [Modules] Streaming discord_krisp@1 to /home/tommi/.config/discord/0.0.25/modules/pending/discord_krisp-1.zip: 23%
2023-03-18T09:20:43.702Z [Modules] Streaming discord_krisp@1 to /home/tommi/.config/discord/0.0.25/modules/pending/discord_krisp-1.zip: 24%
2023-03-18T09:20:43.704Z [Modules] Streaming discord_krisp@1 to /home/tommi/.config/discord/0.0.25/modules/pending/discord_krisp-1.zip: 25%
2023-03-18T09:20:43.706Z [Modules] Streaming discord_krisp@1 to /home/tommi/.config/discord/0.0.25/modules/pending/discord_krisp-1.zip: 26%
2023-03-18T09:20:43.708Z [Modules] Streaming discord_krisp@1 to /home/tommi/.config/discord/0.0.25/modules/pending/discord_krisp-1.zip: 27%
2023-03-18T09:20:43.710Z [Modules] Streaming discord_krisp@1 to /home/tommi/.config/discord/0.0.25/modules/pending/discord_krisp-1.zip: 28%
2023-03-18T09:20:43.712Z [Modules] Streaming discord_krisp@1 to /home/tommi/.config/discord/0.0.25/modules/pending/discord_krisp-1.zip: 29%
2023-03-18T09:20:43.716Z [Modules] Streaming discord_krisp@1 to /home/tommi/.config/discord/0.0.25/modules/pending/discord_krisp-1.zip: 30%
2023-03-18T09:20:43.778Z [Modules] Streaming discord_krisp@1 to /home/tommi/.config/discord/0.0.25/modules/pending/discord_krisp-1.zip: 31%
2023-03-18T09:20:43.781Z [Modules] Streaming discord_krisp@1 to /home/tommi/.config/discord/0.0.25/modules/pending/discord_krisp-1.zip: 32%
2023-03-18T09:20:43.784Z [Modules] Streaming discord_krisp@1 to /home/tommi/.config/discord/0.0.25/modules/pending/discord_krisp-1.zip: 33%
2023-03-18T09:20:43.786Z [Modules] Streaming discord_krisp@1 to /home/tommi/.config/discord/0.0.25/modules/pending/discord_krisp-1.zip: 34%
2023-03-18T09:20:43.789Z [Modules] Streaming discord_krisp@1 to /home/tommi/.config/discord/0.0.25/modules/pending/discord_krisp-1.zip: 35%
2023-03-18T09:20:43.792Z [Modules] Streaming discord_krisp@1 to /home/tommi/.config/discord/0.0.25/modules/pending/discord_krisp-1.zip: 36%
2023-03-18T09:20:43.794Z [Modules] Streaming discord_krisp@1 to /home/tommi/.config/discord/0.0.25/modules/pending/discord_krisp-1.zip: 37%
2023-03-18T09:20:43.795Z [Modules] Streaming discord_krisp@1 to /home/tommi/.config/discord/0.0.25/modules/pending/discord_krisp-1.zip: 38%
2023-03-18T09:20:43.796Z [Modules] Streaming discord_krisp@1 to /home/tommi/.config/discord/0.0.25/modules/pending/discord_krisp-1.zip: 39%
2023-03-18T09:20:43.796Z [Modules] Streaming discord_krisp@1 to /home/tommi/.config/discord/0.0.25/modules/pending/discord_krisp-1.zip: 40%
2023-03-18T09:20:43.797Z [Modules] Streaming discord_krisp@1 to /home/tommi/.config/discord/0.0.25/modules/pending/discord_krisp-1.zip: 41%
2023-03-18T09:20:43.798Z [Modules] Streaming discord_krisp@1 to /home/tommi/.config/discord/0.0.25/modules/pending/discord_krisp-1.zip: 42%
2023-03-18T09:20:43.798Z [Modules] Streaming discord_krisp@1 to /home/tommi/.config/discord/0.0.25/modules/pending/discord_krisp-1.zip: 43%
2023-03-18T09:20:43.800Z [Modules] Streaming discord_krisp@1 to /home/tommi/.config/discord/0.0.25/modules/pending/discord_krisp-1.zip: 44%
2023-03-18T09:20:43.801Z [Modules] Streaming discord_krisp@1 to /home/tommi/.config/discord/0.0.25/modules/pending/discord_krisp-1.zip: 45%
2023-03-18T09:20:43.802Z [Modules] Streaming discord_krisp@1 to /home/tommi/.config/discord/0.0.25/modules/pending/discord_krisp-1.zip: 46%
2023-03-18T09:20:43.803Z [Modules] Streaming discord_krisp@1 to /home/tommi/.config/discord/0.0.25/modules/pending/discord_krisp-1.zip: 47%
2023-03-18T09:20:43.803Z [Modules] Streaming discord_krisp@1 to /home/tommi/.config/discord/0.0.25/modules/pending/discord_krisp-1.zip: 48%
2023-03-18T09:20:43.804Z [Modules] Streaming discord_krisp@1 to /home/tommi/.config/discord/0.0.25/modules/pending/discord_krisp-1.zip: 49%
2023-03-18T09:20:43.804Z [Modules] Streaming discord_krisp@1 to /home/tommi/.config/discord/0.0.25/modules/pending/discord_krisp-1.zip: 50%
2023-03-18T09:20:43.805Z [Modules] Streaming discord_krisp@1 to /home/tommi/.config/discord/0.0.25/modules/pending/discord_krisp-1.zip: 51%
2023-03-18T09:20:43.805Z [Modules] Streaming discord_krisp@1 to /home/tommi/.config/discord/0.0.25/modules/pending/discord_krisp-1.zip: 52%
2023-03-18T09:20:43.806Z [Modules] Streaming discord_krisp@1 to /home/tommi/.config/discord/0.0.25/modules/pending/discord_krisp-1.zip: 53%
2023-03-18T09:20:43.806Z [Modules] Streaming discord_krisp@1 to /home/tommi/.config/discord/0.0.25/modules/pending/discord_krisp-1.zip: 54%
2023-03-18T09:20:43.807Z [Modules] Streaming discord_krisp@1 to /home/tommi/.config/discord/0.0.25/modules/pending/discord_krisp-1.zip: 55%
2023-03-18T09:20:43.808Z [Modules] Streaming discord_krisp@1 to /home/tommi/.config/discord/0.0.25/modules/pending/discord_krisp-1.zip: 56%
2023-03-18T09:20:43.811Z [Modules] Streaming discord_krisp@1 to /home/tommi/.config/discord/0.0.25/modules/pending/discord_krisp-1.zip: 57%
2023-03-18T09:20:43.813Z [Modules] Streaming discord_krisp@1 to /home/tommi/.config/discord/0.0.25/modules/pending/discord_krisp-1.zip: 58%
2023-03-18T09:20:43.815Z [Modules] Streaming discord_krisp@1 to /home/tommi/.config/discord/0.0.25/modules/pending/discord_krisp-1.zip: 59%
2023-03-18T09:20:43.817Z [Modules] Streaming discord_krisp@1 to /home/tommi/.config/discord/0.0.25/modules/pending/discord_krisp-1.zip: 60%
2023-03-18T09:20:43.818Z [Modules] Streaming discord_krisp@1 to /home/tommi/.config/discord/0.0.25/modules/pending/discord_krisp-1.zip: 61%
2023-03-18T09:20:43.820Z [Modules] Streaming discord_krisp@1 to /home/tommi/.config/discord/0.0.25/modules/pending/discord_krisp-1.zip: 62%
2023-03-18T09:20:43.822Z [Modules] Streaming discord_krisp@1 to /home/tommi/.config/discord/0.0.25/modules/pending/discord_krisp-1.zip: 63%
2023-03-18T09:20:43.824Z [Modules] Streaming discord_krisp@1 to /home/tommi/.config/discord/0.0.25/modules/pending/discord_krisp-1.zip: 64%
2023-03-18T09:20:43.826Z [Modules] Streaming discord_krisp@1 to /home/tommi/.config/discord/0.0.25/modules/pending/discord_krisp-1.zip: 65%
2023-03-18T09:20:43.828Z [Modules] Streaming discord_krisp@1 to /home/tommi/.config/discord/0.0.25/modules/pending/discord_krisp-1.zip: 66%
2023-03-18T09:20:43.829Z [Modules] Streaming discord_krisp@1 to /home/tommi/.config/discord/0.0.25/modules/pending/discord_krisp-1.zip: 67%
2023-03-18T09:20:43.832Z [Modules] Streaming discord_krisp@1 to /home/tommi/.config/discord/0.0.25/modules/pending/discord_krisp-1.zip: 68%
2023-03-18T09:20:43.835Z [Modules] Streaming discord_krisp@1 to /home/tommi/.config/discord/0.0.25/modules/pending/discord_krisp-1.zip: 69%
2023-03-18T09:20:43.835Z [Modules] Streaming discord_krisp@1 to /home/tommi/.config/discord/0.0.25/modules/pending/discord_krisp-1.zip: 70%
2023-03-18T09:20:43.845Z [Modules] Streaming discord_krisp@1 to /home/tommi/.config/discord/0.0.25/modules/pending/discord_krisp-1.zip: 71%
2023-03-18T09:20:43.847Z [Modules] Streaming discord_krisp@1 to /home/tommi/.config/discord/0.0.25/modules/pending/discord_krisp-1.zip: 72%
2023-03-18T09:20:43.849Z [Modules] Streaming discord_krisp@1 to /home/tommi/.config/discord/0.0.25/modules/pending/discord_krisp-1.zip: 73%
2023-03-18T09:20:43.852Z [Modules] Streaming discord_krisp@1 to /home/tommi/.config/discord/0.0.25/modules/pending/discord_krisp-1.zip: 74%
2023-03-18T09:20:43.854Z [Modules] Streaming discord_krisp@1 to /home/tommi/.config/discord/0.0.25/modules/pending/discord_krisp-1.zip: 75%
2023-03-18T09:20:43.855Z [Modules] Streaming discord_krisp@1 to /home/tommi/.config/discord/0.0.25/modules/pending/discord_krisp-1.zip: 76%
2023-03-18T09:20:43.862Z [Modules] Streaming discord_krisp@1 to /home/tommi/.config/discord/0.0.25/modules/pending/discord_krisp-1.zip: 77%
2023-03-18T09:20:43.863Z [Modules] Streaming discord_krisp@1 to /home/tommi/.config/discord/0.0.25/modules/pending/discord_krisp-1.zip: 78%
2023-03-18T09:20:43.866Z [Modules] Streaming discord_krisp@1 to /home/tommi/.config/discord/0.0.25/modules/pending/discord_krisp-1.zip: 79%
2023-03-18T09:20:43.868Z [Modules] Streaming discord_krisp@1 to /home/tommi/.config/discord/0.0.25/modules/pending/discord_krisp-1.zip: 80%
2023-03-18T09:20:43.870Z [Modules] Streaming discord_krisp@1 to /home/tommi/.config/discord/0.0.25/modules/pending/discord_krisp-1.zip: 81%
2023-03-18T09:20:43.872Z [Modules] Streaming discord_krisp@1 to /home/tommi/.config/discord/0.0.25/modules/pending/discord_krisp-1.zip: 82%
2023-03-18T09:20:43.874Z [Modules] Streaming discord_krisp@1 to /home/tommi/.config/discord/0.0.25/modules/pending/discord_krisp-1.zip: 83%
2023-03-18T09:20:43.877Z [Modules] Streaming discord_krisp@1 to /home/tommi/.config/discord/0.0.25/modules/pending/discord_krisp-1.zip: 84%
2023-03-18T09:20:43.879Z [Modules] Streaming discord_krisp@1 to /home/tommi/.config/discord/0.0.25/modules/pending/discord_krisp-1.zip: 85%
2023-03-18T09:20:43.880Z [Modules] Streaming discord_krisp@1 to /home/tommi/.config/discord/0.0.25/modules/pending/discord_krisp-1.zip: 86%
2023-03-18T09:20:43.882Z [Modules] Streaming discord_krisp@1 to /home/tommi/.config/discord/0.0.25/modules/pending/discord_krisp-1.zip: 87%
2023-03-18T09:20:43.898Z [Modules] Streaming discord_krisp@1 to /home/tommi/.config/discord/0.0.25/modules/pending/discord_krisp-1.zip: 88%
2023-03-18T09:20:43.899Z [Modules] Streaming discord_krisp@1 to /home/tommi/.config/discord/0.0.25/modules/pending/discord_krisp-1.zip: 89%
2023-03-18T09:20:43.899Z [Modules] Streaming discord_krisp@1 to /home/tommi/.config/discord/0.0.25/modules/pending/discord_krisp-1.zip: 90%
2023-03-18T09:20:43.900Z [Modules] Streaming discord_krisp@1 to /home/tommi/.config/discord/0.0.25/modules/pending/discord_krisp-1.zip: 91%
2023-03-18T09:20:43.900Z [Modules] Streaming discord_krisp@1 to /home/tommi/.config/discord/0.0.25/modules/pending/discord_krisp-1.zip: 92%
2023-03-18T09:20:43.907Z [Modules] Streaming discord_krisp@1 to /home/tommi/.config/discord/0.0.25/modules/pending/discord_krisp-1.zip: 93%
2023-03-18T09:20:43.908Z [Modules] Streaming discord_krisp@1 to /home/tommi/.config/discord/0.0.25/modules/pending/discord_krisp-1.zip: 94%
2023-03-18T09:20:43.913Z [Modules] Streaming discord_krisp@1 to /home/tommi/.config/discord/0.0.25/modules/pending/discord_krisp-1.zip: 95%
2023-03-18T09:20:43.914Z [Modules] Streaming discord_krisp@1 to /home/tommi/.config/discord/0.0.25/modules/pending/discord_krisp-1.zip: 96%
2023-03-18T09:20:43.914Z [Modules] Streaming discord_krisp@1 to /home/tommi/.config/discord/0.0.25/modules/pending/discord_krisp-1.zip: 97%
2023-03-18T09:20:43.915Z [Modules] Streaming discord_krisp@1 to /home/tommi/.config/discord/0.0.25/modules/pending/discord_krisp-1.zip: 98%
2023-03-18T09:20:43.915Z [Modules] Streaming discord_krisp@1 to /home/tommi/.config/discord/0.0.25/modules/pending/discord_krisp-1.zip: 99%
2023-03-18T09:20:43.915Z [Modules] Streaming discord_krisp@1 to /home/tommi/.config/discord/0.0.25/modules/pending/discord_krisp-1.zip: 100%
2023-03-18T09:20:43.916Z [Modules] Fetching discord_game_utils@1 from https://discord.com/api/modules/stable/discord_game_utils/1
2023-03-18T09:20:43.916Z [Modules] Streaming discord_game_utils@1 to /home/tommi/.config/discord/0.0.25/modules/pending/discord_game_utils-1.zip
2023-03-18T09:20:43.916Z [Modules] Installing discord_krisp@1 from /home/tommi/.config/discord/0.0.25/modules/pending/discord_krisp-1.zip
2023-03-18T09:20:44.185Z [Modules] Finished module installations. [success: 1] [failure: 0]
2023-03-18T09:20:44.203Z [Modules] Streaming discord_game_utils@1 to /home/tommi/.config/discord/0.0.25/modules/pending/discord_game_utils-1.zip: 2%
2023-03-18T09:20:44.203Z [Modules] Streaming discord_game_utils@1 to /home/tommi/.config/discord/0.0.25/modules/pending/discord_game_utils-1.zip: 5%
2023-03-18T09:20:44.203Z [Modules] Streaming discord_game_utils@1 to /home/tommi/.config/discord/0.0.25/modules/pending/discord_game_utils-1.zip: 7%
2023-03-18T09:20:44.203Z [Modules] Streaming discord_game_utils@1 to /home/tommi/.config/discord/0.0.25/modules/pending/discord_game_utils-1.zip: 9%
2023-03-18T09:20:44.207Z [Modules] Streaming discord_game_utils@1 to /home/tommi/.config/discord/0.0.25/modules/pending/discord_game_utils-1.zip: 11%
2023-03-18T09:20:44.208Z [Modules] Streaming discord_game_utils@1 to /home/tommi/.config/discord/0.0.25/modules/pending/discord_game_utils-1.zip: 14%
2023-03-18T09:20:44.208Z [Modules] Streaming discord_game_utils@1 to /home/tommi/.config/discord/0.0.25/modules/pending/discord_game_utils-1.zip: 17%
2023-03-18T09:20:44.208Z [Modules] Streaming discord_game_utils@1 to /home/tommi/.config/discord/0.0.25/modules/pending/discord_game_utils-1.zip: 18%
2023-03-18T09:20:44.209Z [Modules] Streaming discord_game_utils@1 to /home/tommi/.config/discord/0.0.25/modules/pending/discord_game_utils-1.zip: 21%
2023-03-18T09:20:44.209Z [Modules] Streaming discord_game_utils@1 to /home/tommi/.config/discord/0.0.25/modules/pending/discord_game_utils-1.zip: 23%
2023-03-18T09:20:44.209Z [Modules] Streaming discord_game_utils@1 to /home/tommi/.config/discord/0.0.25/modules/pending/discord_game_utils-1.zip: 25%
2023-03-18T09:20:44.213Z [Modules] Streaming discord_game_utils@1 to /home/tommi/.config/discord/0.0.25/modules/pending/discord_game_utils-1.zip: 27%
2023-03-18T09:20:44.213Z [Modules] Streaming discord_game_utils@1 to /home/tommi/.config/discord/0.0.25/modules/pending/discord_game_utils-1.zip: 32%
2023-03-18T09:20:44.215Z [Modules] Streaming discord_game_utils@1 to /home/tommi/.config/discord/0.0.25/modules/pending/discord_game_utils-1.zip: 35%
2023-03-18T09:20:44.215Z [Modules] Streaming discord_game_utils@1 to /home/tommi/.config/discord/0.0.25/modules/pending/discord_game_utils-1.zip: 39%
2023-03-18T09:20:44.217Z [Modules] Streaming discord_game_utils@1 to /home/tommi/.config/discord/0.0.25/modules/pending/discord_game_utils-1.zip: 41%
2023-03-18T09:20:44.217Z [Modules] Streaming discord_game_utils@1 to /home/tommi/.config/discord/0.0.25/modules/pending/discord_game_utils-1.zip: 42%
2023-03-18T09:20:44.217Z [Modules] Streaming discord_game_utils@1 to /home/tommi/.config/discord/0.0.25/modules/pending/discord_game_utils-1.zip: 45%
2023-03-18T09:20:44.217Z [Modules] Streaming discord_game_utils@1 to /home/tommi/.config/discord/0.0.25/modules/pending/discord_game_utils-1.zip: 48%
2023-03-18T09:20:44.218Z [Modules] Streaming discord_game_utils@1 to /home/tommi/.config/discord/0.0.25/modules/pending/discord_game_utils-1.zip: 51%
2023-03-18T09:20:44.218Z [Modules] Streaming discord_game_utils@1 to /home/tommi/.config/discord/0.0.25/modules/pending/discord_game_utils-1.zip: 53%
2023-03-18T09:20:44.219Z [Modules] Streaming discord_game_utils@1 to /home/tommi/.config/discord/0.0.25/modules/pending/discord_game_utils-1.zip: 54%
2023-03-18T09:20:44.220Z [Modules] Streaming discord_game_utils@1 to /home/tommi/.config/discord/0.0.25/modules/pending/discord_game_utils-1.zip: 57%
2023-03-18T09:20:44.220Z [Modules] Streaming discord_game_utils@1 to /home/tommi/.config/discord/0.0.25/modules/pending/discord_game_utils-1.zip: 60%
2023-03-18T09:20:44.220Z [Modules] Streaming discord_game_utils@1 to /home/tommi/.config/discord/0.0.25/modules/pending/discord_game_utils-1.zip: 62%
2023-03-18T09:20:44.220Z [Modules] Streaming discord_game_utils@1 to /home/tommi/.config/discord/0.0.25/modules/pending/discord_game_utils-1.zip: 63%
2023-03-18T09:20:44.222Z [Modules] Streaming discord_game_utils@1 to /home/tommi/.config/discord/0.0.25/modules/pending/discord_game_utils-1.zip: 66%
2023-03-18T09:20:44.222Z [Modules] Streaming discord_game_utils@1 to /home/tommi/.config/discord/0.0.25/modules/pending/discord_game_utils-1.zip: 69%
2023-03-18T09:20:44.223Z [Modules] Streaming discord_game_utils@1 to /home/tommi/.config/discord/0.0.25/modules/pending/discord_game_utils-1.zip: 72%
2023-03-18T09:20:44.223Z [Modules] Streaming discord_game_utils@1 to /home/tommi/.config/discord/0.0.25/modules/pending/discord_game_utils-1.zip: 74%
2023-03-18T09:20:44.224Z [Modules] Streaming discord_game_utils@1 to /home/tommi/.config/discord/0.0.25/modules/pending/discord_game_utils-1.zip: 80%
2023-03-18T09:20:44.225Z [Modules] Streaming discord_game_utils@1 to /home/tommi/.config/discord/0.0.25/modules/pending/discord_game_utils-1.zip: 82%
2023-03-18T09:20:44.225Z [Modules] Streaming discord_game_utils@1 to /home/tommi/.config/discord/0.0.25/modules/pending/discord_game_utils-1.zip: 85%
2023-03-18T09:20:44.225Z [Modules] Streaming discord_game_utils@1 to /home/tommi/.config/discord/0.0.25/modules/pending/discord_game_utils-1.zip: 86%
2023-03-18T09:20:44.226Z [Modules] Streaming discord_game_utils@1 to /home/tommi/.config/discord/0.0.25/modules/pending/discord_game_utils-1.zip: 89%
2023-03-18T09:20:44.226Z [Modules] Streaming discord_game_utils@1 to /home/tommi/.config/discord/0.0.25/modules/pending/discord_game_utils-1.zip: 92%
2023-03-18T09:20:44.227Z [Modules] Streaming discord_game_utils@1 to /home/tommi/.config/discord/0.0.25/modules/pending/discord_game_utils-1.zip: 93%
2023-03-18T09:20:44.228Z [Modules] Streaming discord_game_utils@1 to /home/tommi/.config/discord/0.0.25/modules/pending/discord_game_utils-1.zip: 96%
2023-03-18T09:20:44.228Z [Modules] Streaming discord_game_utils@1 to /home/tommi/.config/discord/0.0.25/modules/pending/discord_game_utils-1.zip: 98%
2023-03-18T09:20:44.228Z [Modules] Streaming discord_game_utils@1 to /home/tommi/.config/discord/0.0.25/modules/pending/discord_game_utils-1.zip: 100%
2023-03-18T09:20:44.228Z [Modules] Finished module downloads. [success: 2] [failure: 0]
2023-03-18T09:20:44.228Z [Modules] Installing discord_game_utils@1 from /home/tommi/.config/discord/0.0.25/modules/pending/discord_game_utils-1.zip
2023-03-18T09:20:44.270Z [Modules] Finished module installations. [success: 1] [failure: 0]
2023-03-18T09:20:44.276Z [Modules] Checking for host updates.
2023-03-18T09:20:44.427Z [Modules] Host is up to date.
2023-03-18T09:20:44.427Z [Modules] Checking for module updates at https://discord.com/api/modules/stable/versions.json
2023-03-18T09:20:44.428Z [Modules] No module updates available.
2023-03-18T09:20:44.433Z [Modules] Starting to install discord_rpc...
2023-03-18T09:20:44.433Z [Modules] Fetching discord_rpc@1 from https://discord.com/api/modules/stable/discord_rpc/1
2023-03-18T09:20:44.433Z [Modules] Streaming discord_rpc@1 to /home/tommi/.config/discord/0.0.25/modules/pending/discord_rpc-1.zip
2023-03-18T09:20:44.707Z [Modules] Streaming discord_rpc@1 to /home/tommi/.config/discord/0.0.25/modules/pending/discord_rpc-1.zip: 100%
2023-03-18T09:20:44.707Z [Modules] Finished module downloads. [success: 1] [failure: 0]
2023-03-18T09:20:44.707Z [Modules] Installing discord_rpc@1 from /home/tommi/.config/discord/0.0.25/modules/pending/discord_rpc-1.zip
2023-03-18T09:20:44.717Z [Modules] Finished module installations. [success: 1] [failure: 0]
2023-03-18T10:41:26.049Z [Modules] Modules initializing
2023-03-18T10:41:26.049Z [Modules] Distribution: remote
2023-03-18T10:41:26.049Z [Modules] Host updates: enabled
2023-03-18T10:41:26.049Z [Modules] Module updates: enabled
2023-03-18T10:41:26.049Z [Modules] Module install path: /home/tommi/.config/discord/0.0.25/modules
2023-03-18T10:41:26.049Z [Modules] Module installed file path: /home/tommi/.config/discord/0.0.25/modules/installed.json
2023-03-18T10:41:26.049Z [Modules] Module download path: /home/tommi/.config/discord/0.0.25/modules/pending
2023-03-18T10:41:26.172Z [Modules] No updates to install
2023-03-18T10:41:26.172Z [Modules] Checking for host updates.
2023-03-18T10:41:26.385Z [Modules] Host is up to date.
2023-03-18T10:41:26.385Z [Modules] Checking for module updates at https://discord.com/api/modules/stable/versions.json
2023-03-18T10:41:26.409Z [Modules] No module updates available.
2023-03-18T10:41:28.502Z [Modules] Checking for host updates.
2023-03-18T10:41:28.654Z [Modules] Host is up to date.
2023-03-18T10:41:28.654Z [Modules] Checking for module updates at https://discord.com/api/modules/stable/versions.json
2023-03-18T10:41:28.656Z [Modules] No module updates available.
2023-03-18T11:22:34.923Z [Modules] Modules initializing
2023-03-18T11:22:34.923Z [Modules] Distribution: remote
2023-03-18T11:22:34.923Z [Modules] Host updates: enabled
2023-03-18T11:22:34.923Z [Modules] Module updates: enabled
2023-03-18T11:22:34.923Z [Modules] Module install path: /home/tommi/.config/discord/0.0.25/modules
2023-03-18T11:22:34.923Z [Modules] Module installed file path: /home/tommi/.config/discord/0.0.25/modules/installed.json
2023-03-18T11:22:34.923Z [Modules] Module download path: /home/tommi/.config/discord/0.0.25/modules/pending
2023-03-18T11:22:35.026Z [Modules] No updates to install
2023-03-18T11:22:35.026Z [Modules] Checking for host updates.
2023-03-18T11:22:35.256Z [Modules] Host is up to date.
2023-03-18T11:22:35.257Z [Modules] Checking for module updates at https://discord.com/api/modules/stable/versions.json
2023-03-18T11:22:35.284Z [Modules] No module updates available.
2023-03-18T11:22:38.305Z [Modules] Checking for host updates.
2023-03-18T11:22:38.486Z [Modules] Host is up to date.
2023-03-18T11:22:38.486Z [Modules] Checking for module updates at https://discord.com/api/modules/stable/versions.json
2023-03-18T11:22:38.488Z [Modules] No module updates available.
2023-03-18T11:28:12.089Z [Modules] Modules initializing
2023-03-18T11:28:12.089Z [Modules] Distribution: remote
2023-03-18T11:28:12.089Z [Modules] Host updates: enabled
2023-03-18T11:28:12.089Z [Modules] Module updates: enabled
2023-03-18T11:28:12.089Z [Modules] Module install path: /home/tommi/.config/discord/0.0.25/modules
2023-03-18T11:28:12.089Z [Modules] Module installed file path: /home/tommi/.config/discord/0.0.25/modules/installed.json
2023-03-18T11:28:12.089Z [Modules] Module download path: /home/tommi/.config/discord/0.0.25/modules/pending
2023-03-18T11:28:12.214Z [Modules] No updates to install
2023-03-18T11:28:12.214Z [Modules] Checking for host updates.
2023-03-18T11:28:12.459Z [Modules] Host is up to date.
2023-03-18T11:28:12.459Z [Modules] Checking for module updates at https://discord.com/api/modules/stable/versions.json
2023-03-18T11:28:12.491Z [Modules] No module updates available.
2023-03-18T11:28:14.100Z [Modules] Checking for host updates.
2023-03-18T11:28:14.276Z [Modules] Host is up to date.
2023-03-18T11:28:14.276Z [Modules] Checking for module updates at https://discord.com/api/modules/stable/versions.json
2023-03-18T11:28:14.278Z [Modules] No module updates available.
2023-03-18T12:57:58.249Z [Modules] Modules initializing
2023-03-18T12:57:58.249Z [Modules] Distribution: remote
2023-03-18T12:57:58.249Z [Modules] Host updates: enabled
2023-03-18T12:57:58.249Z [Modules] Module updates: enabled
2023-03-18T12:57:58.249Z [Modules] Module install path: /home/tommi/.config/discord/0.0.25/modules
2023-03-18T12:57:58.249Z [Modules] Module installed file path: /home/tommi/.config/discord/0.0.25/modules/installed.json
2023-03-18T12:57:58.249Z [Modules] Module download path: /home/tommi/.config/discord/0.0.25/modules/pending
2023-03-18T12:57:58.378Z [Modules] No updates to install
2023-03-18T12:57:58.379Z [Modules] Checking for host updates.
2023-03-18T12:57:58.588Z [Modules] Host is up to date.
2023-03-18T12:57:58.588Z [Modules] Checking for module updates at https://discord.com/api/modules/stable/versions.json
2023-03-18T12:57:58.611Z [Modules] No module updates available.
2023-03-18T12:58:00.378Z [Modules] Checking for host updates.
2023-03-18T12:58:00.565Z [Modules] Host is up to date.
2023-03-18T12:58:00.565Z [Modules] Checking for module updates at https://discord.com/api/modules/stable/versions.json
2023-03-18T12:58:00.567Z [Modules] No module updates available.
2023-03-18T13:58:00.380Z [Modules] Checking for host updates.
2023-03-18T13:58:00.573Z [Modules] Host is up to date.
2023-03-18T13:58:00.573Z [Modules] Checking for module updates at https://discord.com/api/modules/stable/versions.json
2023-03-18T13:58:00.596Z [Modules] No module updates available.
2023-03-18T14:58:00.384Z [Modules] Checking for host updates.
2023-03-18T14:58:00.595Z [Modules] Host is up to date.
2023-03-18T14:58:00.595Z [Modules] Checking for module updates at https://discord.com/api/modules/stable/versions.json
2023-03-18T14:58:00.616Z [Modules] No module updates available.
2023-03-18T15:58:00.383Z [Modules] Checking for host updates.
2023-03-18T15:58:00.577Z [Modules] Host is up to date.
2023-03-18T15:58:00.577Z [Modules] Checking for module updates at https://discord.com/api/modules/stable/versions.json
2023-03-18T15:58:00.603Z [Modules] No module updates available.
2023-03-18T16:58:00.379Z [Modules] Checking for host updates.
2023-03-18T16:58:00.563Z [Modules] Host is up to date.
2023-03-18T16:58:00.564Z [Modules] Checking for module updates at https://discord.com/api/modules/stable/versions.json
2023-03-18T16:58:00.589Z [Modules] No module updates available.
2023-03-18T17:08:37.833Z [Modules] Modules initializing
2023-03-18T17:08:37.833Z [Modules] Distribution: remote
2023-03-18T17:08:37.833Z [Modules] Host updates: enabled
2023-03-18T17:08:37.833Z [Modules] Module updates: enabled
2023-03-18T17:08:37.833Z [Modules] Module install path: /home/tommi/.config/discord/0.0.25/modules
2023-03-18T17:08:37.833Z [Modules] Module installed file path: /home/tommi/.config/discord/0.0.25/modules/installed.json
2023-03-18T17:08:37.833Z [Modules] Module download path: /home/tommi/.config/discord/0.0.25/modules/pending
2023-03-18T17:08:37.955Z [Modules] No updates to install
2023-03-18T17:08:37.956Z [Modules] Checking for host updates.
2023-03-18T17:08:38.261Z [Modules] Host is up to date.
2023-03-18T17:08:38.262Z [Modules] Checking for module updates at https://discord.com/api/modules/stable/versions.json
2023-03-18T17:08:38.290Z [Modules] No module updates available.
2023-03-18T17:08:39.978Z [Modules] Checking for host updates.
2023-03-18T17:08:40.145Z [Modules] Host is up to date.
2023-03-18T17:08:40.146Z [Modules] Checking for module updates at https://discord.com/api/modules/stable/versions.json
2023-03-18T17:08:40.147Z [Modules] No module updates available.
2023-03-18T18:08:39.980Z [Modules] Checking for host updates.
2023-03-18T18:08:40.156Z [Modules] Host is up to date.
2023-03-18T18:08:40.156Z [Modules] Checking for module updates at https://discord.com/api/modules/stable/versions.json
2023-03-18T18:08:40.173Z [Modules] No module updates available.
2023-03-18T19:08:39.979Z [Modules] Checking for host updates.
2023-03-18T19:08:40.152Z [Modules] Host is up to date.
2023-03-18T19:08:40.152Z [Modules] Checking for module updates at https://discord.com/api/modules/stable/versions.json
2023-03-18T19:08:40.173Z [Modules] No module updates available.
2023-03-18T20:08:39.980Z [Modules] Checking for host updates.
2023-03-18T20:08:40.149Z [Modules] Host is up to date.
2023-03-18T20:08:40.149Z [Modules] Checking for module updates at https://discord.com/api/modules/stable/versions.json
2023-03-18T20:08:40.170Z [Modules] No module updates available.
2023-03-18T21:08:39.980Z [Modules] Checking for host updates.
2023-03-18T21:08:40.145Z [Modules] Host is up to date.
2023-03-18T21:08:40.145Z [Modules] Checking for module updates at https://discord.com/api/modules/stable/versions.json
2023-03-18T21:08:40.163Z [Modules] No module updates available.
2023-03-18T22:08:39.984Z [Modules] Checking for host updates.
2023-03-18T22:08:40.161Z [Modules] Host is up to date.
2023-03-18T22:08:40.161Z [Modules] Checking for module updates at https://discord.com/api/modules/stable/versions.json
2023-03-18T22:08:40.188Z [Modules] No module updates available.
2023-03-18T23:08:39.984Z [Modules] Checking for host updates.
2023-03-18T23:08:40.144Z [Modules] Host is up to date.
2023-03-18T23:08:40.144Z [Modules] Checking for module updates at https://discord.com/api/modules/stable/versions.json
2023-03-18T23:08:40.162Z [Modules] No module updates available.
2023-03-19T00:08:39.984Z [Modules] Checking for host updates.
2023-03-19T00:08:40.144Z [Modules] Host is up to date.
2023-03-19T00:08:40.144Z [Modules] Checking for module updates at https://discord.com/api/modules/stable/versions.json
2023-03-19T00:08:40.165Z [Modules] No module updates available.
2023-03-19T01:08:39.984Z [Modules] Checking for host updates.
2023-03-19T01:08:40.149Z [Modules] Host is up to date.
2023-03-19T01:08:40.150Z [Modules] Checking for module updates at https://discord.com/api/modules/stable/versions.json
2023-03-19T01:08:40.170Z [Modules] No module updates available.
2023-03-19T02:08:39.984Z [Modules] Checking for host updates.
2023-03-19T02:08:40.155Z [Modules] Host is up to date.
2023-03-19T02:08:40.156Z [Modules] Checking for module updates at https://discord.com/api/modules/stable/versions.json
2023-03-19T02:08:40.174Z [Modules] No module updates available.
2023-03-19T03:08:39.984Z [Modules] Checking for host updates.
2023-03-19T03:08:40.171Z [Modules] Host is up to date.
2023-03-19T03:08:40.171Z [Modules] Checking for module updates at https://discord.com/api/modules/stable/versions.json
2023-03-19T03:08:40.194Z [Modules] No module updates available.
2023-03-19T04:08:39.984Z [Modules] Checking for host updates.
2023-03-19T04:08:40.156Z [Modules] Host is up to date.
2023-03-19T04:08:40.156Z [Modules] Checking for module updates at https://discord.com/api/modules/stable/versions.json
2023-03-19T04:08:40.175Z [Modules] No module updates available.
2023-03-19T05:08:39.984Z [Modules] Checking for host updates.
2023-03-19T05:08:40.154Z [Modules] Host is up to date.
2023-03-19T05:08:40.154Z [Modules] Checking for module updates at https://discord.com/api/modules/stable/versions.json
2023-03-19T05:08:40.173Z [Modules] No module updates available.
2023-03-19T06:08:39.984Z [Modules] Checking for host updates.
2023-03-19T06:08:40.147Z [Modules] Host is up to date.
2023-03-19T06:08:40.147Z [Modules] Checking for module updates at https://discord.com/api/modules/stable/versions.json
2023-03-19T06:08:40.174Z [Modules] No module updates available.
2023-03-19T07:08:39.984Z [Modules] Checking for host updates.
2023-03-19T07:08:40.157Z [Modules] Host is up to date.
2023-03-19T07:08:40.157Z [Modules] Checking for module updates at https://discord.com/api/modules/stable/versions.json
2023-03-19T07:08:40.183Z [Modules] No module updates available.
2023-03-19T08:13:19.965Z [Modules] Modules initializing
2023-03-19T08:13:19.965Z [Modules] Distribution: remote
2023-03-19T08:13:19.965Z [Modules] Host updates: enabled
2023-03-19T08:13:19.965Z [Modules] Module updates: enabled
2023-03-19T08:13:19.965Z [Modules] Module install path: /home/tommi/.config/discord/0.0.25/modules
2023-03-19T08:13:19.965Z [Modules] Module installed file path: /home/tommi/.config/discord/0.0.25/modules/installed.json
2023-03-19T08:13:19.965Z [Modules] Module download path: /home/tommi/.config/discord/0.0.25/modules/pending
2023-03-19T08:13:20.098Z [Modules] No updates to install
2023-03-19T08:13:20.098Z [Modules] Checking for host updates.
2023-03-19T08:13:20.311Z [Modules] Host is up to date.
2023-03-19T08:13:20.312Z [Modules] Checking for module updates at https://discord.com/api/modules/stable/versions.json
2023-03-19T08:13:20.338Z [Modules] No module updates available.
2023-03-19T08:13:21.867Z [Modules] Checking for host updates.
2023-03-19T08:13:22.067Z [Modules] Host is up to date.
2023-03-19T08:13:22.068Z [Modules] Checking for module updates at https://discord.com/api/modules/stable/versions.json
2023-03-19T08:13:22.069Z [Modules] No module updates available.
2023-03-19T09:34:30.954Z [Modules] Modules initializing
2023-03-19T09:34:30.954Z [Modules] Distribution: remote
2023-03-19T09:34:30.954Z [Modules] Host updates: enabled
2023-03-19T09:34:30.954Z [Modules] Module updates: enabled
2023-03-19T09:34:30.954Z [Modules] Module install path: /home/tommi/.config/discord/0.0.25/modules
2023-03-19T09:34:30.954Z [Modules] Module installed file path: /home/tommi/.config/discord/0.0.25/modules/installed.json
2023-03-19T09:34:30.954Z [Modules] Module download path: /home/tommi/.config/discord/0.0.25/modules/pending
2023-03-19T09:34:31.065Z [Modules] No updates to install
2023-03-19T09:34:31.065Z [Modules] Checking for host updates.
2023-03-19T09:34:31.273Z [Modules] Host is up to date.
2023-03-19T09:34:31.275Z [Modules] Checking for module updates at https://discord.com/api/modules/stable/versions.json
2023-03-19T09:34:31.302Z [Modules] No module updates available.
2023-03-19T09:34:32.839Z [Modules] Checking for host updates.
2023-03-19T09:34:32.987Z [Modules] Host is up to date.
2023-03-19T09:34:32.987Z [Modules] Checking for module updates at https://discord.com/api/modules/stable/versions.json
2023-03-19T09:34:32.988Z [Modules] No module updates available.
2023-03-19T10:34:32.841Z [Modules] Checking for host updates.
2023-03-19T10:34:33.023Z [Modules] Host is up to date.
2023-03-19T10:34:33.023Z [Modules] Checking for module updates at https://discord.com/api/modules/stable/versions.json
2023-03-19T10:34:33.046Z [Modules] No module updates available.
2023-03-19T11:34:32.844Z [Modules] Checking for host updates.
2023-03-19T11:34:33.021Z [Modules] Host is up to date.
2023-03-19T11:34:33.021Z [Modules] Checking for module updates at https://discord.com/api/modules/stable/versions.json
2023-03-19T11:34:33.049Z [Modules] No module updates available.
2023-03-19T12:34:32.845Z [Modules] Checking for host updates.
2023-03-19T12:34:33.015Z [Modules] Host is up to date.
2023-03-19T12:34:33.015Z [Modules] Checking for module updates at https://discord.com/api/modules/stable/versions.json
2023-03-19T12:34:33.037Z [Modules] No module updates available.
2023-03-19T13:34:32.844Z [Modules] Checking for host updates.
2023-03-19T13:34:33.032Z [Modules] Host is up to date.
2023-03-19T13:34:33.032Z [Modules] Checking for module updates at https://discord.com/api/modules/stable/versions.json
2023-03-19T13:34:33.056Z [Modules] No module updates available.
2023-03-19T14:34:32.840Z [Modules] Checking for host updates.
2023-03-19T14:34:33.027Z [Modules] Host is up to date.
2023-03-19T14:34:33.027Z [Modules] Checking for module updates at https://discord.com/api/modules/stable/versions.json
2023-03-19T14:34:33.043Z [Modules] No module updates available.
2023-03-19T15:34:32.846Z [Modules] Checking for host updates.
2023-03-19T15:34:33.028Z [Modules] Host is up to date.
2023-03-19T15:34:33.028Z [Modules] Checking for module updates at https://discord.com/api/modules/stable/versions.json
2023-03-19T15:34:33.048Z [Modules] No module updates available.
2023-03-19T16:34:32.839Z [Modules] Checking for host updates.
2023-03-19T16:34:33.000Z [Modules] Host is up to date.
2023-03-19T16:34:33.001Z [Modules] Checking for module updates at https://discord.com/api/modules/stable/versions.json
2023-03-19T16:34:33.022Z [Modules] No module updates available.
2023-03-19T17:34:32.840Z [Modules] Checking for host updates.
2023-03-19T17:34:33.024Z [Modules] Host is up to date.
2023-03-19T17:34:33.025Z [Modules] Checking for module updates at https://discord.com/api/modules/stable/versions.json
2023-03-19T17:34:33.040Z [Modules] No module updates available.
2023-03-19T18:34:32.840Z [Modules] Checking for host updates.
2023-03-19T18:34:33.043Z [Modules] Host is up to date.
2023-03-19T18:34:33.044Z [Modules] Checking for module updates at https://discord.com/api/modules/stable/versions.json
2023-03-19T18:34:33.066Z [Modules] No module updates available.
2023-03-19T19:34:32.840Z [Modules] Checking for host updates.
2023-03-19T19:34:33.022Z [Modules] Host is up to date.
2023-03-19T19:34:33.023Z [Modules] Checking for module updates at https://discord.com/api/modules/stable/versions.json
2023-03-19T19:34:33.041Z [Modules] No module updates available.
2023-03-19T20:34:32.842Z [Modules] Checking for host updates.
2023-03-19T20:34:33.045Z [Modules] Host is up to date.
2023-03-19T20:34:33.046Z [Modules] Checking for module updates at https://discord.com/api/modules/stable/versions.json
2023-03-19T20:34:33.074Z [Modules] No module updates available.
2023-03-19T21:34:32.845Z [Modules] Checking for host updates.
2023-03-19T21:34:33.007Z [Modules] Host is up to date.
2023-03-19T21:34:33.007Z [Modules] Checking for module updates at https://discord.com/api/modules/stable/versions.json
2023-03-19T21:34:33.032Z [Modules] No module updates available.
2023-03-19T22:34:32.844Z [Modules] Checking for host updates.
2023-03-19T22:34:33.007Z [Modules] Host is up to date.
2023-03-19T22:34:33.008Z [Modules] Checking for module updates at https://discord.com/api/modules/stable/versions.json
2023-03-19T22:34:33.027Z [Modules] No module updates available.
2023-03-19T23:34:32.844Z [Modules] Checking for host updates.
2023-03-19T23:34:33.001Z [Modules] Host is up to date.
2023-03-19T23:34:33.002Z [Modules] Checking for module updates at https://discord.com/api/modules/stable/versions.json
2023-03-19T23:34:33.018Z [Modules] No module updates available.
2023-03-20T00:34:32.845Z [Modules] Checking for host updates.
2023-03-20T00:34:33.040Z [Modules] Host is up to date.
2023-03-20T00:34:33.040Z [Modules] Checking for module updates at https://discord.com/api/modules/stable/versions.json
2023-03-20T00:34:33.055Z [Modules] No module updates available.
2023-03-20T01:34:32.844Z [Modules] Checking for host updates.
2023-03-20T01:34:33.012Z [Modules] Host is up to date.
2023-03-20T01:34:33.012Z [Modules] Checking for module updates at https://discord.com/api/modules/stable/versions.json
2023-03-20T01:34:33.033Z [Modules] No module updates available.
2023-03-20T02:34:32.844Z [Modules] Checking for host updates.
2023-03-20T02:34:33.011Z [Modules] Host is up to date.
2023-03-20T02:34:33.011Z [Modules] Checking for module updates at https://discord.com/api/modules/stable/versions.json
2023-03-20T02:34:33.033Z [Modules] No module updates available.
2023-03-20T03:34:32.845Z [Modules] Checking for host updates.
2023-03-20T03:34:33.008Z [Modules] Host is up to date.
2023-03-20T03:34:33.009Z [Modules] Checking for module updates at https://discord.com/api/modules/stable/versions.json
2023-03-20T03:34:33.027Z [Modules] No module updates available.
2023-03-20T04:34:32.845Z [Modules] Checking for host updates.
2023-03-20T04:34:33.016Z [Modules] Host is up to date.
2023-03-20T04:34:33.016Z [Modules] Checking for module updates at https://discord.com/api/modules/stable/versions.json
2023-03-20T04:34:33.039Z [Modules] No module updates available.
2023-03-20T05:34:32.844Z [Modules] Checking for host updates.
2023-03-20T05:34:33.019Z [Modules] Host is up to date.
2023-03-20T05:34:33.020Z [Modules] Checking for module updates at https://discord.com/api/modules/stable/versions.json
2023-03-20T05:34:33.068Z [Modules] No module updates available.
2023-03-20T06:34:32.845Z [Modules] Checking for host updates.
2023-03-20T06:34:33.053Z [Modules] Host is up to date.
2023-03-20T06:34:33.053Z [Modules] Checking for module updates at https://discord.com/api/modules/stable/versions.json
2023-03-20T06:34:33.079Z [Modules] No module updates available.
2023-03-20T07:34:32.845Z [Modules] Checking for host updates.
2023-03-20T07:34:33.051Z [Modules] Host is up to date.
2023-03-20T07:34:33.051Z [Modules] Checking for module updates at https://discord.com/api/modules/stable/versions.json
2023-03-20T07:34:33.077Z [Modules] No module updates available.
2023-03-20T08:34:32.845Z [Modules] Checking for host updates.
2023-03-20T08:34:33.043Z [Modules] Host is up to date.
2023-03-20T08:34:33.043Z [Modules] Checking for module updates at https://discord.com/api/modules/stable/versions.json
2023-03-20T08:34:33.082Z [Modules] No module updates available.
2023-03-20T09:34:32.840Z [Modules] Checking for host updates.
2023-03-20T09:34:33.052Z [Modules] Host is up to date.
2023-03-20T09:34:33.052Z [Modules] Checking for module updates at https://discord.com/api/modules/stable/versions.json
2023-03-20T09:34:33.077Z [Modules] No module updates available.
2023-03-20T10:07:50.145Z [Modules] Modules initializing
2023-03-20T10:07:50.145Z [Modules] Distribution: remote
2023-03-20T10:07:50.145Z [Modules] Host updates: enabled
2023-03-20T10:07:50.145Z [Modules] Module updates: enabled
2023-03-20T10:07:50.145Z [Modules] Module install path: /home/tommi/.config/discord/0.0.25/modules
2023-03-20T10:07:50.145Z [Modules] Module installed file path: /home/tommi/.config/discord/0.0.25/modules/installed.json
2023-03-20T10:07:50.145Z [Modules] Module download path: /home/tommi/.config/discord/0.0.25/modules/pending
2023-03-20T10:07:50.251Z [Modules] No updates to install
2023-03-20T10:07:50.251Z [Modules] Checking for host updates.
2023-03-20T10:07:50.453Z [Modules] Host is up to date.
2023-03-20T10:07:50.454Z [Modules] Checking for module updates at https://discord.com/api/modules/stable/versions.json
2023-03-20T10:07:50.474Z [Modules] No module updates available.
2023-03-20T10:07:52.149Z [Modules] Checking for host updates.
2023-03-20T10:07:52.298Z [Modules] Host is up to date.
2023-03-20T10:07:52.298Z [Modules] Checking for module updates at https://discord.com/api/modules/stable/versions.json
2023-03-20T10:07:52.300Z [Modules] No module updates available.
