2023-11-05 15:41:46.515 [info] Log level: Info
2023-11-05 15:41:46.515 [info] Validating found git in: "git"
2023-11-05 15:41:46.515 [info] Using git "2.41.0" from "git"
2023-11-05 15:41:55.685 [info] Log level: Info
2023-11-05 15:41:55.685 [info] Validating found git in: "git"
2023-11-05 15:41:55.685 [info] Using git "2.41.0" from "git"
2023-11-05 15:41:55.685 [info] > git rev-parse --show-toplevel [3ms]
2023-11-05 15:41:55.688 [info] > git rev-parse --git-dir --git-common-dir [1ms]
2023-11-05 15:41:55.696 [info] Open repository: /home/tommi/honeygain-systemd-service
2023-11-05 15:41:55.706 [info] > git config --get commit.template [1ms]
2023-11-05 15:41:55.710 [info] > git for-each-ref --format=%(refname)%00%(upstream:short)%00%(objectname)%00%(upstream:track)%00%(upstream:remotename)%00%(upstream:remoteref) refs/heads/main refs/remotes/main [1ms]
2023-11-05 15:41:55.714 [info] > git status -z -uall [1ms]
2023-11-05 15:41:55.723 [info] > git config --get commit.template [1ms]
2023-11-05 15:41:55.767 [info] > git for-each-ref --format=%(refname)%00%(upstream:short)%00%(objectname)%00%(upstream:track)%00%(upstream:remotename)%00%(upstream:remoteref) refs/heads/main refs/remotes/main [15ms]
2023-11-05 15:41:55.772 [info] > git status -z -uall [1ms]
2023-11-05 15:41:56.222 [info] > git check-ignore -v -z --stdin [4ms]
2023-11-05 15:41:59.865 [info] > git show --textconv :install.sh [19ms]
2023-11-05 15:41:59.875 [info] > git ls-files --stage -- /home/tommi/honeygain-systemd-service/install.sh [12ms]
2023-11-05 15:41:59.894 [info] > git cat-file -s dfa0a8b5bdf65f0a58540cb1fda5fc893253f26f [5ms]
2023-11-05 15:42:00.356 [info] > git show --textconv :honeygain-docker.service [13ms]
2023-11-05 15:42:00.359 [info] > git ls-files --stage -- /home/tommi/honeygain-systemd-service/honeygain-docker.service [4ms]
2023-11-05 15:42:00.368 [info] > git cat-file -s 33806d2f8bb37dc34d51b410404cb7e7e57a1a56 [2ms]
2023-11-05 15:42:00.872 [info] > git show --textconv :install.sh [12ms]
2023-11-05 15:42:00.875 [info] > git ls-files --stage -- /home/tommi/honeygain-systemd-service/install.sh [4ms]
2023-11-05 15:42:00.884 [info] > git cat-file -s dfa0a8b5bdf65f0a58540cb1fda5fc893253f26f [2ms]
2023-11-05 15:42:01.275 [info] > git show --textconv :LICENSE [11ms]
2023-11-05 15:42:01.278 [info] > git ls-files --stage -- /home/tommi/honeygain-systemd-service/LICENSE [4ms]
2023-11-05 15:42:01.288 [info] > git cat-file -s f288702d2fa16d3cdf0035b15a9fcbc552cd88e7 [2ms]
2023-11-05 15:42:01.723 [info] > git show --textconv :README.md [3ms]
2023-11-05 15:42:01.723 [info] > git ls-files --stage -- /home/tommi/honeygain-systemd-service/README.md [0ms]
2023-11-05 15:42:01.727 [info] > git cat-file -s 5f7be41aa26fd80a65e9d36f526453d781d39425 [1ms]
2023-11-05 15:42:02.289 [info] > git show --textconv :LICENSE [11ms]
2023-11-05 15:42:02.292 [info] > git ls-files --stage -- /home/tommi/honeygain-systemd-service/LICENSE [4ms]
2023-11-05 15:42:02.304 [info] > git cat-file -s f288702d2fa16d3cdf0035b15a9fcbc552cd88e7 [2ms]
2023-11-05 15:42:02.727 [info] > git show --textconv :install.sh [14ms]
2023-11-05 15:42:02.730 [info] > git ls-files --stage -- /home/tommi/honeygain-systemd-service/install.sh [5ms]
2023-11-05 15:42:02.742 [info] > git cat-file -s dfa0a8b5bdf65f0a58540cb1fda5fc893253f26f [3ms]
2023-11-05 15:42:03.301 [info] > git show --textconv :honeygain-docker.service [13ms]
2023-11-05 15:42:03.304 [info] > git ls-files --stage -- /home/tommi/honeygain-systemd-service/honeygain-docker.service [4ms]
2023-11-05 15:42:03.315 [info] > git cat-file -s 33806d2f8bb37dc34d51b410404cb7e7e57a1a56 [2ms]
2023-11-05 15:42:04.675 [info] > git show --textconv :install.sh [13ms]
2023-11-05 15:42:04.677 [info] > git ls-files --stage -- /home/tommi/honeygain-systemd-service/install.sh [3ms]
2023-11-05 15:42:04.691 [info] > git cat-file -s dfa0a8b5bdf65f0a58540cb1fda5fc893253f26f [3ms]
2023-11-05 15:42:05.582 [info] > git show --textconv :LICENSE [13ms]
2023-11-05 15:42:05.585 [info] > git ls-files --stage -- /home/tommi/honeygain-systemd-service/LICENSE [4ms]
2023-11-05 15:42:05.597 [info] > git cat-file -s f288702d2fa16d3cdf0035b15a9fcbc552cd88e7 [2ms]
2023-11-05 15:42:12.640 [info] > git show --textconv :README.md [5ms]
2023-11-05 15:42:12.641 [info] > git ls-files --stage -- /home/tommi/honeygain-systemd-service/README.md [2ms]
2023-11-05 15:42:12.644 [info] > git cat-file -s 5f7be41aa26fd80a65e9d36f526453d781d39425 [1ms]
2023-11-05 15:42:16.980 [info] > git show --textconv :install.sh [15ms]
2023-11-05 15:42:16.983 [info] > git ls-files --stage -- /home/tommi/honeygain-systemd-service/install.sh [5ms]
2023-11-05 15:42:16.994 [info] > git cat-file -s dfa0a8b5bdf65f0a58540cb1fda5fc893253f26f [2ms]
2023-11-05 15:44:52.580 [info] > git show --textconv :install.sh [16ms]
2023-11-05 15:44:52.583 [info] > git ls-files --stage -- /home/tommi/honeygain-systemd-service/install.sh [4ms]
2023-11-05 15:44:52.597 [info] > git cat-file -s dfa0a8b5bdf65f0a58540cb1fda5fc893253f26f [3ms]
2023-11-05 15:49:29.039 [info] > git show --textconv :honeygain-docker.service [7ms]
2023-11-05 15:49:29.039 [info] > git ls-files --stage -- /home/tommi/honeygain-systemd-service/honeygain-docker.service [1ms]
2023-11-05 15:49:29.046 [info] > git cat-file -s 33806d2f8bb37dc34d51b410404cb7e7e57a1a56 [1ms]
2023-11-05 15:49:29.392 [info] > git show --textconv :install.sh [9ms]
2023-11-05 15:49:29.393 [info] > git ls-files --stage -- /home/tommi/honeygain-systemd-service/install.sh [1ms]
2023-11-05 15:49:29.400 [info] > git cat-file -s dfa0a8b5bdf65f0a58540cb1fda5fc893253f26f [1ms]
