2023-11-05 16:08:50.445 [info] Log level: Info
2023-11-05 16:08:50.445 [info] Validating found git in: "git"
2023-11-05 16:08:50.445 [info] Using git "2.41.0" from "git"
2023-11-05 16:08:50.445 [info] > git rev-parse --show-toplevel [1ms]
2023-11-05 16:08:50.445 [info] > git rev-parse --git-dir --git-common-dir [1ms]
2023-11-05 16:08:50.445 [info] Open repository: /home/tommi/honeygain-systemd-service
2023-11-05 16:08:50.450 [info] > git config --get commit.template [1ms]
2023-11-05 16:08:50.454 [info] > git for-each-ref --format=%(refname)%00%(upstream:short)%00%(objectname)%00%(upstream:track)%00%(upstream:remotename)%00%(upstream:remoteref) refs/heads/main refs/remotes/main [1ms]
2023-11-05 16:08:50.459 [info] > git status -z -uall [1ms]
2023-11-05 16:08:50.465 [info] > git config --get commit.template [1ms]
2023-11-05 16:08:50.475 [info] > git for-each-ref --format=%(refname)%00%(upstream:short)%00%(objectname)%00%(upstream:track)%00%(upstream:remotename)%00%(upstream:remoteref) refs/heads/main refs/remotes/main [7ms]
2023-11-05 16:08:50.481 [info] > git status -z -uall [3ms]
2023-11-05 16:08:51.030 [info] > git check-ignore -v -z --stdin [4ms]
2023-11-05 16:09:00.292 [info] > git show --textconv :install.sh [8ms]
2023-11-05 16:09:00.293 [info] > git ls-files --stage -- /home/tommi/honeygain-systemd-service/install.sh [1ms]
2023-11-05 16:09:00.300 [info] > git cat-file -s 9b0f51748420d3a72fbd6732b4fd3a7f63ed29eb [1ms]
2023-11-05 16:10:09.098 [info] > git config --get commit.template [19ms]
2023-11-05 16:10:09.098 [info] > git for-each-ref --format=%(refname)%00%(upstream:short)%00%(objectname)%00%(upstream:track)%00%(upstream:remotename)%00%(upstream:remoteref) refs/heads/main refs/remotes/main [3ms]
2023-11-05 16:10:09.108 [info] > git status -z -uall [1ms]
2023-11-05 16:10:19.721 [info] > git add -A -- . [2ms]
2023-11-05 16:10:19.730 [info] > git -c user.useConfigOnly=true commit --quiet [1ms]
2023-11-05 16:10:19.730 [info] Author identity unknown

*** Please tell me who you are.

Run

  git config --global user.email "you@example.com"
  git config --global user.name "Your Name"

to set your account's default identity.
Omit --global to set the identity only in this repository.

fatal: no email was given and auto-detection is disabled
2023-11-05 16:10:19.741 [info] > git config --get-all user.name [2ms]
2023-11-05 16:10:19.758 [info] > git config --get commit.template [9ms]
2023-11-05 16:10:19.760 [info] > git for-each-ref --format=%(refname)%00%(upstream:short)%00%(objectname)%00%(upstream:track)%00%(upstream:remotename)%00%(upstream:remoteref) refs/heads/main refs/remotes/main [3ms]
2023-11-05 16:10:19.834 [info] > git status -z -uall [65ms]
2023-11-05 16:10:23.353 [info] > git config --get commit.template [7ms]
2023-11-05 16:10:23.354 [info] > git for-each-ref --format=%(refname)%00%(upstream:short)%00%(objectname)%00%(upstream:track)%00%(upstream:remotename)%00%(upstream:remoteref) refs/heads/main refs/remotes/main [0ms]
2023-11-05 16:10:23.361 [info] > git status -z -uall [1ms]
2023-11-05 16:10:23.411 [info] > git ls-files --stage -- /home/tommi/honeygain-systemd-service/install.sh [1ms]
2023-11-05 16:10:23.420 [info] > git cat-file -s ae1d8a0d4a66598b79a15d3f6da3124f23773bc9 [2ms]
2023-11-05 16:10:23.453 [info] > git show --textconv :install.sh [3ms]
