2023-11-05 16:27:11.712 [info] Log level: Info
2023-11-05 16:27:11.712 [info] Validating found git in: "git"
2023-11-05 16:27:11.712 [info] Using git "2.41.0" from "git"
2023-11-05 16:27:11.712 [info] > git rev-parse --show-toplevel [2ms]
2023-11-05 16:27:11.712 [info] > git rev-parse --git-dir --git-common-dir [4ms]
2023-11-05 16:27:11.712 [info] Open repository: /home/tommi/honeygain-systemd-service
2023-11-05 16:27:11.713 [info] > git config --get commit.template [2ms]
2023-11-05 16:27:11.717 [info] > git for-each-ref --format=%(refname)%00%(upstream:short)%00%(objectname)%00%(upstream:track)%00%(upstream:remotename)%00%(upstream:remoteref) refs/heads/main refs/remotes/main [1ms]
2023-11-05 16:27:11.721 [info] > git status -z -uall [1ms]
2023-11-05 16:27:11.730 [info] > git config --get commit.template [1ms]
2023-11-05 16:27:11.735 [info] > git for-each-ref --format=%(refname)%00%(upstream:short)%00%(objectname)%00%(upstream:track)%00%(upstream:remotename)%00%(upstream:remoteref) refs/heads/main refs/remotes/main [1ms]
2023-11-05 16:27:11.741 [info] > git status -z -uall [2ms]
2023-11-05 16:27:12.312 [info] > git check-ignore -v -z --stdin [14ms]
2023-11-05 16:27:12.340 [info] > git show --textconv :install.sh [12ms]
2023-11-05 16:27:12.340 [info] > git ls-files --stage -- /home/tommi/honeygain-systemd-service/install.sh [8ms]
2023-11-05 16:27:12.346 [info] > git cat-file -s 88956e09e315d608f7d99329de0e30ac21d2c314 [1ms]
2023-11-05 16:31:20.377 [info] > git config --get commit.template [18ms]
2023-11-05 16:31:20.378 [info] > git for-each-ref --format=%(refname)%00%(upstream:short)%00%(objectname)%00%(upstream:track)%00%(upstream:remotename)%00%(upstream:remoteref) refs/heads/main refs/remotes/main [4ms]
2023-11-05 16:31:20.395 [info] > git status -z -uall [2ms]
2023-11-05 16:32:57.188 [info] > git config --get commit.template [17ms]
2023-11-05 16:32:57.188 [info] > git for-each-ref --format=%(refname)%00%(upstream:short)%00%(objectname)%00%(upstream:track)%00%(upstream:remotename)%00%(upstream:remoteref) refs/heads/main refs/remotes/main [2ms]
2023-11-05 16:32:57.202 [info] > git status -z -uall [2ms]
2023-11-05 16:33:27.181 [info] > git config --get commit.template [11ms]
2023-11-05 16:33:27.182 [info] > git for-each-ref --format=%(refname)%00%(upstream:short)%00%(objectname)%00%(upstream:track)%00%(upstream:remotename)%00%(upstream:remoteref) refs/heads/main refs/remotes/main [2ms]
2023-11-05 16:33:27.189 [info] > git status -z -uall [1ms]
2023-11-05 16:33:27.201 [info] > git ls-files --stage -- /home/tommi/honeygain-systemd-service/install.sh [1ms]
2023-11-05 16:33:27.208 [info] > git cat-file -s 52249ea159aa55309eec244a9244d632e24ff912 [1ms]
2023-11-05 16:33:27.216 [info] > git show --textconv :install.sh [1ms]
2023-11-05 16:34:28.518 [info] > git config --get commit.template [11ms]
2023-11-05 16:34:28.519 [info] > git for-each-ref --format=%(refname)%00%(upstream:short)%00%(objectname)%00%(upstream:track)%00%(upstream:remotename)%00%(upstream:remoteref) refs/heads/main refs/remotes/main [1ms]
2023-11-05 16:34:28.526 [info] > git status -z -uall [1ms]
2023-11-05 16:34:56.122 [info] > git config --get commit.template [15ms]
2023-11-05 16:34:56.125 [info] > git for-each-ref --format=%(refname)%00%(upstream:short)%00%(objectname)%00%(upstream:track)%00%(upstream:remotename)%00%(upstream:remoteref) refs/heads/main refs/remotes/main [3ms]
2023-11-05 16:34:56.144 [info] > git status -z -uall [3ms]
2023-11-05 16:35:07.621 [info] > git config --get commit.template [17ms]
2023-11-05 16:35:07.631 [info] > git ls-files --stage -- /home/tommi/honeygain-systemd-service/install.sh [13ms]
2023-11-05 16:35:07.640 [info] > git for-each-ref --format=%(refname)%00%(upstream:short)%00%(objectname)%00%(upstream:track)%00%(upstream:remotename)%00%(upstream:remoteref) refs/heads/main refs/remotes/main [10ms]
2023-11-05 16:35:07.647 [info] > git cat-file -s 0fe80f131909700d68158c8032d381aa02e46e91 [8ms]
2023-11-05 16:35:07.648 [info] > git status -z -uall [1ms]
2023-11-05 16:35:07.666 [info] > git show --textconv :install.sh [4ms]
2023-11-05 16:35:12.678 [info] > git config --get commit.template [14ms]
2023-11-05 16:35:12.679 [info] > git for-each-ref --format=%(refname)%00%(upstream:short)%00%(objectname)%00%(upstream:track)%00%(upstream:remotename)%00%(upstream:remoteref) refs/heads/main refs/remotes/main [2ms]
2023-11-05 16:35:12.691 [info] > git status -z -uall [1ms]
2023-11-05 16:38:05.067 [info] > git config --get commit.template [19ms]
2023-11-05 16:38:05.069 [info] > git for-each-ref --format=%(refname)%00%(upstream:short)%00%(objectname)%00%(upstream:track)%00%(upstream:remotename)%00%(upstream:remoteref) refs/heads/main refs/remotes/main [3ms]
2023-11-05 16:38:05.087 [info] > git status -z -uall [3ms]
2023-11-05 16:38:16.293 [info] > git config --get commit.template [8ms]
2023-11-05 16:38:16.300 [info] > git ls-files --stage -- /home/tommi/honeygain-systemd-service/install.sh [8ms]
2023-11-05 16:38:16.306 [info] > git for-each-ref --format=%(refname)%00%(upstream:short)%00%(objectname)%00%(upstream:track)%00%(upstream:remotename)%00%(upstream:remoteref) refs/heads/main refs/remotes/main [7ms]
2023-11-05 16:38:16.313 [info] > git cat-file -s 5707a40457f05d1e240cd44501a177bf3f25b211 [7ms]
2023-11-05 16:38:16.314 [info] > git status -z -uall [2ms]
2023-11-05 16:38:16.330 [info] > git show --textconv :install.sh [2ms]
2023-11-05 16:38:21.347 [info] > git config --get commit.template [10ms]
2023-11-05 16:38:21.348 [info] > git for-each-ref --format=%(refname)%00%(upstream:short)%00%(objectname)%00%(upstream:track)%00%(upstream:remotename)%00%(upstream:remoteref) refs/heads/main refs/remotes/main [1ms]
2023-11-05 16:38:21.359 [info] > git status -z -uall [2ms]
2023-11-05 16:41:09.295 [info] > git config --get commit.template [10ms]
2023-11-05 16:41:09.295 [info] > git for-each-ref --format=%(refname)%00%(upstream:short)%00%(objectname)%00%(upstream:track)%00%(upstream:remotename)%00%(upstream:remoteref) refs/heads/main refs/remotes/main [0ms]
2023-11-05 16:41:09.306 [info] > git status -z -uall [2ms]
2023-11-05 16:41:30.645 [info] > git config --get commit.template [9ms]
2023-11-05 16:41:30.652 [info] > git ls-files --stage -- /home/tommi/honeygain-systemd-service/install.sh [8ms]
2023-11-05 16:41:30.659 [info] > git for-each-ref --format=%(refname)%00%(upstream:short)%00%(objectname)%00%(upstream:track)%00%(upstream:remotename)%00%(upstream:remoteref) refs/heads/main refs/remotes/main [7ms]
2023-11-05 16:41:30.666 [info] > git cat-file -s 5a8886d4ede9b891029ee8bd9db4f68e2e188e7b [8ms]
2023-11-05 16:41:30.667 [info] > git status -z -uall [1ms]
2023-11-05 16:41:30.681 [info] > git show --textconv :install.sh [2ms]
2023-11-05 16:42:54.512 [info] > git config --get commit.template [15ms]
2023-11-05 16:42:54.513 [info] > git for-each-ref --format=%(refname)%00%(upstream:short)%00%(objectname)%00%(upstream:track)%00%(upstream:remotename)%00%(upstream:remoteref) refs/heads/main refs/remotes/main [1ms]
2023-11-05 16:42:54.525 [info] > git status -z -uall [3ms]
2023-11-05 16:44:29.767 [info] > git config --get commit.template [26ms]
2023-11-05 16:44:29.769 [info] > git for-each-ref --format=%(refname)%00%(upstream:short)%00%(objectname)%00%(upstream:track)%00%(upstream:remotename)%00%(upstream:remoteref) refs/heads/main refs/remotes/main [4ms]
2023-11-05 16:44:29.784 [info] > git status -z -uall [3ms]
2023-11-05 16:44:41.184 [info] > git config --get commit.template [25ms]
2023-11-05 16:44:41.185 [info] > git for-each-ref --format=%(refname)%00%(upstream:short)%00%(objectname)%00%(upstream:track)%00%(upstream:remotename)%00%(upstream:remoteref) refs/heads/main refs/remotes/main [2ms]
2023-11-05 16:44:41.194 [info] > git ls-files --stage -- /home/tommi/honeygain-systemd-service/install.sh [22ms]
2023-11-05 16:44:41.200 [info] > git status -z -uall [6ms]
2023-11-05 16:44:41.204 [info] > git cat-file -s de55a763cde539c1e5f97062b020f6ecceba4bc0 [4ms]
2023-11-05 16:44:41.219 [info] > git show --textconv :install.sh [1ms]
2023-11-05 16:44:47.280 [info] > git config --get commit.template [19ms]
2023-11-05 16:44:47.282 [info] > git for-each-ref --format=%(refname)%00%(upstream:short)%00%(objectname)%00%(upstream:track)%00%(upstream:remotename)%00%(upstream:remoteref) refs/heads/main refs/remotes/main [4ms]
2023-11-05 16:44:47.298 [info] > git status -z -uall [1ms]
