ERROR: ld.so: object '/home/tommi/.local/share/Steam/ubuntu12_32/gameoverlayrenderer.so' from LD_PRELOAD cannot be preloaded (wrong ELF class: ELFCLASS32): ignored.
ERROR: ld.so: object '/home/tommi/.local/share/Steam/ubuntu12_32/gameoverlayrenderer.so' from LD_PRELOAD cannot be preloaded (wrong ELF class: ELFCLASS32): ignored.
fsync: up and running.
wine: Using setpriority to control niceness in the [-11,11] range
[2023-04-24 17:37:54.056] [MANGOHUD] [info] [config.cpp:118] skipping config: '/home/tommi/.config/MangoHud/wine-explorer.conf' [ not found ]
[2023-04-24 17:37:54.056] [MANGOHUD] [info] [config.cpp:118] skipping config: '/media/games/SteamLibrary/steamapps/common/Proton 8.0/dist/bin/MangoHud.conf' [ not found ]
[2023-04-24 17:37:54.056] [MANGOHUD] [info] [config.cpp:118] skipping config: '/home/tommi/.config/MangoHud/wine64-preloader.conf' [ not found ]
[2023-04-24 17:37:54.056] [MANGOHUD] [info] [config.cpp:118] skipping config: '/home/tommi/.config/MangoHud/MangoHud.conf' [ not found ]
sh: 1: glxinfo: not found
[2023-04-24 17:37:54.153] [MANGOHUD] [info] [config.cpp:118] skipping config: '/home/tommi/.config/MangoHud/wine-explorer.conf' [ not found ]
[2023-04-24 17:37:54.153] [MANGOHUD] [info] [config.cpp:118] skipping config: '/media/games/SteamLibrary/steamapps/common/Proton 8.0/dist/bin/MangoHud.conf' [ not found ]
[2023-04-24 17:37:54.153] [MANGOHUD] [info] [config.cpp:118] skipping config: '/home/tommi/.config/MangoHud/wine64-preloader.conf' [ not found ]
[2023-04-24 17:37:54.153] [MANGOHUD] [info] [config.cpp:118] skipping config: '/home/tommi/.config/MangoHud/MangoHud.conf' [ not found ]
sh: 1: glxinfo: not found
[2023-04-24 17:37:54.413] [MANGOHUD] [info] [config.cpp:118] skipping config: '/home/tommi/.config/MangoHud/wine-tabtip.conf' [ not found ]
[2023-04-24 17:37:54.413] [MANGOHUD] [info] [config.cpp:118] skipping config: '/media/games/SteamLibrary/steamapps/common/Proton 8.0/dist/bin/MangoHud.conf' [ not found ]
[2023-04-24 17:37:54.413] [MANGOHUD] [info] [config.cpp:118] skipping config: '/home/tommi/.config/MangoHud/wine64-preloader.conf' [ not found ]
[2023-04-24 17:37:54.413] [MANGOHUD] [info] [config.cpp:118] skipping config: '/home/tommi/.config/MangoHud/MangoHud.conf' [ not found ]
[2023-04-24 17:37:54.415] [MANGOHUD] [info] [config.cpp:118] skipping config: '/home/tommi/.config/MangoHud/wine-steam.conf' [ not found ]
[2023-04-24 17:37:54.415] [MANGOHUD] [info] [config.cpp:118] skipping config: '/media/games/SteamLibrary/steamapps/common/Proton 8.0/dist/bin/MangoHud.conf' [ not found ]
[2023-04-24 17:37:54.415] [MANGOHUD] [info] [config.cpp:118] skipping config: '/home/tommi/.config/MangoHud/wine64-preloader.conf' [ not found ]
[2023-04-24 17:37:54.415] [MANGOHUD] [info] [config.cpp:118] skipping config: '/home/tommi/.config/MangoHud/MangoHud.conf' [ not found ]
sh: 1: glxinfo: not found
sh: 1: glxinfo: not found
Setting breakpad minidump AppID = 638970
Steam_SetMinidumpSteamID:  Caching Steam ID:  76561198817292831 [API loaded no]
[2023-04-24 17:37:54.543] [MANGOHUD] [info] [config.cpp:118] skipping config: '/home/tommi/.config/MangoHud/wine-tabtip.conf' [ not found ]
[2023-04-24 17:37:54.543] [MANGOHUD] [info] [config.cpp:118] skipping config: '/media/games/SteamLibrary/steamapps/common/Proton 8.0/dist/bin/MangoHud.conf' [ not found ]
[2023-04-24 17:37:54.543] [MANGOHUD] [info] [config.cpp:118] skipping config: '/home/tommi/.config/MangoHud/wine64-preloader.conf' [ not found ]
[2023-04-24 17:37:54.543] [MANGOHUD] [info] [config.cpp:118] skipping config: '/home/tommi/.config/MangoHud/MangoHud.conf' [ not found ]
[2023-04-24 17:37:54.546] [MANGOHUD] [info] [config.cpp:118] skipping config: '/home/tommi/.config/MangoHud/wine-steam.conf' [ not found ]
[2023-04-24 17:37:54.546] [MANGOHUD] [info] [config.cpp:118] skipping config: '/media/games/SteamLibrary/steamapps/common/Proton 8.0/dist/bin/MangoHud.conf' [ not found ]
[2023-04-24 17:37:54.546] [MANGOHUD] [info] [config.cpp:118] skipping config: '/home/tommi/.config/MangoHud/wine64-preloader.conf' [ not found ]
[2023-04-24 17:37:54.546] [MANGOHUD] [info] [config.cpp:118] skipping config: '/home/tommi/.config/MangoHud/MangoHud.conf' [ not found ]
sh: 1: glxinfo: not found
sh: 1: glxinfo: not found
[2023-04-24 17:37:54.810] [MANGOHUD] [info] [config.cpp:118] skipping config: '/home/tommi/.config/MangoHud/wine-Yakuza0.conf' [ not found ]
[2023-04-24 17:37:54.810] [MANGOHUD] [info] [config.cpp:118] skipping config: '/media/games/SteamLibrary/steamapps/common/Proton 8.0/dist/bin/MangoHud.conf' [ not found ]
[2023-04-24 17:37:54.810] [MANGOHUD] [info] [config.cpp:118] skipping config: '/home/tommi/.config/MangoHud/wine64-preloader.conf' [ not found ]
[2023-04-24 17:37:54.810] [MANGOHUD] [info] [config.cpp:118] skipping config: '/home/tommi/.config/MangoHud/MangoHud.conf' [ not found ]
sh: 1: glxinfo: not found
[2023-04-24 17:37:55.082] [MANGOHUD] [info] [config.cpp:118] skipping config: '/home/tommi/.config/MangoHud/wine-Yakuza0.conf' [ not found ]
[2023-04-24 17:37:55.082] [MANGOHUD] [info] [config.cpp:118] skipping config: '/media/games/SteamLibrary/steamapps/common/Proton 8.0/dist/bin/MangoHud.conf' [ not found ]
[2023-04-24 17:37:55.082] [MANGOHUD] [info] [config.cpp:118] skipping config: '/home/tommi/.config/MangoHud/wine64-preloader.conf' [ not found ]
[2023-04-24 17:37:55.082] [MANGOHUD] [info] [config.cpp:118] skipping config: '/home/tommi/.config/MangoHud/MangoHud.conf' [ not found ]
sh: 1: glxinfo: not found
Setting breakpad minidump AppID = 638970
Steam_SetMinidumpSteamID:  Caching Steam ID:  76561198817292831 [API loaded no]
[2023-04-24 17:37:55.718] [MANGOHUD] [info] [config.cpp:118] skipping config: '/home/tommi/.config/MangoHud/wine-Yakuza0.conf' [ not found ]
[2023-04-24 17:37:55.718] [MANGOHUD] [info] [config.cpp:118] skipping config: '/media/games/SteamLibrary/steamapps/common/Proton 8.0/dist/bin/MangoHud.conf' [ not found ]
[2023-04-24 17:37:55.718] [MANGOHUD] [info] [config.cpp:118] skipping config: '/home/tommi/.config/MangoHud/wine64-preloader.conf' [ not found ]
[2023-04-24 17:37:55.718] [MANGOHUD] [info] [config.cpp:118] skipping config: '/home/tommi/.config/MangoHud/MangoHud.conf' [ not found ]
sh: 1: glxinfo: not found
[2023-04-24 17:37:55.769] [MANGOHUD] [info] [overlay.cpp:808] Uploading is disabled (permit_upload = 0)
Fossilize INFO: Overriding serialization path: "/media/games/SteamLibrary/steamapps/shadercache/638970/fozpipelinesv6/steamapprun_pipeline_cache".
[2023-04-24 17:37:56.181] [MANGOHUD] [info] [config.cpp:118] skipping config: '/home/tommi/.config/MangoHud/wine-Yakuza0.conf' [ not found ]
[2023-04-24 17:37:56.181] [MANGOHUD] [info] [config.cpp:118] skipping config: '/media/games/SteamLibrary/steamapps/common/Proton 8.0/dist/bin/MangoHud.conf' [ not found ]
[2023-04-24 17:37:56.181] [MANGOHUD] [info] [config.cpp:118] skipping config: '/home/tommi/.config/MangoHud/wine64-preloader.conf' [ not found ]
[2023-04-24 17:37:56.181] [MANGOHUD] [info] [config.cpp:118] skipping config: '/home/tommi/.config/MangoHud/MangoHud.conf' [ not found ]
sh: 1: glxinfo: not found
[2023-04-24 17:37:56.564] [MANGOHUD] [info] [config.cpp:118] skipping config: '/home/tommi/.config/MangoHud/wine-Yakuza0.conf' [ not found ]
[2023-04-24 17:37:56.564] [MANGOHUD] [info] [config.cpp:118] skipping config: '/media/games/SteamLibrary/steamapps/common/Proton 8.0/dist/bin/MangoHud.conf' [ not found ]
[2023-04-24 17:37:56.564] [MANGOHUD] [info] [config.cpp:118] skipping config: '/home/tommi/.config/MangoHud/wine64-preloader.conf' [ not found ]
[2023-04-24 17:37:56.564] [MANGOHUD] [info] [config.cpp:118] skipping config: '/home/tommi/.config/MangoHud/MangoHud.conf' [ not found ]
sh: 1: glxinfo: not found
[2023-04-24 17:37:56.938] [MANGOHUD] [info] [config.cpp:118] skipping config: '/home/tommi/.config/MangoHud/wine-Yakuza0.conf' [ not found ]
[2023-04-24 17:37:56.938] [MANGOHUD] [info] [config.cpp:118] skipping config: '/media/games/SteamLibrary/steamapps/common/Proton 8.0/dist/bin/MangoHud.conf' [ not found ]
[2023-04-24 17:37:56.938] [MANGOHUD] [info] [config.cpp:118] skipping config: '/home/tommi/.config/MangoHud/wine64-preloader.conf' [ not found ]
[2023-04-24 17:37:56.938] [MANGOHUD] [info] [config.cpp:118] skipping config: '/home/tommi/.config/MangoHud/MangoHud.conf' [ not found ]
sh: 1: glxinfo: not found
[2023-04-24 17:37:57.314] [MANGOHUD] [info] [config.cpp:118] skipping config: '/home/tommi/.config/MangoHud/wine-Yakuza0.conf' [ not found ]
[2023-04-24 17:37:57.314] [MANGOHUD] [info] [config.cpp:118] skipping config: '/media/games/SteamLibrary/steamapps/common/Proton 8.0/dist/bin/MangoHud.conf' [ not found ]
[2023-04-24 17:37:57.314] [MANGOHUD] [info] [config.cpp:118] skipping config: '/home/tommi/.config/MangoHud/wine64-preloader.conf' [ not found ]
[2023-04-24 17:37:57.314] [MANGOHUD] [info] [config.cpp:118] skipping config: '/home/tommi/.config/MangoHud/MangoHud.conf' [ not found ]
sh: 1: glxinfo: not found
[2023-04-24 17:37:57.338] [MANGOHUD] [info] [overlay.cpp:808] Uploading is disabled (permit_upload = 0)
Fossilize INFO: Overriding serialization path: "/media/games/SteamLibrary/steamapps/shadercache/638970/fozpipelinesv6/steamapprun_pipeline_cache".
