2023-11-05 16:10:31.130 [info] Log level: Info
2023-11-05 16:10:31.130 [info] Validating found git in: "git"
2023-11-05 16:10:31.130 [info] Using git "2.41.0" from "git"
2023-11-05 16:10:31.130 [info] > git rev-parse --show-toplevel [2ms]
2023-11-05 16:10:31.130 [info] > git rev-parse --git-dir --git-common-dir [1ms]
2023-11-05 16:10:31.130 [info] Open repository: /home/tommi/honeygain-systemd-service
2023-11-05 16:10:31.137 [info] > git config --get commit.template [2ms]
2023-11-05 16:10:31.143 [info] > git for-each-ref --format=%(refname)%00%(upstream:short)%00%(objectname)%00%(upstream:track)%00%(upstream:remotename)%00%(upstream:remoteref) refs/heads/main refs/remotes/main [1ms]
2023-11-05 16:10:31.149 [info] > git status -z -uall [3ms]
2023-11-05 16:10:31.157 [info] > git config --get commit.template [1ms]
2023-11-05 16:10:31.164 [info] > git for-each-ref --format=%(refname)%00%(upstream:short)%00%(objectname)%00%(upstream:track)%00%(upstream:remotename)%00%(upstream:remoteref) refs/heads/main refs/remotes/main [3ms]
2023-11-05 16:10:31.173 [info] > git status -z -uall [2ms]
2023-11-05 16:10:31.750 [info] > git check-ignore -v -z --stdin [3ms]
2023-11-05 16:10:31.767 [info] > git show --textconv :install.sh [11ms]
2023-11-05 16:10:31.767 [info] > git ls-files --stage -- /home/tommi/honeygain-systemd-service/install.sh [6ms]
2023-11-05 16:10:31.782 [info] > git cat-file -s ae1d8a0d4a66598b79a15d3f6da3124f23773bc9 [10ms]
2023-11-05 16:11:33.472 [info] > git config --get commit.template [14ms]
2023-11-05 16:11:33.473 [info] > git for-each-ref --format=%(refname)%00%(upstream:short)%00%(objectname)%00%(upstream:track)%00%(upstream:remotename)%00%(upstream:remoteref) refs/heads/main refs/remotes/main [2ms]
2023-11-05 16:11:33.487 [info] > git status -z -uall [7ms]
2023-11-05 16:11:33.494 [info] > git ls-files --stage -- /home/tommi/honeygain-systemd-service/install.sh [8ms]
2023-11-05 16:11:33.502 [info] > git cat-file -s ae1d8a0d4a66598b79a15d3f6da3124f23773bc9 [1ms]
2023-11-05 16:11:33.513 [info] > git show --textconv :install.sh [1ms]
2023-11-05 16:11:38.518 [info] > git config --get commit.template [14ms]
2023-11-05 16:11:38.518 [info] > git for-each-ref --format=%(refname)%00%(upstream:short)%00%(objectname)%00%(upstream:track)%00%(upstream:remotename)%00%(upstream:remoteref) refs/heads/main refs/remotes/main [1ms]
2023-11-05 16:11:38.530 [info] > git status -z -uall [2ms]
2023-11-05 16:21:35.194 [info] > git config --get commit.template [16ms]
2023-11-05 16:21:35.195 [info] > git for-each-ref --format=%(refname)%00%(upstream:short)%00%(objectname)%00%(upstream:track)%00%(upstream:remotename)%00%(upstream:remoteref) refs/heads/main refs/remotes/main [3ms]
2023-11-05 16:21:35.205 [info] > git status -z -uall [2ms]
2023-11-05 16:22:06.819 [info] > git config --get commit.template [8ms]
2023-11-05 16:22:06.819 [info] > git for-each-ref --format=%(refname)%00%(upstream:short)%00%(objectname)%00%(upstream:track)%00%(upstream:remotename)%00%(upstream:remoteref) refs/heads/main refs/remotes/main [1ms]
2023-11-05 16:22:06.828 [info] > git status -z -uall [1ms]
2023-11-05 16:25:39.646 [info] > git config --get commit.template [16ms]
2023-11-05 16:25:39.647 [info] > git for-each-ref --format=%(refname)%00%(upstream:short)%00%(objectname)%00%(upstream:track)%00%(upstream:remotename)%00%(upstream:remoteref) refs/heads/main refs/remotes/main [2ms]
2023-11-05 16:25:39.657 [info] > git status -z -uall [2ms]
