2023-11-05 16:08:50.484 [info] Reading sessions from keychain...
2023-11-05 16:08:50.484 [info] Getting sessions for all scopes...
2023-11-05 16:08:50.484 [info] Getting sessions for all scopes...
2023-11-05 16:08:50.484 [info] Got stored sessions!
2023-11-05 16:08:50.484 [info] Got 1 verified sessions.
2023-11-05 16:08:50.484 [info] Got 1 sessions for ...
2023-11-05 16:08:50.484 [info] Got 1 sessions for ...
2023-11-05 16:08:50.484 [info] Getting sessions for read:user,repo,user:email,workflow...
2023-11-05 16:08:50.484 [info] Got 0 sessions for read:user,repo,user:email,workflow...
2023-11-05 16:08:51.037 [info] Getting sessions for read:user...
2023-11-05 16:08:51.037 [info] Got 0 sessions for read:user...
2023-11-05 16:08:51.055 [info] Getting sessions for user:email...
2023-11-05 16:08:51.055 [info] Got 1 sessions for user:email...
2023-11-05 16:08:51.118 [info] Getting sessions for user:email...
2023-11-05 16:08:51.118 [info] Got 1 sessions for user:email...
2023-11-05 16:08:51.557 [info] Getting sessions for user:email...
2023-11-05 16:08:51.558 [info] Got 1 sessions for user:email...
2023-11-05 16:08:51.567 [info] Getting sessions for user:email...
2023-11-05 16:08:51.567 [info] Got 1 sessions for user:email...
2023-11-05 16:09:05.534 [info] Getting sessions for user:email...
2023-11-05 16:09:05.534 [info] Got 1 sessions for user:email...
