2023-11-05 16:27:11.759 [info] Reading sessions from keychain...
2023-11-05 16:27:11.759 [info] Getting sessions for all scopes...
2023-11-05 16:27:11.759 [info] Got stored sessions!
2023-11-05 16:27:11.759 [info] Got 1 verified sessions.
2023-11-05 16:27:11.759 [info] Got 1 sessions for ...
2023-11-05 16:27:11.759 [info] Getting sessions for read:user,repo,user:email,workflow...
2023-11-05 16:27:11.759 [info] Got 0 sessions for read:user,repo,user:email,workflow...
2023-11-05 16:27:11.765 [info] Getting sessions for all scopes...
2023-11-05 16:27:11.765 [info] Got 1 sessions for ...
2023-11-05 16:27:12.299 [info] Getting sessions for all scopes...
2023-11-05 16:27:12.299 [info] Got 1 sessions for ...
2023-11-05 16:27:12.332 [info] Getting sessions for read:user...
2023-11-05 16:27:12.333 [info] Got 0 sessions for read:user...
2023-11-05 16:27:12.360 [info] Getting sessions for user:email...
2023-11-05 16:27:12.361 [info] Got 1 sessions for user:email...
2023-11-05 16:27:12.442 [info] Getting sessions for user:email...
2023-11-05 16:27:12.442 [info] Got 1 sessions for user:email...
2023-11-05 16:27:12.872 [info] Getting sessions for user:email...
2023-11-05 16:27:12.872 [info] Got 1 sessions for user:email...
2023-11-05 16:27:12.883 [info] Getting sessions for user:email...
2023-11-05 16:27:12.883 [info] Got 1 sessions for user:email...
2023-11-05 16:31:27.772 [info] Getting sessions for user:email...
2023-11-05 16:31:27.772 [info] Got 1 sessions for user:email...
