[2023-07-19 19:09:29.408][verbose] Chromium sandbox is enabled
[2023-07-19 19:09:29.411][info] Running version 2023.4
[2023-07-19 19:09:29.525][info] Detected locale: en-GB
[2023-07-19 19:09:29.574][info] Connected to the daemon
[2023-07-19 19:09:29.633][warning] Failed to fetch account data. Retrying in 8000 ms
[2023-07-19 19:09:29.633][warning] Failed to update device info: 14 UNAVAILABLE: Cannot reach the API
[2023-07-19 19:09:29.681][info] Skip autoconnect because GUI setting is disabled
[2023-07-19 19:09:29.916][error] Failed to check autostart file: ENOENT: no such file or directory, access '/home/tommi/.config/autostart/mullvad-vpn.desktop'
[2023-07-19 19:09:30.162][warning] Failed to fetch account data. Retrying in 8000 ms
[2023-07-19 19:09:38.168][warning] Failed to fetch account data. Retrying in 16000 ms
[2023-07-19 19:09:54.177][warning] Failed to fetch account data. Retrying in 32000 ms
[2023-07-19 19:10:26.181][warning] Failed to fetch account data. Retrying in 64000 ms
[2023-07-19 20:09:29.580][verbose] GRPC Channel connectivity state changed to 2
[2023-07-19 21:09:29.583][verbose] GRPC Channel connectivity state changed to 2
[2023-07-19 22:09:29.593][verbose] GRPC Channel connectivity state changed to 2
[2023-07-19 23:09:29.599][verbose] GRPC Channel connectivity state changed to 2
[2023-07-19 23:30:18.482][info] before-quit received
[2023-07-19 23:30:18.482][info] Quit initiated
[2023-07-19 23:30:18.482][info] Unsubscribed from the daemon events
[2023-07-19 23:30:18.483][verbose] GRPC Channel connectivity state changed to 4
