2023-11-05 16:10:31.215 [info] Reading sessions from keychain...
2023-11-05 16:10:31.215 [info] Getting sessions for all scopes...
2023-11-05 16:10:31.217 [info] Getting sessions for read:user,repo,user:email,workflow...
2023-11-05 16:10:31.217 [info] Got stored sessions!
2023-11-05 16:10:31.217 [info] Got 1 verified sessions.
2023-11-05 16:10:31.217 [info] Got 1 sessions for ...
2023-11-05 16:10:31.217 [info] Got 0 sessions for read:user,repo,user:email,workflow...
2023-11-05 16:10:31.767 [info] Getting sessions for read:user...
2023-11-05 16:10:31.767 [info] Got 0 sessions for read:user...
2023-11-05 16:10:31.796 [info] Getting sessions for user:email...
2023-11-05 16:10:31.796 [info] Got 1 sessions for user:email...
2023-11-05 16:10:31.860 [info] Getting sessions for user:email...
2023-11-05 16:10:31.861 [info] Got 1 sessions for user:email...
2023-11-05 16:10:32.278 [info] Getting sessions for user:email...
2023-11-05 16:10:32.278 [info] Got 1 sessions for user:email...
2023-11-05 16:10:32.283 [info] Getting sessions for user:email...
2023-11-05 16:10:32.284 [info] Got 1 sessions for user:email...
2023-11-05 16:10:37.138 [info] Getting sessions for all scopes...
2023-11-05 16:10:37.138 [info] Got 1 sessions for ...
2023-11-05 16:11:52.547 [info] Getting sessions for user:email...
2023-11-05 16:11:52.547 [info] Got 1 sessions for user:email...
